{"/Users/solomon/Desktop/Projects/Projects/home_workout_app/server/src/config/database.ts":{"path":"/Users/solomon/Desktop/Projects/Projects/home_workout_app/server/src/config/database.ts","statementMap":{"0":{"start":{"line":3,"column":0},"end":{"line":3,"column":16}},"1":{"start":{"line":6,"column":0},"end":{"line":8,"column":26}},"2":{"start":{"line":10,"column":1},"end":{"line":12,"column":1}},"3":{"start":{"line":11,"column":2},"end":{"line":11,"column":43}},"4":{"start":{"line":14,"column":18},"end":{"line":18,"column":2}}},"fnMap":{},"branchMap":{"0":{"loc":{"start":{"line":6,"column":0},"end":{"line":8,"column":26}},"type":"cond-expr","locations":[{"start":{"line":7,"column":2},"end":{"line":7,"column":31}},{"start":{"line":8,"column":2},"end":{"line":8,"column":26}}],"line":6},"1":{"loc":{"start":{"line":10,"column":1},"end":{"line":12,"column":1}},"type":"if","locations":[{"start":{"line":10,"column":1},"end":{"line":12,"column":1}},{"start":{},"end":{}}],"line":10}},"s":{"0":0,"1":0,"2":0,"3":0,"4":0},"f":{},"b":{"0":[0,0],"1":[0,0]},"all":true},"/Users/solomon/Desktop/Projects/Projects/home_workout_app/server/src/controllers/exerciseController.ts":{"path":"/Users/solomon/Desktop/Projects/Projects/home_workout_app/server/src/controllers/exerciseController.ts","statementMap":{"0":{"start":{"line":7,"column":35},"end":{"line":7,"column":45}},"1":{"start":{"line":9,"column":4},"end":{"line":11,"column":5}},"2":{"start":{"line":10,"column":6},"end":{"line":10,"column":78}},"3":{"start":{"line":13,"column":4},"end":{"line":25,"column":5}},"4":{"start":{"line":14,"column":29},"end":{"line":17,"column":8}},"5":{"start":{"line":19,"column":6},"end":{"line":19,"column":50}},"6":{"start":{"line":21,"column":6},"end":{"line":21,"column":69}},"7":{"start":{"line":22,"column":6},"end":{"line":24,"column":9}},"8":{"start":{"line":32,"column":35},"end":{"line":32,"column":45}},"9":{"start":{"line":34,"column":4},"end":{"line":36,"column":5}},"10":{"start":{"line":35,"column":6},"end":{"line":35,"column":78}},"11":{"start":{"line":38,"column":4},"end":{"line":50,"column":5}},"12":{"start":{"line":39,"column":29},"end":{"line":42,"column":8}},"13":{"start":{"line":44,"column":6},"end":{"line":44,"column":50}},"14":{"start":{"line":46,"column":6},"end":{"line":46,"column":69}},"15":{"start":{"line":47,"column":6},"end":{"line":49,"column":9}},"16":{"start":{"line":54,"column":35},"end":{"line":54,"column":45}},"17":{"start":{"line":56,"column":4},"end":{"line":58,"column":5}},"18":{"start":{"line":57,"column":6},"end":{"line":57,"column":70}},"19":{"start":{"line":60,"column":4},"end":{"line":72,"column":5}},"20":{"start":{"line":61,"column":30},"end":{"line":64,"column":8}},"21":{"start":{"line":66,"column":6},"end":{"line":66,"column":51}},"22":{"start":{"line":68,"column":6},"end":{"line":68,"column":69}},"23":{"start":{"line":69,"column":6},"end":{"line":71,"column":9}},"24":{"start":{"line":79,"column":38},"end":{"line":79,"column":48}},"25":{"start":{"line":81,"column":4},"end":{"line":85,"column":5}},"26":{"start":{"line":82,"column":6},"end":{"line":84,"column":61}},"27":{"start":{"line":87,"column":4},"end":{"line":98,"column":5}},"28":{"start":{"line":88,"column":30},"end":{"line":91,"column":8}},"29":{"start":{"line":92,"column":6},"end":{"line":92,"column":51}},"30":{"start":{"line":94,"column":6},"end":{"line":94,"column":69}},"31":{"start":{"line":95,"column":6},"end":{"line":97,"column":9}},"32":{"start":{"line":102,"column":4},"end":{"line":108,"column":5}},"33":{"start":{"line":103,"column":23},"end":{"line":103,"column":69}},"34":{"start":{"line":104,"column":6},"end":{"line":104,"column":44}},"35":{"start":{"line":106,"column":6},"end":{"line":106,"column":63}},"36":{"start":{"line":107,"column":6},"end":{"line":107,"column":62}},"37":{"start":{"line":112,"column":17},"end":{"line":112,"column":60}},"38":{"start":{"line":113,"column":18},"end":{"line":113,"column":63}},"39":{"start":{"line":115,"column":4},"end":{"line":121,"column":5}},"40":{"start":{"line":116,"column":21},"end":{"line":116,"column":71}},"41":{"start":{"line":117,"column":6},"end":{"line":117,"column":42}},"42":{"start":{"line":119,"column":6},"end":{"line":119,"column":64}},"43":{"start":{"line":120,"column":6},"end":{"line":120,"column":69}},"44":{"start":{"line":128,"column":23},"end":{"line":128,"column":33}},"45":{"start":{"line":130,"column":17},"end":{"line":130,"column":60}},"46":{"start":{"line":131,"column":18},"end":{"line":131,"column":63}},"47":{"start":{"line":133,"column":4},"end":{"line":145,"column":5}},"48":{"start":{"line":134,"column":21},"end":{"line":138,"column":7}},"49":{"start":{"line":140,"column":6},"end":{"line":140,"column":42}},"50":{"start":{"line":142,"column":6},"end":{"line":142,"column":69}},"51":{"start":{"line":144,"column":6},"end":{"line":144,"column":62}},"52":{"start":{"line":149,"column":4},"end":{"line":166,"column":5}},"53":{"start":{"line":150,"column":21},"end":{"line":150,"column":31}},"54":{"start":{"line":152,"column":6},"end":{"line":154,"column":7}},"55":{"start":{"line":153,"column":8},"end":{"line":153,"column":72}},"56":{"start":{"line":156,"column":23},"end":{"line":156,"column":64}},"57":{"start":{"line":158,"column":6},"end":{"line":160,"column":7}},"58":{"start":{"line":159,"column":8},"end":{"line":159,"column":71}},"59":{"start":{"line":162,"column":6},"end":{"line":162,"column":44}},"60":{"start":{"line":164,"column":6},"end":{"line":164,"column":64}},"61":{"start":{"line":165,"column":6},"end":{"line":165,"column":69}},"62":{"start":{"line":170,"column":4},"end":{"line":184,"column":5}},"63":{"start":{"line":171,"column":21},"end":{"line":171,"column":31}},"64":{"start":{"line":172,"column":6},"end":{"line":174,"column":7}},"65":{"start":{"line":173,"column":8},"end":{"line":173,"column":72}},"66":{"start":{"line":176,"column":23},"end":{"line":176,"column":73}},"67":{"start":{"line":177,"column":6},"end":{"line":179,"column":7}},"68":{"start":{"line":178,"column":8},"end":{"line":178,"column":71}},"69":{"start":{"line":180,"column":6},"end":{"line":180,"column":44}},"70":{"start":{"line":182,"column":6},"end":{"line":182,"column":63}},"71":{"start":{"line":183,"column":6},"end":{"line":183,"column":69}},"72":{"start":{"line":188,"column":4},"end":{"line":202,"column":5}},"73":{"start":{"line":189,"column":21},"end":{"line":189,"column":31}},"74":{"start":{"line":190,"column":6},"end":{"line":192,"column":7}},"75":{"start":{"line":191,"column":8},"end":{"line":191,"column":72}},"76":{"start":{"line":194,"column":22},"end":{"line":194,"column":62}},"77":{"start":{"line":195,"column":6},"end":{"line":197,"column":7}},"78":{"start":{"line":196,"column":8},"end":{"line":196,"column":71}},"79":{"start":{"line":198,"column":6},"end":{"line":198,"column":36}},"80":{"start":{"line":200,"column":6},"end":{"line":200,"column":63}},"81":{"start":{"line":201,"column":6},"end":{"line":201,"column":69}}},"fnMap":{"0":{"name":"(anonymous_0)","decl":{"start":{"line":6,"column":2},"end":{"line":6,"column":3}},"loc":{"start":{"line":6,"column":79},"end":{"line":26,"column":3}},"line":6},"1":{"name":"(anonymous_1)","decl":{"start":{"line":28,"column":2},"end":{"line":28,"column":3}},"loc":{"start":{"line":31,"column":23},"end":{"line":51,"column":3}},"line":31},"2":{"name":"(anonymous_2)","decl":{"start":{"line":53,"column":2},"end":{"line":53,"column":3}},"loc":{"start":{"line":53,"column":75},"end":{"line":73,"column":3}},"line":53},"3":{"name":"(anonymous_3)","decl":{"start":{"line":75,"column":2},"end":{"line":75,"column":3}},"loc":{"start":{"line":78,"column":23},"end":{"line":99,"column":3}},"line":78},"4":{"name":"(anonymous_4)","decl":{"start":{"line":101,"column":2},"end":{"line":101,"column":3}},"loc":{"start":{"line":101,"column":59},"end":{"line":109,"column":3}},"line":101},"5":{"name":"(anonymous_5)","decl":{"start":{"line":111,"column":2},"end":{"line":111,"column":3}},"loc":{"start":{"line":111,"column":60},"end":{"line":122,"column":3}},"line":111},"6":{"name":"(anonymous_6)","decl":{"start":{"line":124,"column":2},"end":{"line":124,"column":3}},"loc":{"start":{"line":127,"column":23},"end":{"line":146,"column":3}},"line":127},"7":{"name":"(anonymous_7)","decl":{"start":{"line":148,"column":2},"end":{"line":148,"column":3}},"loc":{"start":{"line":148,"column":60},"end":{"line":167,"column":3}},"line":148},"8":{"name":"(anonymous_8)","decl":{"start":{"line":169,"column":2},"end":{"line":169,"column":3}},"loc":{"start":{"line":169,"column":59},"end":{"line":185,"column":3}},"line":169},"9":{"name":"(anonymous_9)","decl":{"start":{"line":187,"column":2},"end":{"line":187,"column":3}},"loc":{"start":{"line":187,"column":59},"end":{"line":203,"column":3}},"line":187}},"branchMap":{"0":{"loc":{"start":{"line":9,"column":4},"end":{"line":11,"column":5}},"type":"if","locations":[{"start":{"line":9,"column":4},"end":{"line":11,"column":5}},{"start":{},"end":{}}],"line":9},"1":{"loc":{"start":{"line":9,"column":8},"end":{"line":9,"column":56}},"type":"binary-expr","locations":[{"start":{"line":9,"column":8},"end":{"line":9,"column":32}},{"start":{"line":9,"column":36},"end":{"line":9,"column":56}}],"line":9},"2":{"loc":{"start":{"line":34,"column":4},"end":{"line":36,"column":5}},"type":"if","locations":[{"start":{"line":34,"column":4},"end":{"line":36,"column":5}},{"start":{},"end":{}}],"line":34},"3":{"loc":{"start":{"line":34,"column":8},"end":{"line":34,"column":56}},"type":"binary-expr","locations":[{"start":{"line":34,"column":8},"end":{"line":34,"column":32}},{"start":{"line":34,"column":36},"end":{"line":34,"column":56}}],"line":34},"4":{"loc":{"start":{"line":56,"column":4},"end":{"line":58,"column":5}},"type":"if","locations":[{"start":{"line":56,"column":4},"end":{"line":58,"column":5}},{"start":{},"end":{}}],"line":56},"5":{"loc":{"start":{"line":81,"column":4},"end":{"line":85,"column":5}},"type":"if","locations":[{"start":{"line":81,"column":4},"end":{"line":85,"column":5}},{"start":{},"end":{}}],"line":81},"6":{"loc":{"start":{"line":81,"column":8},"end":{"line":81,"column":59}},"type":"binary-expr","locations":[{"start":{"line":81,"column":8},"end":{"line":81,"column":32}},{"start":{"line":81,"column":36},"end":{"line":81,"column":59}}],"line":81},"7":{"loc":{"start":{"line":112,"column":17},"end":{"line":112,"column":60}},"type":"binary-expr","locations":[{"start":{"line":112,"column":17},"end":{"line":112,"column":55}},{"start":{"line":112,"column":59},"end":{"line":112,"column":60}}],"line":112},"8":{"loc":{"start":{"line":113,"column":18},"end":{"line":113,"column":63}},"type":"binary-expr","locations":[{"start":{"line":113,"column":18},"end":{"line":113,"column":57}},{"start":{"line":113,"column":61},"end":{"line":113,"column":63}}],"line":113},"9":{"loc":{"start":{"line":130,"column":17},"end":{"line":130,"column":60}},"type":"binary-expr","locations":[{"start":{"line":130,"column":17},"end":{"line":130,"column":55}},{"start":{"line":130,"column":59},"end":{"line":130,"column":60}}],"line":130},"10":{"loc":{"start":{"line":131,"column":18},"end":{"line":131,"column":63}},"type":"binary-expr","locations":[{"start":{"line":131,"column":18},"end":{"line":131,"column":57}},{"start":{"line":131,"column":61},"end":{"line":131,"column":63}}],"line":131},"11":{"loc":{"start":{"line":152,"column":6},"end":{"line":154,"column":7}},"type":"if","locations":[{"start":{"line":152,"column":6},"end":{"line":154,"column":7}},{"start":{},"end":{}}],"line":152},"12":{"loc":{"start":{"line":158,"column":6},"end":{"line":160,"column":7}},"type":"if","locations":[{"start":{"line":158,"column":6},"end":{"line":160,"column":7}},{"start":{},"end":{}}],"line":158},"13":{"loc":{"start":{"line":172,"column":6},"end":{"line":174,"column":7}},"type":"if","locations":[{"start":{"line":172,"column":6},"end":{"line":174,"column":7}},{"start":{},"end":{}}],"line":172},"14":{"loc":{"start":{"line":177,"column":6},"end":{"line":179,"column":7}},"type":"if","locations":[{"start":{"line":177,"column":6},"end":{"line":179,"column":7}},{"start":{},"end":{}}],"line":177},"15":{"loc":{"start":{"line":190,"column":6},"end":{"line":192,"column":7}},"type":"if","locations":[{"start":{"line":190,"column":6},"end":{"line":192,"column":7}},{"start":{},"end":{}}],"line":190},"16":{"loc":{"start":{"line":195,"column":6},"end":{"line":197,"column":7}},"type":"if","locations":[{"start":{"line":195,"column":6},"end":{"line":197,"column":7}},{"start":{},"end":{}}],"line":195}},"s":{"0":0,"1":0,"2":0,"3":0,"4":0,"5":0,"6":0,"7":0,"8":0,"9":0,"10":0,"11":0,"12":0,"13":0,"14":0,"15":0,"16":0,"17":0,"18":0,"19":0,"20":0,"21":0,"22":0,"23":0,"24":0,"25":0,"26":0,"27":0,"28":0,"29":0,"30":0,"31":0,"32":0,"33":0,"34":0,"35":0,"36":0,"37":0,"38":0,"39":0,"40":0,"41":0,"42":0,"43":0,"44":0,"45":0,"46":0,"47":0,"48":0,"49":0,"50":0,"51":0,"52":0,"53":0,"54":0,"55":0,"56":0,"57":0,"58":0,"59":0,"60":0,"61":0,"62":0,"63":0,"64":0,"65":0,"66":0,"67":0,"68":0,"69":0,"70":0,"71":0,"72":0,"73":0,"74":0,"75":0,"76":0,"77":0,"78":0,"79":0,"80":0,"81":0},"f":{"0":0,"1":0,"2":0,"3":0,"4":0,"5":0,"6":0,"7":0,"8":0,"9":0},"b":{"0":[0,0],"1":[0,0],"2":[0,0],"3":[0,0],"4":[0,0],"5":[0,0],"6":[0,0],"7":[0,0],"8":[0,0],"9":[0,0],"10":[0,0],"11":[0,0],"12":[0,0],"13":[0,0],"14":[0,0],"15":[0,0],"16":[0,0]},"all":true},"/Users/solomon/Desktop/Projects/Projects/home_workout_app/server/src/controllers/userController.ts":{"path":"/Users/solomon/Desktop/Projects/Projects/home_workout_app/server/src/controllers/userController.ts","statementMap":{"0":{"start":{"line":7,"column":4},"end":{"line":28,"column":5}},"1":{"start":{"line":8,"column":6},"end":{"line":10,"column":7}},"2":{"start":{"line":9,"column":8},"end":{"line":9,"column":69}},"3":{"start":{"line":12,"column":19},"end":{"line":12,"column":57}},"4":{"start":{"line":14,"column":6},"end":{"line":18,"column":9}},"5":{"start":{"line":20,"column":37},"end":{"line":20,"column":41}},"6":{"start":{"line":22,"column":6},"end":{"line":22,"column":37}},"7":{"start":{"line":24,"column":6},"end":{"line":26,"column":7}},"8":{"start":{"line":25,"column":8},"end":{"line":25,"column":57}},"9":{"start":{"line":27,"column":6},"end":{"line":27,"column":27}},"10":{"start":{"line":32,"column":4},"end":{"line":52,"column":5}},"11":{"start":{"line":33,"column":34},"end":{"line":33,"column":42}},"12":{"start":{"line":35,"column":40},"end":{"line":38,"column":7}},"13":{"start":{"line":40,"column":6},"end":{"line":44,"column":9}},"14":{"start":{"line":46,"column":6},"end":{"line":46,"column":47}},"15":{"start":{"line":48,"column":6},"end":{"line":50,"column":7}},"16":{"start":{"line":49,"column":8},"end":{"line":49,"column":57}},"17":{"start":{"line":51,"column":6},"end":{"line":51,"column":27}},"18":{"start":{"line":56,"column":4},"end":{"line":70,"column":5}},"19":{"start":{"line":57,"column":6},"end":{"line":62,"column":9}},"20":{"start":{"line":64,"column":6},"end":{"line":64,"column":61}},"21":{"start":{"line":66,"column":6},"end":{"line":68,"column":7}},"22":{"start":{"line":67,"column":8},"end":{"line":67,"column":57}},"23":{"start":{"line":69,"column":6},"end":{"line":69,"column":27}},"24":{"start":{"line":74,"column":19},"end":{"line":74,"column":32}},"25":{"start":{"line":76,"column":4},"end":{"line":78,"column":5}},"26":{"start":{"line":77,"column":6},"end":{"line":77,"column":63}},"27":{"start":{"line":79,"column":4},"end":{"line":92,"column":5}},"28":{"start":{"line":80,"column":19},"end":{"line":80,"column":56}},"29":{"start":{"line":82,"column":6},"end":{"line":84,"column":7}},"30":{"start":{"line":83,"column":8},"end":{"line":83,"column":60}},"31":{"start":{"line":86,"column":6},"end":{"line":86,"column":33}},"32":{"start":{"line":88,"column":6},"end":{"line":90,"column":7}},"33":{"start":{"line":89,"column":8},"end":{"line":89,"column":57}},"34":{"start":{"line":91,"column":6},"end":{"line":91,"column":27}},"35":{"start":{"line":96,"column":4},"end":{"line":104,"column":5}},"36":{"start":{"line":97,"column":20},"end":{"line":97,"column":51}},"37":{"start":{"line":98,"column":6},"end":{"line":98,"column":34}},"38":{"start":{"line":100,"column":6},"end":{"line":102,"column":7}},"39":{"start":{"line":101,"column":8},"end":{"line":101,"column":57}},"40":{"start":{"line":103,"column":6},"end":{"line":103,"column":27}},"41":{"start":{"line":108,"column":17},"end":{"line":108,"column":25}},"42":{"start":{"line":110,"column":4},"end":{"line":113,"column":5}},"43":{"start":{"line":111,"column":6},"end":{"line":111,"column":63}},"44":{"start":{"line":112,"column":6},"end":{"line":112,"column":13}},"45":{"start":{"line":115,"column":4},"end":{"line":123,"column":5}},"46":{"start":{"line":116,"column":26},"end":{"line":116,"column":69}},"47":{"start":{"line":117,"column":6},"end":{"line":117,"column":28}},"48":{"start":{"line":119,"column":6},"end":{"line":121,"column":7}},"49":{"start":{"line":120,"column":8},"end":{"line":120,"column":57}},"50":{"start":{"line":122,"column":6},"end":{"line":122,"column":27}},"51":{"start":{"line":127,"column":19},"end":{"line":127,"column":29}},"52":{"start":{"line":128,"column":4},"end":{"line":131,"column":5}},"53":{"start":{"line":129,"column":6},"end":{"line":129,"column":63}},"54":{"start":{"line":130,"column":6},"end":{"line":130,"column":13}},"55":{"start":{"line":132,"column":4},"end":{"line":150,"column":5}},"56":{"start":{"line":133,"column":22},"end":{"line":133,"column":54}},"57":{"start":{"line":134,"column":6},"end":{"line":137,"column":7}},"58":{"start":{"line":135,"column":8},"end":{"line":135,"column":60}},"59":{"start":{"line":136,"column":8},"end":{"line":136,"column":15}},"60":{"start":{"line":139,"column":6},"end":{"line":141,"column":7}},"61":{"start":{"line":140,"column":8},"end":{"line":140,"column":33}},"62":{"start":{"line":143,"column":6},"end":{"line":143,"column":29}},"63":{"start":{"line":145,"column":6},"end":{"line":148,"column":7}},"64":{"start":{"line":146,"column":8},"end":{"line":146,"column":72}},"65":{"start":{"line":147,"column":8},"end":{"line":147,"column":57}},"66":{"start":{"line":149,"column":6},"end":{"line":149,"column":27}}},"fnMap":{"0":{"name":"(anonymous_0)","decl":{"start":{"line":6,"column":2},"end":{"line":6,"column":3}},"loc":{"start":{"line":6,"column":70},"end":{"line":29,"column":3}},"line":6},"1":{"name":"(anonymous_1)","decl":{"start":{"line":31,"column":2},"end":{"line":31,"column":3}},"loc":{"start":{"line":31,"column":65},"end":{"line":53,"column":3}},"line":31},"2":{"name":"(anonymous_2)","decl":{"start":{"line":55,"column":2},"end":{"line":55,"column":3}},"loc":{"start":{"line":55,"column":66},"end":{"line":71,"column":3}},"line":55},"3":{"name":"(anonymous_3)","decl":{"start":{"line":73,"column":2},"end":{"line":73,"column":3}},"loc":{"start":{"line":73,"column":71},"end":{"line":93,"column":3}},"line":73},"4":{"name":"(anonymous_4)","decl":{"start":{"line":95,"column":2},"end":{"line":95,"column":3}},"loc":{"start":{"line":95,"column":71},"end":{"line":105,"column":3}},"line":95},"5":{"name":"(anonymous_5)","decl":{"start":{"line":107,"column":2},"end":{"line":107,"column":3}},"loc":{"start":{"line":107,"column":70},"end":{"line":124,"column":3}},"line":107},"6":{"name":"(anonymous_6)","decl":{"start":{"line":126,"column":2},"end":{"line":126,"column":3}},"loc":{"start":{"line":126,"column":70},"end":{"line":151,"column":3}},"line":126}},"branchMap":{"0":{"loc":{"start":{"line":8,"column":6},"end":{"line":10,"column":7}},"type":"if","locations":[{"start":{"line":8,"column":6},"end":{"line":10,"column":7}},{"start":{},"end":{}}],"line":8},"1":{"loc":{"start":{"line":8,"column":10},"end":{"line":8,"column":65}},"type":"binary-expr","locations":[{"start":{"line":8,"column":10},"end":{"line":8,"column":25}},{"start":{"line":8,"column":29},"end":{"line":8,"column":47}},{"start":{"line":8,"column":51},"end":{"line":8,"column":65}}],"line":8},"2":{"loc":{"start":{"line":24,"column":6},"end":{"line":26,"column":7}},"type":"if","locations":[{"start":{"line":24,"column":6},"end":{"line":26,"column":7}},{"start":{},"end":{}}],"line":24},"3":{"loc":{"start":{"line":48,"column":6},"end":{"line":50,"column":7}},"type":"if","locations":[{"start":{"line":48,"column":6},"end":{"line":50,"column":7}},{"start":{},"end":{}}],"line":48},"4":{"loc":{"start":{"line":66,"column":6},"end":{"line":68,"column":7}},"type":"if","locations":[{"start":{"line":66,"column":6},"end":{"line":68,"column":7}},{"start":{},"end":{}}],"line":66},"5":{"loc":{"start":{"line":76,"column":4},"end":{"line":78,"column":5}},"type":"if","locations":[{"start":{"line":76,"column":4},"end":{"line":78,"column":5}},{"start":{},"end":{}}],"line":76},"6":{"loc":{"start":{"line":82,"column":6},"end":{"line":84,"column":7}},"type":"if","locations":[{"start":{"line":82,"column":6},"end":{"line":84,"column":7}},{"start":{},"end":{}}],"line":82},"7":{"loc":{"start":{"line":88,"column":6},"end":{"line":90,"column":7}},"type":"if","locations":[{"start":{"line":88,"column":6},"end":{"line":90,"column":7}},{"start":{},"end":{}}],"line":88},"8":{"loc":{"start":{"line":100,"column":6},"end":{"line":102,"column":7}},"type":"if","locations":[{"start":{"line":100,"column":6},"end":{"line":102,"column":7}},{"start":{},"end":{}}],"line":100},"9":{"loc":{"start":{"line":110,"column":4},"end":{"line":113,"column":5}},"type":"if","locations":[{"start":{"line":110,"column":4},"end":{"line":113,"column":5}},{"start":{},"end":{}}],"line":110},"10":{"loc":{"start":{"line":119,"column":6},"end":{"line":121,"column":7}},"type":"if","locations":[{"start":{"line":119,"column":6},"end":{"line":121,"column":7}},{"start":{},"end":{}}],"line":119},"11":{"loc":{"start":{"line":128,"column":4},"end":{"line":131,"column":5}},"type":"if","locations":[{"start":{"line":128,"column":4},"end":{"line":131,"column":5}},{"start":{},"end":{}}],"line":128},"12":{"loc":{"start":{"line":134,"column":6},"end":{"line":137,"column":7}},"type":"if","locations":[{"start":{"line":134,"column":6},"end":{"line":137,"column":7}},{"start":{},"end":{}}],"line":134},"13":{"loc":{"start":{"line":139,"column":6},"end":{"line":141,"column":7}},"type":"if","locations":[{"start":{"line":139,"column":6},"end":{"line":141,"column":7}},{"start":{},"end":{}}],"line":139},"14":{"loc":{"start":{"line":145,"column":6},"end":{"line":148,"column":7}},"type":"if","locations":[{"start":{"line":145,"column":6},"end":{"line":148,"column":7}},{"start":{},"end":{}}],"line":145}},"s":{"0":0,"1":0,"2":0,"3":0,"4":0,"5":0,"6":0,"7":0,"8":0,"9":0,"10":0,"11":0,"12":0,"13":0,"14":0,"15":0,"16":0,"17":0,"18":0,"19":0,"20":0,"21":0,"22":0,"23":0,"24":0,"25":0,"26":0,"27":0,"28":0,"29":0,"30":0,"31":0,"32":0,"33":0,"34":0,"35":0,"36":0,"37":0,"38":0,"39":0,"40":0,"41":0,"42":0,"43":0,"44":0,"45":0,"46":0,"47":0,"48":0,"49":0,"50":0,"51":0,"52":0,"53":0,"54":0,"55":0,"56":0,"57":0,"58":0,"59":0,"60":0,"61":0,"62":0,"63":0,"64":0,"65":0,"66":0},"f":{"0":0,"1":0,"2":0,"3":0,"4":0,"5":0,"6":0},"b":{"0":[0,0],"1":[0,0,0],"2":[0,0],"3":[0,0],"4":[0,0],"5":[0,0],"6":[0,0],"7":[0,0],"8":[0,0],"9":[0,0],"10":[0,0],"11":[0,0],"12":[0,0],"13":[0,0],"14":[0,0]},"all":true},"/Users/solomon/Desktop/Projects/Projects/home_workout_app/server/src/controllers/workoutController.ts":{"path":"/Users/solomon/Desktop/Projects/Projects/home_workout_app/server/src/controllers/workoutController.ts","statementMap":{"0":{"start":{"line":7,"column":34},"end":{"line":7,"column":43}},"1":{"start":{"line":9,"column":4},"end":{"line":11,"column":5}},"2":{"start":{"line":10,"column":6},"end":{"line":10,"column":70}},"3":{"start":{"line":13,"column":4},"end":{"line":26,"column":5}},"4":{"start":{"line":14,"column":21},"end":{"line":17,"column":7}},"5":{"start":{"line":19,"column":6},"end":{"line":21,"column":7}},"6":{"start":{"line":20,"column":8},"end":{"line":20,"column":70}},"7":{"start":{"line":23,"column":6},"end":{"line":23,"column":42}},"8":{"start":{"line":25,"column":6},"end":{"line":25,"column":62}},"9":{"start":{"line":29,"column":4},"end":{"line":42,"column":5}},"10":{"start":{"line":30,"column":29},"end":{"line":30,"column":39}},"11":{"start":{"line":32,"column":6},"end":{"line":34,"column":7}},"12":{"start":{"line":33,"column":8},"end":{"line":33,"column":72}},"13":{"start":{"line":36,"column":22},"end":{"line":36,"column":65}},"14":{"start":{"line":38,"column":6},"end":{"line":38,"column":43}},"15":{"start":{"line":40,"column":6},"end":{"line":40,"column":59}},"16":{"start":{"line":41,"column":6},"end":{"line":41,"column":62}},"17":{"start":{"line":49,"column":27},"end":{"line":49,"column":37}},"18":{"start":{"line":51,"column":4},"end":{"line":53,"column":5}},"19":{"start":{"line":52,"column":6},"end":{"line":52,"column":66}},"20":{"start":{"line":55,"column":17},"end":{"line":55,"column":60}},"21":{"start":{"line":56,"column":18},"end":{"line":56,"column":63}},"22":{"start":{"line":58,"column":4},"end":{"line":71,"column":5}},"23":{"start":{"line":59,"column":21},"end":{"line":63,"column":7}},"24":{"start":{"line":65,"column":6},"end":{"line":65,"column":42}},"25":{"start":{"line":67,"column":6},"end":{"line":67,"column":68}},"26":{"start":{"line":68,"column":6},"end":{"line":70,"column":75}},"27":{"start":{"line":75,"column":4},"end":{"line":98,"column":5}},"28":{"start":{"line":83,"column":10},"end":{"line":83,"column":18}},"29":{"start":{"line":85,"column":22},"end":{"line":92,"column":8}},"30":{"start":{"line":94,"column":6},"end":{"line":94,"column":43}},"31":{"start":{"line":96,"column":6},"end":{"line":96,"column":62}},"32":{"start":{"line":97,"column":6},"end":{"line":97,"column":62}},"33":{"start":{"line":102,"column":4},"end":{"line":118,"column":5}},"34":{"start":{"line":103,"column":21},"end":{"line":103,"column":31}},"35":{"start":{"line":105,"column":6},"end":{"line":107,"column":7}},"36":{"start":{"line":106,"column":8},"end":{"line":106,"column":72}},"37":{"start":{"line":109,"column":22},"end":{"line":109,"column":61}},"38":{"start":{"line":111,"column":6},"end":{"line":113,"column":7}},"39":{"start":{"line":112,"column":8},"end":{"line":112,"column":70}},"40":{"start":{"line":115,"column":6},"end":{"line":115,"column":43}},"41":{"start":{"line":117,"column":6},"end":{"line":117,"column":62}},"42":{"start":{"line":122,"column":4},"end":{"line":133,"column":5}},"43":{"start":{"line":123,"column":19},"end":{"line":123,"column":62}},"44":{"start":{"line":124,"column":20},"end":{"line":124,"column":65}},"45":{"start":{"line":126,"column":21},"end":{"line":126,"column":69}},"46":{"start":{"line":127,"column":6},"end":{"line":127,"column":42}},"47":{"start":{"line":129,"column":6},"end":{"line":129,"column":63}},"48":{"start":{"line":130,"column":6},"end":{"line":132,"column":75}},"49":{"start":{"line":137,"column":4},"end":{"line":164,"column":5}},"50":{"start":{"line":138,"column":21},"end":{"line":138,"column":31}},"51":{"start":{"line":140,"column":6},"end":{"line":142,"column":7}},"52":{"start":{"line":141,"column":8},"end":{"line":141,"column":72}},"53":{"start":{"line":144,"column":57},"end":{"line":144,"column":65}},"54":{"start":{"line":146,"column":22},"end":{"line":151,"column":8}},"55":{"start":{"line":153,"column":6},"end":{"line":155,"column":7}},"56":{"start":{"line":154,"column":8},"end":{"line":154,"column":70}},"57":{"start":{"line":156,"column":6},"end":{"line":156,"column":43}},"58":{"start":{"line":158,"column":6},"end":{"line":160,"column":7}},"59":{"start":{"line":159,"column":8},"end":{"line":159,"column":36}},"60":{"start":{"line":161,"column":6},"end":{"line":163,"column":77}},"61":{"start":{"line":168,"column":4},"end":{"line":182,"column":5}},"62":{"start":{"line":169,"column":21},"end":{"line":169,"column":31}},"63":{"start":{"line":170,"column":6},"end":{"line":172,"column":7}},"64":{"start":{"line":171,"column":8},"end":{"line":171,"column":72}},"65":{"start":{"line":173,"column":21},"end":{"line":173,"column":59}},"66":{"start":{"line":174,"column":6},"end":{"line":176,"column":7}},"67":{"start":{"line":175,"column":8},"end":{"line":175,"column":70}},"68":{"start":{"line":177,"column":6},"end":{"line":177,"column":36}},"69":{"start":{"line":179,"column":6},"end":{"line":181,"column":77}}},"fnMap":{"0":{"name":"(anonymous_0)","decl":{"start":{"line":6,"column":2},"end":{"line":6,"column":3}},"loc":{"start":{"line":6,"column":78},"end":{"line":27,"column":3}},"line":6},"1":{"name":"(anonymous_1)","decl":{"start":{"line":28,"column":2},"end":{"line":28,"column":3}},"loc":{"start":{"line":28,"column":74},"end":{"line":43,"column":3}},"line":28},"2":{"name":"(anonymous_2)","decl":{"start":{"line":45,"column":2},"end":{"line":45,"column":3}},"loc":{"start":{"line":48,"column":23},"end":{"line":72,"column":3}},"line":48},"3":{"name":"(anonymous_3)","decl":{"start":{"line":74,"column":2},"end":{"line":74,"column":3}},"loc":{"start":{"line":74,"column":77},"end":{"line":99,"column":3}},"line":74},"4":{"name":"(anonymous_4)","decl":{"start":{"line":101,"column":2},"end":{"line":101,"column":3}},"loc":{"start":{"line":101,"column":78},"end":{"line":119,"column":3}},"line":101},"5":{"name":"(anonymous_5)","decl":{"start":{"line":121,"column":2},"end":{"line":121,"column":3}},"loc":{"start":{"line":121,"column":78},"end":{"line":134,"column":3}},"line":121},"6":{"name":"(anonymous_6)","decl":{"start":{"line":136,"column":2},"end":{"line":136,"column":3}},"loc":{"start":{"line":136,"column":77},"end":{"line":165,"column":3}},"line":136},"7":{"name":"(anonymous_7)","decl":{"start":{"line":167,"column":2},"end":{"line":167,"column":3}},"loc":{"start":{"line":167,"column":77},"end":{"line":183,"column":3}},"line":167}},"branchMap":{"0":{"loc":{"start":{"line":9,"column":4},"end":{"line":11,"column":5}},"type":"if","locations":[{"start":{"line":9,"column":4},"end":{"line":11,"column":5}},{"start":{},"end":{}}],"line":9},"1":{"loc":{"start":{"line":9,"column":8},"end":{"line":9,"column":77}},"type":"binary-expr","locations":[{"start":{"line":9,"column":8},"end":{"line":9,"column":42}},{"start":{"line":9,"column":46},"end":{"line":9,"column":77}}],"line":9},"2":{"loc":{"start":{"line":19,"column":6},"end":{"line":21,"column":7}},"type":"if","locations":[{"start":{"line":19,"column":6},"end":{"line":21,"column":7}},{"start":{},"end":{}}],"line":19},"3":{"loc":{"start":{"line":32,"column":6},"end":{"line":34,"column":7}},"type":"if","locations":[{"start":{"line":32,"column":6},"end":{"line":34,"column":7}},{"start":{},"end":{}}],"line":32},"4":{"loc":{"start":{"line":32,"column":10},"end":{"line":32,"column":52}},"type":"binary-expr","locations":[{"start":{"line":32,"column":10},"end":{"line":32,"column":27}},{"start":{"line":32,"column":31},"end":{"line":32,"column":52}}],"line":32},"5":{"loc":{"start":{"line":51,"column":4},"end":{"line":53,"column":5}},"type":"if","locations":[{"start":{"line":51,"column":4},"end":{"line":53,"column":5}},{"start":{},"end":{}}],"line":51},"6":{"loc":{"start":{"line":55,"column":17},"end":{"line":55,"column":60}},"type":"binary-expr","locations":[{"start":{"line":55,"column":17},"end":{"line":55,"column":55}},{"start":{"line":55,"column":59},"end":{"line":55,"column":60}}],"line":55},"7":{"loc":{"start":{"line":56,"column":18},"end":{"line":56,"column":63}},"type":"binary-expr","locations":[{"start":{"line":56,"column":18},"end":{"line":56,"column":57}},{"start":{"line":56,"column":61},"end":{"line":56,"column":63}}],"line":56},"8":{"loc":{"start":{"line":78,"column":8},"end":{"line":78,"column":21}},"type":"default-arg","locations":[{"start":{"line":78,"column":13},"end":{"line":78,"column":21}}],"line":78},"9":{"loc":{"start":{"line":105,"column":6},"end":{"line":107,"column":7}},"type":"if","locations":[{"start":{"line":105,"column":6},"end":{"line":107,"column":7}},{"start":{},"end":{}}],"line":105},"10":{"loc":{"start":{"line":111,"column":6},"end":{"line":113,"column":7}},"type":"if","locations":[{"start":{"line":111,"column":6},"end":{"line":113,"column":7}},{"start":{},"end":{}}],"line":111},"11":{"loc":{"start":{"line":123,"column":19},"end":{"line":123,"column":62}},"type":"binary-expr","locations":[{"start":{"line":123,"column":19},"end":{"line":123,"column":57}},{"start":{"line":123,"column":61},"end":{"line":123,"column":62}}],"line":123},"12":{"loc":{"start":{"line":124,"column":20},"end":{"line":124,"column":65}},"type":"binary-expr","locations":[{"start":{"line":124,"column":20},"end":{"line":124,"column":59}},{"start":{"line":124,"column":63},"end":{"line":124,"column":65}}],"line":124},"13":{"loc":{"start":{"line":140,"column":6},"end":{"line":142,"column":7}},"type":"if","locations":[{"start":{"line":140,"column":6},"end":{"line":142,"column":7}},{"start":{},"end":{}}],"line":140},"14":{"loc":{"start":{"line":153,"column":6},"end":{"line":155,"column":7}},"type":"if","locations":[{"start":{"line":153,"column":6},"end":{"line":155,"column":7}},{"start":{},"end":{}}],"line":153},"15":{"loc":{"start":{"line":158,"column":6},"end":{"line":160,"column":7}},"type":"if","locations":[{"start":{"line":158,"column":6},"end":{"line":160,"column":7}},{"start":{},"end":{}}],"line":158},"16":{"loc":{"start":{"line":170,"column":6},"end":{"line":172,"column":7}},"type":"if","locations":[{"start":{"line":170,"column":6},"end":{"line":172,"column":7}},{"start":{},"end":{}}],"line":170},"17":{"loc":{"start":{"line":174,"column":6},"end":{"line":176,"column":7}},"type":"if","locations":[{"start":{"line":174,"column":6},"end":{"line":176,"column":7}},{"start":{},"end":{}}],"line":174}},"s":{"0":0,"1":0,"2":0,"3":0,"4":0,"5":0,"6":0,"7":0,"8":0,"9":0,"10":0,"11":0,"12":0,"13":0,"14":0,"15":0,"16":0,"17":0,"18":0,"19":0,"20":0,"21":0,"22":0,"23":0,"24":0,"25":0,"26":0,"27":0,"28":0,"29":0,"30":0,"31":0,"32":0,"33":0,"34":0,"35":0,"36":0,"37":0,"38":0,"39":0,"40":0,"41":0,"42":0,"43":0,"44":0,"45":0,"46":0,"47":0,"48":0,"49":0,"50":0,"51":0,"52":0,"53":0,"54":0,"55":0,"56":0,"57":0,"58":0,"59":0,"60":0,"61":0,"62":0,"63":0,"64":0,"65":0,"66":0,"67":0,"68":0,"69":0},"f":{"0":0,"1":0,"2":0,"3":0,"4":0,"5":0,"6":0,"7":0},"b":{"0":[0,0],"1":[0,0],"2":[0,0],"3":[0,0],"4":[0,0],"5":[0,0],"6":[0,0],"7":[0,0],"8":[0],"9":[0,0],"10":[0,0],"11":[0,0],"12":[0,0],"13":[0,0],"14":[0,0],"15":[0,0],"16":[0,0],"17":[0,0]},"all":true},"/Users/solomon/Desktop/Projects/Projects/home_workout_app/server/src/index.ts":{"path":"/Users/solomon/Desktop/Projects/Projects/home_workout_app/server/src/index.ts","statementMap":{"0":{"start":{"line":11,"column":25},"end":{"line":11,"column":34}},"1":{"start":{"line":12,"column":13},"end":{"line":12,"column":37}},"2":{"start":{"line":14,"column":23},"end":{"line":14,"column":48}},"3":{"start":{"line":16,"column":0},"end":{"line":30,"column":2}},"4":{"start":{"line":20,"column":6},"end":{"line":20,"column":47}},"5":{"start":{"line":20,"column":19},"end":{"line":20,"column":47}},"6":{"start":{"line":21,"column":6},"end":{"line":25,"column":7}},"7":{"start":{"line":23,"column":10},"end":{"line":23,"column":90}},"8":{"start":{"line":24,"column":8},"end":{"line":24,"column":47}},"9":{"start":{"line":26,"column":6},"end":{"line":26,"column":34}},"10":{"start":{"line":32,"column":0},"end":{"line":32,"column":24}},"11":{"start":{"line":33,"column":0},"end":{"line":33,"column":27}},"12":{"start":{"line":34,"column":0},"end":{"line":34,"column":24}},"13":{"start":{"line":36,"column":0},"end":{"line":36,"column":33}},"14":{"start":{"line":38,"column":0},"end":{"line":38,"column":33}},"15":{"start":{"line":39,"column":0},"end":{"line":39,"column":25}},"16":{"start":{"line":41,"column":0},"end":{"line":41,"column":39}},"17":{"start":{"line":42,"column":0},"end":{"line":42,"column":42}},"18":{"start":{"line":44,"column":0},"end":{"line":46,"column":3}},"19":{"start":{"line":45,"column":2},"end":{"line":45,"column":28}},"20":{"start":{"line":48,"column":20},"end":{"line":62,"column":1}},"21":{"start":{"line":49,"column":2},"end":{"line":61,"column":3}},"22":{"start":{"line":50,"column":4},"end":{"line":50,"column":35}},"23":{"start":{"line":51,"column":4},"end":{"line":51,"column":52}},"24":{"start":{"line":53,"column":4},"end":{"line":53,"column":27}},"25":{"start":{"line":54,"column":4},"end":{"line":54,"column":42}},"26":{"start":{"line":56,"column":4},"end":{"line":58,"column":7}},"27":{"start":{"line":57,"column":6},"end":{"line":57,"column":55}},"28":{"start":{"line":60,"column":4},"end":{"line":60,"column":63}},"29":{"start":{"line":64,"column":0},"end":{"line":64,"column":14}}},"fnMap":{"0":{"name":"(anonymous_0)","decl":{"start":{"line":18,"column":12},"end":{"line":18,"column":13}},"loc":{"start":{"line":18,"column":40},"end":{"line":27,"column":5}},"line":18},"1":{"name":"(anonymous_1)","decl":{"start":{"line":44,"column":13},"end":{"line":44,"column":14}},"loc":{"start":{"line":44,"column":46},"end":{"line":46,"column":1}},"line":44},"2":{"name":"(anonymous_2)","decl":{"start":{"line":48,"column":20},"end":{"line":48,"column":21}},"loc":{"start":{"line":48,"column":32},"end":{"line":62,"column":1}},"line":48},"3":{"name":"(anonymous_3)","decl":{"start":{"line":56,"column":21},"end":{"line":56,"column":22}},"loc":{"start":{"line":56,"column":27},"end":{"line":58,"column":5}},"line":56}},"branchMap":{"0":{"loc":{"start":{"line":12,"column":13},"end":{"line":12,"column":37}},"type":"binary-expr","locations":[{"start":{"line":12,"column":13},"end":{"line":12,"column":29}},{"start":{"line":12,"column":33},"end":{"line":12,"column":37}}],"line":12},"1":{"loc":{"start":{"line":20,"column":6},"end":{"line":20,"column":47}},"type":"if","locations":[{"start":{"line":20,"column":6},"end":{"line":20,"column":47}},{"start":{},"end":{}}],"line":20},"2":{"loc":{"start":{"line":21,"column":6},"end":{"line":25,"column":7}},"type":"if","locations":[{"start":{"line":21,"column":6},"end":{"line":25,"column":7}},{"start":{},"end":{}}],"line":21}},"s":{"0":0,"1":0,"2":0,"3":0,"4":0,"5":0,"6":0,"7":0,"8":0,"9":0,"10":0,"11":0,"12":0,"13":0,"14":0,"15":0,"16":0,"17":0,"18":0,"19":0,"20":0,"21":0,"22":0,"23":0,"24":0,"25":0,"26":0,"27":0,"28":0,"29":0},"f":{"0":0,"1":0,"2":0,"3":0},"b":{"0":[0,0],"1":[0,0],"2":[0,0]},"all":true},"/Users/solomon/Desktop/Projects/Projects/home_workout_app/server/src/middleware/authMiddleware.ts":{"path":"/Users/solomon/Desktop/Projects/Projects/home_workout_app/server/src/middleware/authMiddleware.ts","statementMap":{"0":{"start":{"line":8,"column":23},"end":{"line":29,"column":1}},"1":{"start":{"line":13,"column":22},"end":{"line":13,"column":39}},"2":{"start":{"line":14,"column":22},"end":{"line":14,"column":73}},"3":{"start":{"line":16,"column":16},"end":{"line":16,"column":42}},"4":{"start":{"line":18,"column":2},"end":{"line":20,"column":3}},"5":{"start":{"line":19,"column":4},"end":{"line":19,"column":67}},"6":{"start":{"line":22,"column":2},"end":{"line":28,"column":3}},"7":{"start":{"line":23,"column":20},"end":{"line":23,"column":71}},"8":{"start":{"line":24,"column":4},"end":{"line":24,"column":23}},"9":{"start":{"line":25,"column":4},"end":{"line":25,"column":11}},"10":{"start":{"line":27,"column":4},"end":{"line":27,"column":60}}},"fnMap":{"0":{"name":"(anonymous_0)","decl":{"start":{"line":8,"column":23},"end":{"line":8,"column":24}},"loc":{"start":{"line":12,"column":5},"end":{"line":29,"column":1}},"line":12}},"branchMap":{"0":{"loc":{"start":{"line":16,"column":16},"end":{"line":16,"column":42}},"type":"binary-expr","locations":[{"start":{"line":16,"column":16},"end":{"line":16,"column":27}},{"start":{"line":16,"column":31},"end":{"line":16,"column":42}}],"line":16},"1":{"loc":{"start":{"line":18,"column":2},"end":{"line":20,"column":3}},"type":"if","locations":[{"start":{"line":18,"column":2},"end":{"line":20,"column":3}},{"start":{},"end":{}}],"line":18}},"s":{"0":0,"1":0,"2":0,"3":0,"4":0,"5":0,"6":0,"7":0,"8":0,"9":0,"10":0},"f":{"0":0},"b":{"0":[0,0],"1":[0,0]},"all":true},"/Users/solomon/Desktop/Projects/Projects/home_workout_app/server/src/middleware/errorMiddleware.ts":{"path":"/Users/solomon/Desktop/Projects/Projects/home_workout_app/server/src/middleware/errorMiddleware.ts","statementMap":{"0":{"start":{"line":3,"column":24},"end":{"line":13,"column":1}},"1":{"start":{"line":9,"column":21},"end":{"line":9,"column":38}},"2":{"start":{"line":10,"column":2},"end":{"line":12,"column":61}}},"fnMap":{"0":{"name":"(anonymous_0)","decl":{"start":{"line":3,"column":24},"end":{"line":3,"column":25}},"loc":{"start":{"line":8,"column":5},"end":{"line":13,"column":1}},"line":8}},"branchMap":{"0":{"loc":{"start":{"line":9,"column":21},"end":{"line":9,"column":38}},"type":"binary-expr","locations":[{"start":{"line":9,"column":21},"end":{"line":9,"column":31}},{"start":{"line":9,"column":35},"end":{"line":9,"column":38}}],"line":9},"1":{"loc":{"start":{"line":12,"column":19},"end":{"line":12,"column":57}},"type":"binary-expr","locations":[{"start":{"line":12,"column":19},"end":{"line":12,"column":30}},{"start":{"line":12,"column":34},"end":{"line":12,"column":57}}],"line":12}},"s":{"0":0,"1":0,"2":0},"f":{"0":0},"b":{"0":[0,0],"1":[0,0]},"all":true},"/Users/solomon/Desktop/Projects/Projects/home_workout_app/server/src/middleware/validateUUID.ts":{"path":"/Users/solomon/Desktop/Projects/Projects/home_workout_app/server/src/middleware/validateUUID.ts","statementMap":{"0":{"start":{"line":3,"column":28},"end":{"line":15,"column":1}},"1":{"start":{"line":8,"column":17},"end":{"line":8,"column":27}},"2":{"start":{"line":10,"column":4},"end":{"line":10,"column":80}},"3":{"start":{"line":11,"column":2},"end":{"line":13,"column":3}},"4":{"start":{"line":12,"column":4},"end":{"line":12,"column":68}},"5":{"start":{"line":14,"column":2},"end":{"line":14,"column":9}}},"fnMap":{"0":{"name":"(anonymous_0)","decl":{"start":{"line":3,"column":28},"end":{"line":3,"column":29}},"loc":{"start":{"line":7,"column":5},"end":{"line":15,"column":1}},"line":7}},"branchMap":{"0":{"loc":{"start":{"line":11,"column":2},"end":{"line":13,"column":3}},"type":"if","locations":[{"start":{"line":11,"column":2},"end":{"line":13,"column":3}},{"start":{},"end":{}}],"line":11}},"s":{"0":0,"1":0,"2":0,"3":0,"4":0,"5":0},"f":{"0":0},"b":{"0":[0,0]},"all":true},"/Users/solomon/Desktop/Projects/Projects/home_workout_app/server/src/models/Exercise.ts":{"path":"/Users/solomon/Desktop/Projects/Projects/home_workout_app/server/src/models/Exercise.ts","statementMap":{"0":{"start":{"line":31,"column":4},"end":{"line":34,"column":7}},"1":{"start":{"line":35,"column":4},"end":{"line":40,"column":7}},"2":{"start":{"line":44,"column":0},"end":{"line":101,"column":2}}},"fnMap":{"0":{"name":"(anonymous_0)","decl":{"start":{"line":30,"column":2},"end":{"line":30,"column":3}},"loc":{"start":{"line":30,"column":46},"end":{"line":41,"column":3}},"line":30}},"branchMap":{},"s":{"0":0,"1":0,"2":0},"f":{"0":0},"b":{},"all":true},"/Users/solomon/Desktop/Projects/Projects/home_workout_app/server/src/models/index.ts":{"path":"/Users/solomon/Desktop/Projects/Projects/home_workout_app/server/src/models/index.ts","statementMap":{"0":{"start":{"line":8,"column":0},"end":{"line":12,"column":3}},"1":{"start":{"line":14,"column":0},"end":{"line":19,"column":3}},"2":{"start":{"line":21,"column":0},"end":{"line":25,"column":3}},"3":{"start":{"line":27,"column":0},"end":{"line":30,"column":3}}},"fnMap":{},"branchMap":{},"s":{"0":0,"1":0,"2":0,"3":0},"f":{},"b":{},"all":true},"/Users/solomon/Desktop/Projects/Projects/home_workout_app/server/src/models/ScheduledWorkout.ts":{"path":"/Users/solomon/Desktop/Projects/Projects/home_workout_app/server/src/models/ScheduledWorkout.ts","statementMap":{"0":{"start":{"line":24,"column":4},"end":{"line":27,"column":7}},"1":{"start":{"line":28,"column":4},"end":{"line":31,"column":7}},"2":{"start":{"line":35,"column":0},"end":{"line":80,"column":2}}},"fnMap":{"0":{"name":"(anonymous_0)","decl":{"start":{"line":23,"column":2},"end":{"line":23,"column":3}},"loc":{"start":{"line":23,"column":54},"end":{"line":32,"column":3}},"line":23}},"branchMap":{},"s":{"0":0,"1":0,"2":0},"f":{"0":0},"b":{},"all":true},"/Users/solomon/Desktop/Projects/Projects/home_workout_app/server/src/models/User.ts":{"path":"/Users/solomon/Desktop/Projects/Projects/home_workout_app/server/src/models/User.ts","statementMap":{"0":{"start":{"line":21,"column":4},"end":{"line":24,"column":7}},"1":{"start":{"line":27,"column":4},"end":{"line":30,"column":7}},"2":{"start":{"line":33,"column":4},"end":{"line":36,"column":7}},"3":{"start":{"line":40,"column":0},"end":{"line":83,"column":2}}},"fnMap":{"0":{"name":"(anonymous_0)","decl":{"start":{"line":20,"column":2},"end":{"line":20,"column":3}},"loc":{"start":{"line":20,"column":42},"end":{"line":37,"column":3}},"line":20}},"branchMap":{},"s":{"0":0,"1":0,"2":0,"3":0},"f":{"0":0},"b":{},"all":true},"/Users/solomon/Desktop/Projects/Projects/home_workout_app/server/src/models/Workout_exercises.ts":{"path":"/Users/solomon/Desktop/Projects/Projects/home_workout_app/server/src/models/Workout_exercises.ts","statementMap":{"0":{"start":{"line":9,"column":0},"end":{"line":37,"column":2}}},"fnMap":{},"branchMap":{},"s":{"0":0},"f":{},"b":{},"all":true},"/Users/solomon/Desktop/Projects/Projects/home_workout_app/server/src/models/Workout.ts":{"path":"/Users/solomon/Desktop/Projects/Projects/home_workout_app/server/src/models/Workout.ts","statementMap":{"0":{"start":{"line":28,"column":4},"end":{"line":31,"column":7}},"1":{"start":{"line":32,"column":4},"end":{"line":37,"column":7}},"2":{"start":{"line":38,"column":4},"end":{"line":41,"column":7}},"3":{"start":{"line":45,"column":0},"end":{"line":91,"column":2}}},"fnMap":{"0":{"name":"(anonymous_0)","decl":{"start":{"line":27,"column":2},"end":{"line":27,"column":3}},"loc":{"start":{"line":27,"column":45},"end":{"line":42,"column":3}},"line":27}},"branchMap":{},"s":{"0":0,"1":0,"2":0,"3":0},"f":{"0":0},"b":{},"all":true},"/Users/solomon/Desktop/Projects/Projects/home_workout_app/server/src/routes/exerciseRoutes.ts":{"path":"/Users/solomon/Desktop/Projects/Projects/home_workout_app/server/src/routes/exerciseRoutes.ts","statementMap":{"0":{"start":{"line":5,"column":15},"end":{"line":5,"column":23}},"1":{"start":{"line":7,"column":0},"end":{"line":7,"column":27}},"2":{"start":{"line":9,"column":0},"end":{"line":9,"column":77}},"3":{"start":{"line":10,"column":0},"end":{"line":13,"column":2}},"4":{"start":{"line":14,"column":0},"end":{"line":14,"column":66}},"5":{"start":{"line":16,"column":0},"end":{"line":16,"column":55}},"6":{"start":{"line":17,"column":0},"end":{"line":17,"column":69}},"7":{"start":{"line":18,"column":0},"end":{"line":18,"column":71}},"8":{"start":{"line":19,"column":0},"end":{"line":22,"column":2}},"9":{"start":{"line":23,"column":0},"end":{"line":26,"column":2}},"10":{"start":{"line":28,"column":0},"end":{"line":28,"column":69}},"11":{"start":{"line":30,"column":0},"end":{"line":30,"column":72}}},"fnMap":{},"branchMap":{},"s":{"0":0,"1":0,"2":0,"3":0,"4":0,"5":0,"6":0,"7":0,"8":0,"9":0,"10":0,"11":0},"f":{},"b":{},"all":true},"/Users/solomon/Desktop/Projects/Projects/home_workout_app/server/src/routes/index.ts":{"path":"/Users/solomon/Desktop/Projects/Projects/home_workout_app/server/src/routes/index.ts","statementMap":{},"fnMap":{},"branchMap":{},"s":{},"f":{},"b":{},"all":true},"/Users/solomon/Desktop/Projects/Projects/home_workout_app/server/src/routes/testRoutes.ts":{"path":"/Users/solomon/Desktop/Projects/Projects/home_workout_app/server/src/routes/testRoutes.ts","statementMap":{"0":{"start":{"line":4,"column":15},"end":{"line":4,"column":23}},"1":{"start":{"line":6,"column":0},"end":{"line":8,"column":3}},"2":{"start":{"line":7,"column":2},"end":{"line":7,"column":54}},"3":{"start":{"line":10,"column":0},"end":{"line":12,"column":3}},"4":{"start":{"line":11,"column":2},"end":{"line":11,"column":32}}},"fnMap":{"0":{"name":"(anonymous_0)","decl":{"start":{"line":6,"column":41},"end":{"line":6,"column":42}},"loc":{"start":{"line":6,"column":55},"end":{"line":8,"column":1}},"line":6},"1":{"name":"(anonymous_1)","decl":{"start":{"line":10,"column":21},"end":{"line":10,"column":22}},"loc":{"start":{"line":10,"column":35},"end":{"line":12,"column":1}},"line":10}},"branchMap":{},"s":{"0":0,"1":0,"2":0,"3":0,"4":0},"f":{"0":0,"1":0},"b":{},"all":true},"/Users/solomon/Desktop/Projects/Projects/home_workout_app/server/src/routes/userRoutes.ts":{"path":"/Users/solomon/Desktop/Projects/Projects/home_workout_app/server/src/routes/userRoutes.ts","statementMap":{"0":{"start":{"line":5,"column":15},"end":{"line":5,"column":23}},"1":{"start":{"line":7,"column":0},"end":{"line":7,"column":52}},"2":{"start":{"line":8,"column":0},"end":{"line":8,"column":44}},"3":{"start":{"line":9,"column":0},"end":{"line":9,"column":45}},"4":{"start":{"line":10,"column":0},"end":{"line":10,"column":63}},"5":{"start":{"line":11,"column":0},"end":{"line":11,"column":75}},"6":{"start":{"line":12,"column":0},"end":{"line":12,"column":73}},"7":{"start":{"line":13,"column":0},"end":{"line":13,"column":76}}},"fnMap":{},"branchMap":{},"s":{"0":0,"1":0,"2":0,"3":0,"4":0,"5":0,"6":0,"7":0},"f":{},"b":{},"all":true},"/Users/solomon/Desktop/Projects/Projects/home_workout_app/server/src/routes/workoutRoutes.ts":{"path":"/Users/solomon/Desktop/Projects/Projects/home_workout_app/server/src/routes/workoutRoutes.ts","statementMap":{"0":{"start":{"line":6,"column":15},"end":{"line":6,"column":23}},"1":{"start":{"line":8,"column":0},"end":{"line":12,"column":2}},"2":{"start":{"line":13,"column":0},"end":{"line":13,"column":79}},"3":{"start":{"line":15,"column":0},"end":{"line":15,"column":80}},"4":{"start":{"line":16,"column":0},"end":{"line":16,"column":53}},"5":{"start":{"line":17,"column":0},"end":{"line":17,"column":79}},"6":{"start":{"line":18,"column":0},"end":{"line":23,"column":2}},"7":{"start":{"line":25,"column":0},"end":{"line":30,"column":2}},"8":{"start":{"line":31,"column":0},"end":{"line":36,"column":2}}},"fnMap":{},"branchMap":{},"s":{"0":0,"1":0,"2":0,"3":0,"4":0,"5":0,"6":0,"7":0,"8":0},"f":{},"b":{},"all":true},"/Users/solomon/Desktop/Projects/Projects/home_workout_app/server/src/services/exerciseService.ts":{"path":"/Users/solomon/Desktop/Projects/Projects/home_workout_app/server/src/services/exerciseService.ts","statementMap":{"0":{"start":{"line":14,"column":4},"end":{"line":42,"column":5}},"1":{"start":{"line":15,"column":37},"end":{"line":15,"column":41}},"2":{"start":{"line":17,"column":23},"end":{"line":17,"column":58}},"3":{"start":{"line":19,"column":6},"end":{"line":21,"column":7}},"4":{"start":{"line":20,"column":8},"end":{"line":20,"column":46}},"5":{"start":{"line":24,"column":8},"end":{"line":24,"column":65}},"6":{"start":{"line":26,"column":30},"end":{"line":33,"column":8}},"7":{"start":{"line":35,"column":6},"end":{"line":37,"column":7}},"8":{"start":{"line":36,"column":8},"end":{"line":36,"column":21}},"9":{"start":{"line":38,"column":6},"end":{"line":38,"column":18}},"10":{"start":{"line":40,"column":6},"end":{"line":40,"column":62}},"11":{"start":{"line":41,"column":6},"end":{"line":41,"column":18}},"12":{"start":{"line":46,"column":4},"end":{"line":96,"column":5}},"13":{"start":{"line":47,"column":37},"end":{"line":47,"column":41}},"14":{"start":{"line":49,"column":23},"end":{"line":49,"column":58}},"15":{"start":{"line":51,"column":6},"end":{"line":53,"column":7}},"16":{"start":{"line":52,"column":8},"end":{"line":52,"column":46}},"17":{"start":{"line":56,"column":8},"end":{"line":56,"column":65}},"18":{"start":{"line":58,"column":30},"end":{"line":69,"column":8}},"19":{"start":{"line":71,"column":6},"end":{"line":73,"column":7}},"20":{"start":{"line":72,"column":8},"end":{"line":72,"column":64}},"21":{"start":{"line":75,"column":26},"end":{"line":86,"column":8}},"22":{"start":{"line":88,"column":6},"end":{"line":90,"column":7}},"23":{"start":{"line":89,"column":8},"end":{"line":89,"column":53}},"24":{"start":{"line":92,"column":6},"end":{"line":92,"column":25}},"25":{"start":{"line":94,"column":6},"end":{"line":94,"column":69}},"26":{"start":{"line":95,"column":6},"end":{"line":95,"column":37}},"27":{"start":{"line":109,"column":4},"end":{"line":159,"column":5}},"28":{"start":{"line":110,"column":37},"end":{"line":110,"column":41}},"29":{"start":{"line":112,"column":23},"end":{"line":112,"column":58}},"30":{"start":{"line":114,"column":6},"end":{"line":116,"column":7}},"31":{"start":{"line":115,"column":8},"end":{"line":115,"column":46}},"32":{"start":{"line":118,"column":23},"end":{"line":130,"column":8}},"33":{"start":{"line":132,"column":6},"end":{"line":134,"column":7}},"34":{"start":{"line":133,"column":8},"end":{"line":133,"column":46}},"35":{"start":{"line":136,"column":31},"end":{"line":146,"column":10}},"36":{"start":{"line":139,"column":12},"end":{"line":139,"column":76}},"37":{"start":{"line":139,"column":55},"end":{"line":139,"column":75}},"38":{"start":{"line":142,"column":10},"end":{"line":145,"column":12}},"39":{"start":{"line":148,"column":6},"end":{"line":150,"column":7}},"40":{"start":{"line":149,"column":8},"end":{"line":149,"column":21}},"41":{"start":{"line":152,"column":6},"end":{"line":152,"column":30}},"42":{"start":{"line":154,"column":6},"end":{"line":154,"column":62}},"43":{"start":{"line":155,"column":6},"end":{"line":157,"column":7}},"44":{"start":{"line":156,"column":8},"end":{"line":156,"column":46}},"45":{"start":{"line":158,"column":6},"end":{"line":158,"column":60}},"46":{"start":{"line":163,"column":38},"end":{"line":163,"column":42}},"47":{"start":{"line":165,"column":4},"end":{"line":198,"column":5}},"48":{"start":{"line":166,"column":23},"end":{"line":166,"column":58}},"49":{"start":{"line":168,"column":6},"end":{"line":170,"column":7}},"50":{"start":{"line":169,"column":8},"end":{"line":169,"column":46}},"51":{"start":{"line":172,"column":22},"end":{"line":172,"column":55}},"52":{"start":{"line":174,"column":6},"end":{"line":176,"column":7}},"53":{"start":{"line":175,"column":8},"end":{"line":175,"column":45}},"54":{"start":{"line":178,"column":28},"end":{"line":183,"column":8}},"55":{"start":{"line":185,"column":6},"end":{"line":187,"column":7}},"56":{"start":{"line":186,"column":8},"end":{"line":186,"column":66}},"57":{"start":{"line":189,"column":26},"end":{"line":192,"column":8}},"58":{"start":{"line":194,"column":6},"end":{"line":194,"column":25}},"59":{"start":{"line":196,"column":6},"end":{"line":196,"column":69}},"60":{"start":{"line":197,"column":6},"end":{"line":197,"column":37}},"61":{"start":{"line":202,"column":4},"end":{"line":258,"column":5}},"62":{"start":{"line":203,"column":6},"end":{"line":205,"column":7}},"63":{"start":{"line":204,"column":8},"end":{"line":204,"column":51}},"64":{"start":{"line":207,"column":17},"end":{"line":207,"column":25}},"65":{"start":{"line":209,"column":6},"end":{"line":211,"column":7}},"66":{"start":{"line":210,"column":8},"end":{"line":210,"column":47}},"67":{"start":{"line":213,"column":33},"end":{"line":221,"column":7}},"68":{"start":{"line":214,"column":8},"end":{"line":214,"column":30}},"69":{"start":{"line":214,"column":18},"end":{"line":214,"column":30}},"70":{"start":{"line":216,"column":10},"end":{"line":216,"column":75}},"71":{"start":{"line":217,"column":22},"end":{"line":217,"column":39}},"72":{"start":{"line":218,"column":8},"end":{"line":220,"column":17}},"73":{"start":{"line":223,"column":6},"end":{"line":225,"column":7}},"74":{"start":{"line":224,"column":8},"end":{"line":224,"column":47}},"75":{"start":{"line":227,"column":26},"end":{"line":238,"column":8}},"76":{"start":{"line":240,"column":6},"end":{"line":242,"column":7}},"77":{"start":{"line":241,"column":8},"end":{"line":241,"column":53}},"78":{"start":{"line":244,"column":6},"end":{"line":249,"column":7}},"79":{"start":{"line":245,"column":8},"end":{"line":248,"column":11}},"80":{"start":{"line":251,"column":6},"end":{"line":251,"column":25}},"81":{"start":{"line":253,"column":6},"end":{"line":253,"column":61}},"82":{"start":{"line":254,"column":6},"end":{"line":256,"column":7}},"83":{"start":{"line":255,"column":8},"end":{"line":255,"column":47}},"84":{"start":{"line":257,"column":6},"end":{"line":257,"column":47}},"85":{"start":{"line":262,"column":4},"end":{"line":315,"column":5}},"86":{"start":{"line":263,"column":21},"end":{"line":263,"column":39}},"87":{"start":{"line":265,"column":41},"end":{"line":269,"column":8}},"88":{"start":{"line":271,"column":26},"end":{"line":271,"column":52}},"89":{"start":{"line":272,"column":42},"end":{"line":272,"column":44}},"90":{"start":{"line":274,"column":6},"end":{"line":283,"column":9}},"91":{"start":{"line":275,"column":29},"end":{"line":275,"column":68}},"92":{"start":{"line":277,"column":10},"end":{"line":277,"column":75}},"93":{"start":{"line":279,"column":8},"end":{"line":282,"column":9}},"94":{"start":{"line":280,"column":10},"end":{"line":280,"column":37}},"95":{"start":{"line":281,"column":10},"end":{"line":281,"column":41}},"96":{"start":{"line":285,"column":33},"end":{"line":304,"column":8}},"97":{"start":{"line":286,"column":29},"end":{"line":286,"column":68}},"98":{"start":{"line":287,"column":8},"end":{"line":303,"column":10}},"99":{"start":{"line":296,"column":75},"end":{"line":300,"column":11}},"100":{"start":{"line":306,"column":6},"end":{"line":311,"column":8}},"101":{"start":{"line":313,"column":6},"end":{"line":313,"column":63}},"102":{"start":{"line":314,"column":6},"end":{"line":314,"column":51}},"103":{"start":{"line":323,"column":4},"end":{"line":375,"column":5}},"104":{"start":{"line":324,"column":21},"end":{"line":324,"column":39}},"105":{"start":{"line":326,"column":41},"end":{"line":338,"column":8}},"106":{"start":{"line":340,"column":33},"end":{"line":364,"column":8}},"107":{"start":{"line":341,"column":29},"end":{"line":341,"column":68}},"108":{"start":{"line":343,"column":30},"end":{"line":345,"column":16}},"109":{"start":{"line":347,"column":8},"end":{"line":363,"column":10}},"110":{"start":{"line":356,"column":63},"end":{"line":360,"column":11}},"111":{"start":{"line":366,"column":6},"end":{"line":371,"column":8}},"112":{"start":{"line":373,"column":6},"end":{"line":373,"column":70}},"113":{"start":{"line":374,"column":6},"end":{"line":374,"column":51}},"114":{"start":{"line":379,"column":4},"end":{"line":379,"column":68}},"115":{"start":{"line":381,"column":4},"end":{"line":396,"column":5}},"116":{"start":{"line":382,"column":6},"end":{"line":384,"column":7}},"117":{"start":{"line":383,"column":8},"end":{"line":383,"column":47}},"118":{"start":{"line":386,"column":23},"end":{"line":386,"column":50}},"119":{"start":{"line":388,"column":6},"end":{"line":390,"column":7}},"120":{"start":{"line":389,"column":8},"end":{"line":389,"column":46}},"121":{"start":{"line":392,"column":6},"end":{"line":392,"column":22}},"122":{"start":{"line":394,"column":6},"end":{"line":394,"column":64}},"123":{"start":{"line":395,"column":6},"end":{"line":395,"column":18}},"124":{"start":{"line":400,"column":4},"end":{"line":413,"column":5}},"125":{"start":{"line":401,"column":6},"end":{"line":403,"column":7}},"126":{"start":{"line":402,"column":8},"end":{"line":402,"column":47}},"127":{"start":{"line":404,"column":23},"end":{"line":404,"column":50}},"128":{"start":{"line":405,"column":6},"end":{"line":407,"column":7}},"129":{"start":{"line":406,"column":8},"end":{"line":406,"column":46}},"130":{"start":{"line":408,"column":30},"end":{"line":408,"column":57}},"131":{"start":{"line":409,"column":6},"end":{"line":409,"column":29}},"132":{"start":{"line":411,"column":6},"end":{"line":411,"column":61}},"133":{"start":{"line":412,"column":6},"end":{"line":412,"column":18}},"134":{"start":{"line":417,"column":4},"end":{"line":442,"column":5}},"135":{"start":{"line":418,"column":6},"end":{"line":420,"column":7}},"136":{"start":{"line":419,"column":8},"end":{"line":419,"column":47}},"137":{"start":{"line":422,"column":23},"end":{"line":422,"column":50}},"138":{"start":{"line":424,"column":6},"end":{"line":426,"column":7}},"139":{"start":{"line":425,"column":8},"end":{"line":425,"column":46}},"140":{"start":{"line":428,"column":30},"end":{"line":430,"column":8}},"141":{"start":{"line":432,"column":6},"end":{"line":432,"column":31}},"142":{"start":{"line":434,"column":16},"end":{"line":436,"column":8}},"143":{"start":{"line":438,"column":6},"end":{"line":438,"column":22}},"144":{"start":{"line":440,"column":6},"end":{"line":440,"column":61}},"145":{"start":{"line":441,"column":6},"end":{"line":441,"column":18}}},"fnMap":{"0":{"name":"(anonymous_0)","decl":{"start":{"line":10,"column":2},"end":{"line":10,"column":3}},"loc":{"start":{"line":13,"column":23},"end":{"line":43,"column":3}},"line":13},"1":{"name":"(anonymous_1)","decl":{"start":{"line":45,"column":2},"end":{"line":45,"column":3}},"loc":{"start":{"line":45,"column":66},"end":{"line":97,"column":3}},"line":45},"2":{"name":"(anonymous_2)","decl":{"start":{"line":99,"column":2},"end":{"line":99,"column":3}},"loc":{"start":{"line":108,"column":4},"end":{"line":160,"column":3}},"line":108},"3":{"name":"(anonymous_3)","decl":{"start":{"line":138,"column":10},"end":{"line":138,"column":11}},"loc":{"start":{"line":139,"column":12},"end":{"line":139,"column":76}},"line":139},"4":{"name":"(anonymous_4)","decl":{"start":{"line":139,"column":37},"end":{"line":139,"column":38}},"loc":{"start":{"line":139,"column":55},"end":{"line":139,"column":75}},"line":139},"5":{"name":"(anonymous_5)","decl":{"start":{"line":141,"column":13},"end":{"line":141,"column":14}},"loc":{"start":{"line":141,"column":26},"end":{"line":146,"column":9}},"line":141},"6":{"name":"(anonymous_6)","decl":{"start":{"line":162,"column":2},"end":{"line":162,"column":3}},"loc":{"start":{"line":162,"column":78},"end":{"line":199,"column":3}},"line":162},"7":{"name":"(anonymous_7)","decl":{"start":{"line":201,"column":2},"end":{"line":201,"column":3}},"loc":{"start":{"line":201,"column":53},"end":{"line":259,"column":3}},"line":201},"8":{"name":"(anonymous_8)","decl":{"start":{"line":213,"column":33},"end":{"line":213,"column":34}},"loc":{"start":{"line":213,"column":62},"end":{"line":221,"column":7}},"line":213},"9":{"name":"(anonymous_9)","decl":{"start":{"line":261,"column":2},"end":{"line":261,"column":3}},"loc":{"start":{"line":261,"column":62},"end":{"line":316,"column":3}},"line":261},"10":{"name":"(anonymous_10)","decl":{"start":{"line":274,"column":24},"end":{"line":274,"column":25}},"loc":{"start":{"line":274,"column":48},"end":{"line":283,"column":7}},"line":274},"11":{"name":"(anonymous_11)","decl":{"start":{"line":285,"column":53},"end":{"line":285,"column":54}},"loc":{"start":{"line":285,"column":77},"end":{"line":304,"column":7}},"line":285},"12":{"name":"(anonymous_12)","decl":{"start":{"line":296,"column":49},"end":{"line":296,"column":50}},"loc":{"start":{"line":296,"column":75},"end":{"line":300,"column":11}},"line":296},"13":{"name":"(anonymous_13)","decl":{"start":{"line":318,"column":2},"end":{"line":318,"column":3}},"loc":{"start":{"line":322,"column":4},"end":{"line":376,"column":3}},"line":322},"14":{"name":"(anonymous_14)","decl":{"start":{"line":340,"column":47},"end":{"line":340,"column":48}},"loc":{"start":{"line":340,"column":61},"end":{"line":364,"column":7}},"line":340},"15":{"name":"(anonymous_15)","decl":{"start":{"line":356,"column":49},"end":{"line":356,"column":50}},"loc":{"start":{"line":356,"column":63},"end":{"line":360,"column":11}},"line":356},"16":{"name":"(anonymous_16)","decl":{"start":{"line":378,"column":2},"end":{"line":378,"column":3}},"loc":{"start":{"line":378,"column":36},"end":{"line":397,"column":3}},"line":378},"17":{"name":"(anonymous_17)","decl":{"start":{"line":399,"column":2},"end":{"line":399,"column":3}},"loc":{"start":{"line":399,"column":46},"end":{"line":414,"column":3}},"line":399},"18":{"name":"(anonymous_18)","decl":{"start":{"line":416,"column":2},"end":{"line":416,"column":3}},"loc":{"start":{"line":416,"column":35},"end":{"line":443,"column":3}},"line":416}},"branchMap":{"0":{"loc":{"start":{"line":19,"column":6},"end":{"line":21,"column":7}},"type":"if","locations":[{"start":{"line":19,"column":6},"end":{"line":21,"column":7}},{"start":{},"end":{}}],"line":19},"1":{"loc":{"start":{"line":24,"column":8},"end":{"line":24,"column":65}},"type":"binary-expr","locations":[{"start":{"line":24,"column":8},"end":{"line":24,"column":51}},{"start":{"line":24,"column":55},"end":{"line":24,"column":65}}],"line":24},"2":{"loc":{"start":{"line":35,"column":6},"end":{"line":37,"column":7}},"type":"if","locations":[{"start":{"line":35,"column":6},"end":{"line":37,"column":7}},{"start":{},"end":{}}],"line":35},"3":{"loc":{"start":{"line":51,"column":6},"end":{"line":53,"column":7}},"type":"if","locations":[{"start":{"line":51,"column":6},"end":{"line":53,"column":7}},{"start":{},"end":{}}],"line":51},"4":{"loc":{"start":{"line":56,"column":8},"end":{"line":56,"column":65}},"type":"binary-expr","locations":[{"start":{"line":56,"column":8},"end":{"line":56,"column":51}},{"start":{"line":56,"column":55},"end":{"line":56,"column":65}}],"line":56},"5":{"loc":{"start":{"line":71,"column":6},"end":{"line":73,"column":7}},"type":"if","locations":[{"start":{"line":71,"column":6},"end":{"line":73,"column":7}},{"start":{},"end":{}}],"line":71},"6":{"loc":{"start":{"line":88,"column":6},"end":{"line":90,"column":7}},"type":"if","locations":[{"start":{"line":88,"column":6},"end":{"line":90,"column":7}},{"start":{},"end":{}}],"line":88},"7":{"loc":{"start":{"line":114,"column":6},"end":{"line":116,"column":7}},"type":"if","locations":[{"start":{"line":114,"column":6},"end":{"line":116,"column":7}},{"start":{},"end":{}}],"line":114},"8":{"loc":{"start":{"line":132,"column":6},"end":{"line":134,"column":7}},"type":"if","locations":[{"start":{"line":132,"column":6},"end":{"line":134,"column":7}},{"start":{},"end":{}}],"line":132},"9":{"loc":{"start":{"line":148,"column":6},"end":{"line":150,"column":7}},"type":"if","locations":[{"start":{"line":148,"column":6},"end":{"line":150,"column":7}},{"start":{},"end":{}}],"line":148},"10":{"loc":{"start":{"line":155,"column":6},"end":{"line":157,"column":7}},"type":"if","locations":[{"start":{"line":155,"column":6},"end":{"line":157,"column":7}},{"start":{},"end":{}}],"line":155},"11":{"loc":{"start":{"line":168,"column":6},"end":{"line":170,"column":7}},"type":"if","locations":[{"start":{"line":168,"column":6},"end":{"line":170,"column":7}},{"start":{},"end":{}}],"line":168},"12":{"loc":{"start":{"line":174,"column":6},"end":{"line":176,"column":7}},"type":"if","locations":[{"start":{"line":174,"column":6},"end":{"line":176,"column":7}},{"start":{},"end":{}}],"line":174},"13":{"loc":{"start":{"line":185,"column":6},"end":{"line":187,"column":7}},"type":"if","locations":[{"start":{"line":185,"column":6},"end":{"line":187,"column":7}},{"start":{},"end":{}}],"line":185},"14":{"loc":{"start":{"line":203,"column":6},"end":{"line":205,"column":7}},"type":"if","locations":[{"start":{"line":203,"column":6},"end":{"line":205,"column":7}},{"start":{},"end":{}}],"line":203},"15":{"loc":{"start":{"line":203,"column":10},"end":{"line":203,"column":49}},"type":"binary-expr","locations":[{"start":{"line":203,"column":10},"end":{"line":203,"column":24}},{"start":{"line":203,"column":28},"end":{"line":203,"column":49}}],"line":203},"16":{"loc":{"start":{"line":209,"column":6},"end":{"line":211,"column":7}},"type":"if","locations":[{"start":{"line":209,"column":6},"end":{"line":211,"column":7}},{"start":{},"end":{}}],"line":209},"17":{"loc":{"start":{"line":214,"column":8},"end":{"line":214,"column":30}},"type":"if","locations":[{"start":{"line":214,"column":8},"end":{"line":214,"column":30}},{"start":{},"end":{}}],"line":214},"18":{"loc":{"start":{"line":218,"column":15},"end":{"line":220,"column":16}},"type":"cond-expr","locations":[{"start":{"line":219,"column":12},"end":{"line":219,"column":55}},{"start":{"line":220,"column":12},"end":{"line":220,"column":16}}],"line":218},"19":{"loc":{"start":{"line":218,"column":15},"end":{"line":218,"column":46}},"type":"binary-expr","locations":[{"start":{"line":218,"column":15},"end":{"line":218,"column":20}},{"start":{"line":218,"column":24},"end":{"line":218,"column":46}}],"line":218},"20":{"loc":{"start":{"line":223,"column":6},"end":{"line":225,"column":7}},"type":"if","locations":[{"start":{"line":223,"column":6},"end":{"line":225,"column":7}},{"start":{},"end":{}}],"line":223},"21":{"loc":{"start":{"line":223,"column":10},"end":{"line":223,"column":63}},"type":"binary-expr","locations":[{"start":{"line":223,"column":10},"end":{"line":223,"column":24}},{"start":{"line":223,"column":28},"end":{"line":223,"column":63}}],"line":223},"22":{"loc":{"start":{"line":240,"column":6},"end":{"line":242,"column":7}},"type":"if","locations":[{"start":{"line":240,"column":6},"end":{"line":242,"column":7}},{"start":{},"end":{}}],"line":240},"23":{"loc":{"start":{"line":244,"column":6},"end":{"line":249,"column":7}},"type":"if","locations":[{"start":{"line":244,"column":6},"end":{"line":249,"column":7}},{"start":{},"end":{}}],"line":244},"24":{"loc":{"start":{"line":254,"column":6},"end":{"line":256,"column":7}},"type":"if","locations":[{"start":{"line":254,"column":6},"end":{"line":256,"column":7}},{"start":{},"end":{}}],"line":254},"25":{"loc":{"start":{"line":254,"column":10},"end":{"line":254,"column":55}},"type":"binary-expr","locations":[{"start":{"line":254,"column":10},"end":{"line":254,"column":22}},{"start":{"line":254,"column":26},"end":{"line":254,"column":55}}],"line":254},"26":{"loc":{"start":{"line":261,"column":24},"end":{"line":261,"column":40}},"type":"default-arg","locations":[{"start":{"line":261,"column":39},"end":{"line":261,"column":40}}],"line":261},"27":{"loc":{"start":{"line":261,"column":42},"end":{"line":261,"column":60}},"type":"default-arg","locations":[{"start":{"line":261,"column":58},"end":{"line":261,"column":60}}],"line":261},"28":{"loc":{"start":{"line":277,"column":10},"end":{"line":277,"column":75}},"type":"binary-expr","locations":[{"start":{"line":277,"column":10},"end":{"line":277,"column":56}},{"start":{"line":277,"column":60},"end":{"line":277,"column":75}}],"line":277},"29":{"loc":{"start":{"line":279,"column":8},"end":{"line":282,"column":9}},"type":"if","locations":[{"start":{"line":279,"column":8},"end":{"line":282,"column":9}},{"start":{},"end":{}}],"line":279},"30":{"loc":{"start":{"line":320,"column":4},"end":{"line":320,"column":20}},"type":"default-arg","locations":[{"start":{"line":320,"column":19},"end":{"line":320,"column":20}}],"line":320},"31":{"loc":{"start":{"line":321,"column":4},"end":{"line":321,"column":22}},"type":"default-arg","locations":[{"start":{"line":321,"column":20},"end":{"line":321,"column":22}}],"line":321},"32":{"loc":{"start":{"line":343,"column":30},"end":{"line":345,"column":16}},"type":"cond-expr","locations":[{"start":{"line":344,"column":12},"end":{"line":344,"column":55}},{"start":{"line":345,"column":12},"end":{"line":345,"column":16}}],"line":343},"33":{"loc":{"start":{"line":382,"column":6},"end":{"line":384,"column":7}},"type":"if","locations":[{"start":{"line":382,"column":6},"end":{"line":384,"column":7}},{"start":{},"end":{}}],"line":382},"34":{"loc":{"start":{"line":388,"column":6},"end":{"line":390,"column":7}},"type":"if","locations":[{"start":{"line":388,"column":6},"end":{"line":390,"column":7}},{"start":{},"end":{}}],"line":388},"35":{"loc":{"start":{"line":401,"column":6},"end":{"line":403,"column":7}},"type":"if","locations":[{"start":{"line":401,"column":6},"end":{"line":403,"column":7}},{"start":{},"end":{}}],"line":401},"36":{"loc":{"start":{"line":405,"column":6},"end":{"line":407,"column":7}},"type":"if","locations":[{"start":{"line":405,"column":6},"end":{"line":407,"column":7}},{"start":{},"end":{}}],"line":405},"37":{"loc":{"start":{"line":418,"column":6},"end":{"line":420,"column":7}},"type":"if","locations":[{"start":{"line":418,"column":6},"end":{"line":420,"column":7}},{"start":{},"end":{}}],"line":418},"38":{"loc":{"start":{"line":424,"column":6},"end":{"line":426,"column":7}},"type":"if","locations":[{"start":{"line":424,"column":6},"end":{"line":426,"column":7}},{"start":{},"end":{}}],"line":424}},"s":{"0":0,"1":0,"2":0,"3":0,"4":0,"5":0,"6":0,"7":0,"8":0,"9":0,"10":0,"11":0,"12":0,"13":0,"14":0,"15":0,"16":0,"17":0,"18":0,"19":0,"20":0,"21":0,"22":0,"23":0,"24":0,"25":0,"26":0,"27":0,"28":0,"29":0,"30":0,"31":0,"32":0,"33":0,"34":0,"35":0,"36":0,"37":0,"38":0,"39":0,"40":0,"41":0,"42":0,"43":0,"44":0,"45":0,"46":0,"47":0,"48":0,"49":0,"50":0,"51":0,"52":0,"53":0,"54":0,"55":0,"56":0,"57":0,"58":0,"59":0,"60":0,"61":0,"62":0,"63":0,"64":0,"65":0,"66":0,"67":0,"68":0,"69":0,"70":0,"71":0,"72":0,"73":0,"74":0,"75":0,"76":0,"77":0,"78":0,"79":0,"80":0,"81":0,"82":0,"83":0,"84":0,"85":0,"86":0,"87":0,"88":0,"89":0,"90":0,"91":0,"92":0,"93":0,"94":0,"95":0,"96":0,"97":0,"98":0,"99":0,"100":0,"101":0,"102":0,"103":0,"104":0,"105":0,"106":0,"107":0,"108":0,"109":0,"110":0,"111":0,"112":0,"113":0,"114":0,"115":0,"116":0,"117":0,"118":0,"119":0,"120":0,"121":0,"122":0,"123":0,"124":0,"125":0,"126":0,"127":0,"128":0,"129":0,"130":0,"131":0,"132":0,"133":0,"134":0,"135":0,"136":0,"137":0,"138":0,"139":0,"140":0,"141":0,"142":0,"143":0,"144":0,"145":0},"f":{"0":0,"1":0,"2":0,"3":0,"4":0,"5":0,"6":0,"7":0,"8":0,"9":0,"10":0,"11":0,"12":0,"13":0,"14":0,"15":0,"16":0,"17":0,"18":0},"b":{"0":[0,0],"1":[0,0],"2":[0,0],"3":[0,0],"4":[0,0],"5":[0,0],"6":[0,0],"7":[0,0],"8":[0,0],"9":[0,0],"10":[0,0],"11":[0,0],"12":[0,0],"13":[0,0],"14":[0,0],"15":[0,0],"16":[0,0],"17":[0,0],"18":[0,0],"19":[0,0],"20":[0,0],"21":[0,0],"22":[0,0],"23":[0,0],"24":[0,0],"25":[0,0],"26":[0],"27":[0],"28":[0,0],"29":[0,0],"30":[0],"31":[0],"32":[0,0],"33":[0,0],"34":[0,0],"35":[0,0],"36":[0,0],"37":[0,0],"38":[0,0]},"all":true},"/Users/solomon/Desktop/Projects/Projects/home_workout_app/server/src/services/userService.ts":{"path":"/Users/solomon/Desktop/Projects/Projects/home_workout_app/server/src/services/userService.ts","statementMap":{"0":{"start":{"line":9,"column":4},"end":{"line":11,"column":5}},"1":{"start":{"line":10,"column":6},"end":{"line":10,"column":49}},"2":{"start":{"line":13,"column":23},"end":{"line":13,"column":51}},"3":{"start":{"line":14,"column":4},"end":{"line":16,"column":5}},"4":{"start":{"line":15,"column":6},"end":{"line":15,"column":46}},"5":{"start":{"line":18,"column":26},"end":{"line":18,"column":49}},"6":{"start":{"line":19,"column":4},"end":{"line":23,"column":5}},"7":{"start":{"line":20,"column":6},"end":{"line":22,"column":8}},"8":{"start":{"line":25,"column":22},"end":{"line":25,"column":41}},"9":{"start":{"line":26,"column":4},"end":{"line":30,"column":5}},"10":{"start":{"line":27,"column":6},"end":{"line":29,"column":8}},"11":{"start":{"line":32,"column":25},"end":{"line":32,"column":77}},"12":{"start":{"line":34,"column":4},"end":{"line":36,"column":5}},"13":{"start":{"line":35,"column":6},"end":{"line":35,"column":46}},"14":{"start":{"line":38,"column":27},"end":{"line":38,"column":63}},"15":{"start":{"line":39,"column":17},"end":{"line":42,"column":6}},"16":{"start":{"line":43,"column":18},"end":{"line":47,"column":5}},"17":{"start":{"line":49,"column":4},"end":{"line":55,"column":6}},"18":{"start":{"line":60,"column":4},"end":{"line":62,"column":5}},"19":{"start":{"line":61,"column":6},"end":{"line":61,"column":45}},"20":{"start":{"line":64,"column":17},"end":{"line":64,"column":40}},"21":{"start":{"line":66,"column":27},"end":{"line":68,"column":6}},"22":{"start":{"line":70,"column":25},"end":{"line":72,"column":6}},"23":{"start":{"line":74,"column":4},"end":{"line":76,"column":5}},"24":{"start":{"line":75,"column":6},"end":{"line":75,"column":40}},"25":{"start":{"line":78,"column":4},"end":{"line":86,"column":6}},"26":{"start":{"line":90,"column":4},"end":{"line":90,"column":26}},"27":{"start":{"line":94,"column":4},"end":{"line":96,"column":5}},"28":{"start":{"line":95,"column":6},"end":{"line":95,"column":45}},"29":{"start":{"line":98,"column":17},"end":{"line":98,"column":40}},"30":{"start":{"line":100,"column":4},"end":{"line":102,"column":5}},"31":{"start":{"line":101,"column":6},"end":{"line":101,"column":40}},"32":{"start":{"line":104,"column":4},"end":{"line":118,"column":5}},"33":{"start":{"line":105,"column":28},"end":{"line":107,"column":8}},"34":{"start":{"line":109,"column":6},"end":{"line":111,"column":7}},"35":{"start":{"line":110,"column":8},"end":{"line":110,"column":48}},"36":{"start":{"line":113,"column":25},"end":{"line":113,"column":53}},"37":{"start":{"line":115,"column":6},"end":{"line":117,"column":7}},"38":{"start":{"line":116,"column":8},"end":{"line":116,"column":48}},"39":{"start":{"line":120,"column":4},"end":{"line":128,"column":5}},"40":{"start":{"line":121,"column":24},"end":{"line":121,"column":43}},"41":{"start":{"line":123,"column":6},"end":{"line":127,"column":7}},"42":{"start":{"line":124,"column":8},"end":{"line":126,"column":10}},"43":{"start":{"line":130,"column":4},"end":{"line":130,"column":35}},"44":{"start":{"line":134,"column":4},"end":{"line":136,"column":5}},"45":{"start":{"line":135,"column":6},"end":{"line":135,"column":45}},"46":{"start":{"line":137,"column":24},"end":{"line":137,"column":53}},"47":{"start":{"line":138,"column":4},"end":{"line":157,"column":5}},"48":{"start":{"line":139,"column":19},"end":{"line":139,"column":59}},"49":{"start":{"line":141,"column":6},"end":{"line":144,"column":7}},"50":{"start":{"line":142,"column":8},"end":{"line":142,"column":37}},"51":{"start":{"line":143,"column":8},"end":{"line":143,"column":17}},"52":{"start":{"line":146,"column":6},"end":{"line":146,"column":68}},"53":{"start":{"line":147,"column":6},"end":{"line":147,"column":69}},"54":{"start":{"line":149,"column":6},"end":{"line":149,"column":42}},"55":{"start":{"line":150,"column":6},"end":{"line":150,"column":33}},"56":{"start":{"line":152,"column":6},"end":{"line":152,"column":15}},"57":{"start":{"line":154,"column":6},"end":{"line":154,"column":35}},"58":{"start":{"line":155,"column":6},"end":{"line":155,"column":27}},"59":{"start":{"line":156,"column":6},"end":{"line":156,"column":37}},"60":{"start":{"line":161,"column":4},"end":{"line":163,"column":5}},"61":{"start":{"line":162,"column":6},"end":{"line":162,"column":49}},"62":{"start":{"line":165,"column":23},"end":{"line":165,"column":51}},"63":{"start":{"line":166,"column":4},"end":{"line":168,"column":5}},"64":{"start":{"line":167,"column":6},"end":{"line":167,"column":46}},"65":{"start":{"line":169,"column":26},"end":{"line":169,"column":49}},"66":{"start":{"line":170,"column":4},"end":{"line":174,"column":5}},"67":{"start":{"line":171,"column":6},"end":{"line":173,"column":8}},"68":{"start":{"line":176,"column":17},"end":{"line":176,"column":57}},"69":{"start":{"line":177,"column":4},"end":{"line":177,"column":49}},"70":{"start":{"line":177,"column":15},"end":{"line":177,"column":49}},"71":{"start":{"line":179,"column":28},"end":{"line":179,"column":73}},"72":{"start":{"line":180,"column":4},"end":{"line":180,"column":62}},"73":{"start":{"line":180,"column":26},"end":{"line":180,"column":62}},"74":{"start":{"line":182,"column":18},"end":{"line":186,"column":5}},"75":{"start":{"line":188,"column":4},"end":{"line":194,"column":6}}},"fnMap":{"0":{"name":"(anonymous_0)","decl":{"start":{"line":8,"column":2},"end":{"line":8,"column":3}},"loc":{"start":{"line":8,"column":49},"end":{"line":56,"column":3}},"line":8},"1":{"name":"(anonymous_1)","decl":{"start":{"line":58,"column":2},"end":{"line":58,"column":3}},"loc":{"start":{"line":58,"column":32},"end":{"line":87,"column":3}},"line":58},"2":{"name":"(anonymous_2)","decl":{"start":{"line":89,"column":2},"end":{"line":89,"column":3}},"loc":{"start":{"line":89,"column":22},"end":{"line":91,"column":3}},"line":89},"3":{"name":"(anonymous_3)","decl":{"start":{"line":93,"column":2},"end":{"line":93,"column":3}},"loc":{"start":{"line":93,"column":42},"end":{"line":131,"column":3}},"line":93},"4":{"name":"(anonymous_4)","decl":{"
[...]
20":{"start":{"line":94,"column":6},"end":{"line":111,"column":7}},"21":{"start":{"line":95,"column":8},"end":{"line":110,"column":9}},"22":{"start":{"line":96,"column":42},"end":{"line":96,"column":50}},"23":{"start":{"line":98,"column":30},"end":{"line":104,"column":12}},"24":{"start":{"line":106,"column":10},"end":{"line":109,"column":13}},"25":{"start":{"line":113,"column":6},"end":{"line":113,"column":24}},"26":{"start":{"line":115,"column":6},"end":{"line":115,"column":60}},"27":{"start":{"line":116,"column":6},"end":{"line":116,"column":37}},"28":{"start":{"line":125,"column":4},"end":{"line":214,"column":5}},"29":{"start":{"line":126,"column":6},"end":{"line":128,"column":7}},"30":{"start":{"line":127,"column":8},"end":{"line":127,"column":21}},"31":{"start":{"line":130,"column":21},"end":{"line":130,"column":39}},"32":{"start":{"line":132,"column":40},"end":{"line":160,"column":8}},"33":{"start":{"line":162,"column":6},"end":{"line":164,"column":7}},"34":{"start":{"line":163,"column":8},"end":{"line":163,"column":46}},"35":{"start":{"line":166,"column":32},"end":{"line":203,"column":8}},"36":{"start":{"line":167,"column":28},"end":{"line":167,"column":44}},"37":{"start":{"line":170,"column":10},"end":{"line":173,"column":16}},"38":{"start":{"line":171,"column":33},"end":{"line":171,"column":65}},"39":{"start":{"line":175,"column":30},"end":{"line":175,"column":65}},"40":{"start":{"line":177,"column":8},"end":{"line":202,"column":10}},"41":{"start":{"line":184,"column":62},"end":{"line":187,"column":11}},"42":{"start":{"line":189,"column":64},"end":{"line":199,"column":13}},"43":{"start":{"line":205,"column":6},"end":{"line":210,"column":8}},"44":{"start":{"line":212,"column":6},"end":{"line":212,"column":69}},"45":{"start":{"line":213,"column":6},"end":{"line":213,"column":50}},"46":{"start":{"line":218,"column":4},"end":{"line":220,"column":5}},"47":{"start":{"line":219,"column":6},"end":{"line":219,"column":45}},"48":{"start":{"line":222,"column":4},"end":{"line":245,"column":5}},"49":{"start":{"line":223,"column":17},"end":{"line":223,"column":25}},"50":{"start":{"line":225,"column":6},"end":{"line":227,"column":7}},"51":{"start":{"line":226,"column":8},"end":{"line":226,"column":47}},"52":{"start":{"line":229,"column":22},"end":{"line":239,"column":8}},"53":{"start":{"line":241,"column":6},"end":{"line":241,"column":21}},"54":{"start":{"line":243,"column":6},"end":{"line":243,"column":60}},"55":{"start":{"line":244,"column":6},"end":{"line":244,"column":37}},"56":{"start":{"line":249,"column":4},"end":{"line":345,"column":5}},"57":{"start":{"line":250,"column":21},"end":{"line":250,"column":39}},"58":{"start":{"line":252,"column":40},"end":{"line":279,"column":8}},"59":{"start":{"line":281,"column":25},"end":{"line":281,"column":51}},"60":{"start":{"line":282,"column":40},"end":{"line":282,"column":42}},"61":{"start":{"line":284,"column":6},"end":{"line":293,"column":9}},"62":{"start":{"line":285,"column":28},"end":{"line":285,"column":65}},"63":{"start":{"line":287,"column":10},"end":{"line":287,"column":72}},"64":{"start":{"line":289,"column":8},"end":{"line":292,"column":9}},"65":{"start":{"line":290,"column":10},"end":{"line":290,"column":36}},"66":{"start":{"line":291,"column":10},"end":{"line":291,"column":39}},"67":{"start":{"line":295,"column":32},"end":{"line":334,"column":8}},"68":{"start":{"line":296,"column":28},"end":{"line":296,"column":65}},"69":{"start":{"line":299,"column":10},"end":{"line":303,"column":16}},"70":{"start":{"line":301,"column":14},"end":{"line":301,"column":46}},"71":{"start":{"line":305,"column":30},"end":{"line":305,"column":65}},"72":{"start":{"line":307,"column":8},"end":{"line":333,"column":10}},"73":{"start":{"line":314,"column":74},"end":{"line":318,"column":11}},"74":{"start":{"line":320,"column":74},"end":{"line":330,"column":13}},"75":{"start":{"line":336,"column":6},"end":{"line":341,"column":8}},"76":{"start":{"line":343,"column":6},"end":{"line":343,"column":62}},"77":{"start":{"line":344,"column":6},"end":{"line":344,"column":50}},"78":{"start":{"line":349,"column":4},"end":{"line":384,"column":5}},"79":{"start":{"line":350,"column":22},"end":{"line":363,"column":8}},"80":{"start":{"line":365,"column":6},"end":{"line":367,"column":7}},"81":{"start":{"line":366,"column":8},"end":{"line":366,"column":20}},"82":{"start":{"line":368,"column":26},"end":{"line":368,"column":42}},"83":{"start":{"line":371,"column":8},"end":{"line":374,"column":14}},"84":{"start":{"line":372,"column":31},"end":{"line":372,"column":63}},"85":{"start":{"line":376,"column":28},"end":{"line":376,"column":63}},"86":{"start":{"line":378,"column":6},"end":{"line":378,"column":39}},"87":{"start":{"line":380,"column":6},"end":{"line":380,"column":21}},"88":{"start":{"line":382,"column":6},"end":{"line":382,"column":63}},"89":{"start":{"line":383,"column":6},"end":{"line":383,"column":43}},"90":{"start":{"line":388,"column":4},"end":{"line":388,"column":26}},"91":{"start":{"line":390,"column":4},"end":{"line":409,"column":5}},"92":{"start":{"line":391,"column":6},"end":{"line":393,"column":7}},"93":{"start":{"line":392,"column":8},"end":{"line":392,"column":47}},"94":{"start":{"line":395,"column":6},"end":{"line":395,"column":80}},"95":{"start":{"line":397,"column":22},"end":{"line":397,"column":48}},"96":{"start":{"line":399,"column":6},"end":{"line":401,"column":7}},"97":{"start":{"line":400,"column":8},"end":{"line":400,"column":21}},"98":{"start":{"line":403,"column":6},"end":{"line":403,"column":33}},"99":{"start":{"line":405,"column":6},"end":{"line":405,"column":21}},"100":{"start":{"line":407,"column":6},"end":{"line":407,"column":60}},"101":{"start":{"line":408,"column":6},"end":{"line":408,"column":18}},"102":{"start":{"line":413,"column":4},"end":{"line":427,"column":5}},"103":{"start":{"line":414,"column":6},"end":{"line":416,"column":7}},"104":{"start":{"line":415,"column":8},"end":{"line":415,"column":47}},"105":{"start":{"line":417,"column":6},"end":{"line":417,"column":60}},"106":{"start":{"line":418,"column":22},"end":{"line":418,"column":48}},"107":{"start":{"line":419,"column":6},"end":{"line":421,"column":7}},"108":{"start":{"line":420,"column":8},"end":{"line":420,"column":17}},"109":{"start":{"line":422,"column":6},"end":{"line":422,"column":30}},"110":{"start":{"line":423,"column":6},"end":{"line":423,"column":15}},"111":{"start":{"line":425,"column":6},"end":{"line":425,"column":60}},"112":{"start":{"line":426,"column":6},"end":{"line":426,"column":50}}},"fnMap":{"0":{"name":"(anonymous_0)","decl":{"start":{"line":10,"column":2},"end":{"line":10,"column":3}},"loc":{"start":{"line":10,"column":76},"end":{"line":35,"column":3}},"line":10},"1":{"name":"(anonymous_1)","decl":{"start":{"line":37,"column":2},"end":{"line":37,"column":3}},"loc":{"start":{"line":37,"column":54},"end":{"line":118,"column":3}},"line":37},"2":{"name":"(anonymous_2)","decl":{"start":{"line":120,"column":2},"end":{"line":120,"column":3}},"loc":{"start":{"line":124,"column":4},"end":{"line":215,"column":3}},"line":124},"3":{"name":"(anonymous_3)","decl":{"start":{"line":166,"column":45},"end":{"line":166,"column":46}},"loc":{"start":{"line":166,"column":58},"end":{"line":203,"column":7}},"line":166},"4":{"name":"(anonymous_4)","decl":{"start":{"line":171,"column":12},"end":{"line":171,"column":13}},"loc":{"start":{"line":171,"column":33},"end":{"line":171,"column":65}},"line":171},"5":{"name":"(anonymous_5)","decl":{"start":{"line":184,"column":48},"end":{"line":184,"column":49}},"loc":{"start":{"line":184,"column":62},"end":{"line":187,"column":11}},"line":184},"6":{"name":"(anonymous_6)","decl":{"start":{"line":189,"column":39},"end":{"line":189,"column":40}},"loc":{"start":{"line":189,"column":64},"end":{"line":199,"column":13}},"line":189},"7":{"name":"(anonymous_7)","decl":{"start":{"line":217,"column":2},"end":{"line":217,"column":3}},"loc":{"start":{"line":217,"column":54},"end":{"line":246,"column":3}},"line":217},"8":{"name":"(anonymous_8)","decl":{"start":{"line":248,"column":2},"end":{"line":248,"column":3}},"loc":{"start":{"line":248,"column":61},"end":{"line":346,"column":3}},"line":248},"9":{"name":"(anonymous_9)","decl":{"start":{"line":284,"column":23},"end":{"line":284,"column":24}},"loc":{"start":{"line":284,"column":45},"end":{"line":293,"column":7}},"line":284},"10":{"name":"(anonymous_10)","decl":{"start":{"line":295,"column":51},"end":{"line":295,"column":52}},"loc":{"start":{"line":295,"column":73},"end":{"line":334,"column":7}},"line":295},"11":{"name":"(anonymous_11)","decl":{"start":{"line":300,"column":12},"end":{"line":300,"column":13}},"loc":{"start":{"line":301,"column":14},"end":{"line":301,"column":46}},"line":301},"12":{"name":"(anonymous_12)","decl":{"start":{"line":314,"column":48},"end":{"line":314,"column":49}},"loc":{"start":{"line":314,"column":74},"end":{"line":318,"column":11}},"line":314},"13":{"name":"(anonymous_13)","decl":{"start":{"line":320,"column":39},"end":{"line":320,"column":40}},"loc":{"start":{"line":320,"column":74},"end":{"line":330,"column":13}},"line":320},"14":{"name":"(anonymous_14)","decl":{"start":{"line":348,"column":2},"end":{"line":348,"column":3}},"loc":{"start":{"line":348,"column":35},"end":{"line":385,"column":3}},"line":348},"15":{"name":"(anonymous_15)","decl":{"start":{"line":372,"column":10},"end":{"line":372,"column":11}},"loc":{"start":{"line":372,"column":31},"end":{"line":372,"column":63}},"line":372},"16":{"name":"(anonymous_16)","decl":{"start":{"line":387,"column":2},"end":{"line":387,"column":3}},"loc":{"start":{"line":387,"column":68},"end":{"line":410,"column":3}},"line":387},"17":{"name":"(anonymous_17)","decl":{"start":{"line":412,"column":2},"end":{"line":412,"column":3}},"loc":{"start":{"line":412,"column":34},"end":{"line":428,"column":3}},"line":412}},"branchMap":{"0":{"loc":{"start":{"line":14,"column":6},"end":{"line":16,"column":7}},"type":"if","locations":[{"start":{"line":14,"column":6},"end":{"line":16,"column":7}},{"start":{},"end":{}}],"line":14},"1":{"loc":{"start":{"line":19,"column":8},"end":{"line":19,"column":62}},"type":"binary-expr","locations":[{"start":{"line":19,"column":8},"end":{"line":19,"column":49}},{"start":{"line":19,"column":53},"end":{"line":19,"column":62}}],"line":19},"2":{"loc":{"start":{"line":61,"column":6},"end":{"line":63,"column":7}},"type":"if","locations":[{"start":{"line":61,"column":6},"end":{"line":63,"column":7}},{"start":{},"end":{}}],"line":61},"3":{"loc":{"start":{"line":66,"column":8},"end":{"line":66,"column":62}},"type":"binary-expr","locations":[{"start":{"line":66,"column":8},"end":{"line":66,"column":49}},{"start":{"line":66,"column":53},"end":{"line":66,"column":62}}],"line":66},"4":{"loc":{"start":{"line":77,"column":6},"end":{"line":79,"column":7}},"type":"if","locations":[{"start":{"line":77,"column":6},"end":{"line":79,"column":7}},{"start":{},"end":{}}],"line":77},"5":{"loc":{"start":{"line":94,"column":6},"end":{"line":111,"column":7}},"type":"if","locations":[{"start":{"line":94,"column":6},"end":{"line":111,"column":7}},{"start":{},"end":{}}],"line":94},"6":{"loc":{"start":{"line":94,"column":10},"end":{"line":94,"column":36}},"type":"binary-expr","locations":[{"start":{"line":94,"column":10},"end":{"line":94,"column":23}},{"start":{"line":94,"column":27},"end":{"line":94,"column":36}}],"line":94},"7":{"loc":{"start":{"line":122,"column":4},"end":{"line":122,"column":20}},"type":"default-arg","locations":[{"start":{"line":122,"column":19},"end":{"line":122,"column":20}}],"line":122},"8":{"loc":{"start":{"line":123,"column":4},"end":{"line":123,"column":22}},"type":"default-arg","locations":[{"start":{"line":123,"column":20},"end":{"line":123,"column":22}}],"line":123},"9":{"loc":{"start":{"line":126,"column":6},"end":{"line":128,"column":7}},"type":"if","locations":[{"start":{"line":126,"column":6},"end":{"line":128,"column":7}},{"start":{},"end":{}}],"line":126},"10":{"loc":{"start":{"line":162,"column":6},"end":{"line":164,"column":7}},"type":"if","locations":[{"start":{"line":162,"column":6},"end":{"line":164,"column":7}},{"start":{},"end":{}}],"line":162},"11":{"loc":{"start":{"line":170,"column":10},"end":{"line":173,"column":16}},"type":"binary-expr","locations":[{"start":{"line":170,"column":10},"end":{"line":173,"column":11}},{"start":{"line":173,"column":15},"end":{"line":173,"column":16}}],"line":170},"12":{"loc":{"start":{"line":171,"column":42},"end":{"line":171,"column":64}},"type":"binary-expr","locations":[{"start":{"line":171,"column":42},"end":{"line":171,"column":59}},{"start":{"line":171,"column":63},"end":{"line":171,"column":64}}],"line":171},"13":{"loc":{"start":{"line":189,"column":12},"end":{"line":199,"column":21}},"type":"binary-expr","locations":[{"start":{"line":189,"column":12},"end":{"line":199,"column":15}},{"start":{"line":199,"column":19},"end":{"line":199,"column":21}}],"line":189},"14":{"loc":{"start":{"line":218,"column":4},"end":{"line":220,"column":5}},"type":"if","locations":[{"start":{"line":218,"column":4},"end":{"line":220,"column":5}},{"start":{},"end":{}}],"line":218},"15":{"loc":{"start":{"line":225,"column":6},"end":{"line":227,"column":7}},"type":"if","locations":[{"start":{"line":225,"column":6},"end":{"line":227,"column":7}},{"start":{},"end":{}}],"line":225},"16":{"loc":{"start":{"line":248,"column":23},"end":{"line":248,"column":39}},"type":"default-arg","locations":[{"start":{"line":248,"column":38},"end":{"line":248,"column":39}}],"line":248},"17":{"loc":{"start":{"line":248,"column":41},"end":{"line":248,"column":59}},"type":"default-arg","locations":[{"start":{"line":248,"column":57},"end":{"line":248,"column":59}}],"line":248},"18":{"loc":{"start":{"line":287,"column":10},"end":{"line":287,"column":72}},"type":"binary-expr","locations":[{"start":{"line":287,"column":10},"end":{"line":287,"column":54}},{"start":{"line":287,"column":58},"end":{"line":287,"column":72}}],"line":287},"19":{"loc":{"start":{"line":289,"column":8},"end":{"line":292,"column":9}},"type":"if","locations":[{"start":{"line":289,"column":8},"end":{"line":292,"column":9}},{"start":{},"end":{}}],"line":289},"20":{"loc":{"start":{"line":299,"column":10},"end":{"line":303,"column":16}},"type":"binary-expr","locations":[{"start":{"line":299,"column":10},"end":{"line":303,"column":11}},{"start":{"line":303,"column":15},"end":{"line":303,"column":16}}],"line":299},"21":{"loc":{"start":{"line":301,"column":23},"end":{"line":301,"column":45}},"type":"binary-expr","locations":[{"start":{"line":301,"column":23},"end":{"line":301,"column":40}},{"start":{"line":301,"column":44},"end":{"line":301,"column":45}}],"line":301},"22":{"loc":{"start":{"line":320,"column":12},"end":{"line":330,"column":21}},"type":"binary-expr","locations":[{"start":{"line":320,"column":12},"end":{"line":330,"column":15}},{"start":{"line":330,"column":19},"end":{"line":330,"column":21}}],"line":320},"23":{"loc":{"start":{"line":365,"column":6},"end":{"line":367,"column":7}},"type":"if","locations":[{"start":{"line":365,"column":6},"end":{"line":367,"column":7}},{"start":{},"end":{}}],"line":365},"24":{"loc":{"start":{"line":371,"column":8},"end":{"line":374,"column":14}},"type":"binary-expr","locations":[{"start":{"line":371,"column":8},"end":{"line":374,"column":9}},{"start":{"line":374,"column":13},"end":{"line":374,"column":14}}],"line":371},"25":{"loc":{"start":{"line":372,"column":40},"end":{"line":372,"column":62}},"type":"binary-expr","locations":[{"start":{"line":372,"column":40},"end":{"line":372,"column":57}},{"start":{"line":372,"column":61},"end":{"line":372,"column":62}}],"line":372},"26":{"loc":{"start":{"line":391,"column":6},"end":{"line":393,"column":7}},"type":"if","locations":[{"start":{"line":391,"column":6},"end":{"line":393,"column":7}},{"start":{},"end":{}}],"line":391},"27":{"loc":{"start":{"line":399,"column":6},"end":{"line":401,"column":7}},"type":"if","locations":[{"start":{"line":399,"column":6},"end":{"line":401,"column":7}},{"start":{},"end":{}}],"line":399},"28":{"loc":{"start":{"line":414,"column":6},"end":{"line":416,"column":7}},"type":"if","locations":[{"start":{"line":414,"column":6},"end":{"line":416,"column":7}},{"start":{},"end":{}}],"line":414},"29":{"loc":{"start":{"line":419,"column":6},"end":{"line":421,"column":7}},"type":"if","locations":[{"start":{"line":419,"column":6},"end":{"line":421,"column":7}},{"start":{},"end":{}}],"line":419}},"s":{"0":0,"1":0,"2":0,"3":0,"4":0,"5":0,"6":0,"7":0,"8":0,"9":0,"10":0,"11":0,"12":0,"13":0,"14":0,"15":0,"16":0,"17":0,"18":0,"19":0,"20":0,"21":0,"22":0,"23":0,"24":0,"25":0,"26":0,"27":0,"28":0,"29":0,"30":0,"31":0,"32":0,"33":0,"34":0,"35":0,"36":0,"37":0,"38":0,"39":0,"40":0,"41":0,"42":0,"43":0,"44":0,"45":0,"46":0,"47":0,"48":0,"49":0,"50":0,"51":0,"52":0,"53":0,"54":0,"55":0,"56":0,"57":0,"58":0,"59":0,"60":0,"61":0,"62":0,"63":0,"64":0,"65":0,"66":0,"67":0,"68":0,"69":0,"70":0,"71":0,"72":0,"73":0,"74":0,"75":0,"76":0,"77":0,"78":0,"79":0,"80":0,"81":0,"82":0,"83":0,"84":0,"85":0,"86":0,"87":0,"88":0,"89":0,"90":0,"91":0,"92":0,"93":0,"94":0,"95":0,"96":0,"97":0,"98":0,"99":0,"100":0,"101":0,"102":0,"103":0,"104":0,"105":0,"106":0,"107":0,"108":0,"109":0,"110":0,"111":0,"112":0},"f":{"0":0,"1":0,"2":0,"3":0,"4":0,"5":0,"6":0,"7":0,"8":0,"9":0,"10":0,"11":0,"12":0,"13":0,"14":0,"15":0,"16":0,"17":0},"b":{"0":[0,0],"1":[0,0],"2":[0,0],"3":[0,0],"4":[0,0],"5":[0,0],"6":[0,0],"7":[0],"8":[0],"9":[0,0],"10":[0,0],"11":[0,0],"12":[0,0],"13":[0,0],"14":[0,0],"15":[0,0],"16":[0],"17":[0],"18":[0,0],"19":[0,0],"20":[0,0],"21":[0,0],"22":[0,0],"23":[0,0],"24":[0,0],"25":[0,0],"26":[0,0],"27":[0,0],"28":[0,0],"29":[0,0]},"all":true},"/Users/solomon/Desktop/Projects/Projects/home_workout_app/server/src/types/models/index.ts":{"path":"/Users/solomon/Desktop/Projects/Projects/home_workout_app/server/src/types/models/index.ts","statementMap":{},"fnMap":{},"branchMap":{},"s":{},"f":{},"b":{},"all":true},"/Users/solomon/Desktop/Projects/Projects/home_workout_app/server/src/types/services/index.ts":{"path":"/Users/solomon/Desktop/Projects/Projects/home_workout_app/server/src/types/services/index.ts","statementMap":{},"fnMap":{},"branchMap":{},"s":{},"f":{},"b":{},"all":true},"/Users/solomon/Desktop/Projects/Projects/home_workout_app/server/src/utils/formatMinutesToHours.ts":{"path":"/Users/solomon/Desktop/Projects/Projects/home_workout_app/server/src/utils/formatMinutesToHours.ts","statementMap":{"0":{"start":{"line":2,"column":2},"end":{"line":4,"column":3}},"1":{"start":{"line":3,"column":4},"end":{"line":3,"column":15}},"2":{"start":{"line":5,"column":2},"end":{"line":7,"column":3}},"3":{"start":{"line":6,"column":4},"end":{"line":6,"column":32}},"4":{"start":{"line":8,"column":2},"end":{"line":16,"column":3}},"5":{"start":{"line":9,"column":4},"end":{"line":9,"column":32}},"6":{"start":{"line":11,"column":18},"end":{"line":11,"column":42}},"7":{"start":{"line":12,"column":29},"end":{"line":12,"column":41}},"8":{"start":{"line":13,"column":4},"end":{"line":15,"column":31}}},"fnMap":{"0":{"name":"formatMinutesToHours","decl":{"start":{"line":1,"column":24},"end":{"line":1,"column":44}},"loc":{"start":{"line":1,"column":62},"end":{"line":17,"column":1}},"line":1}},"branchMap":{"0":{"loc":{"start":{"line":2,"column":2},"end":{"line":4,"column":3}},"type":"if","locations":[{"start":{"line":2,"column":2},"end":{"line":4,"column":3}},{"start":{},"end":{}}],"line":2},"1":{"loc":{"start":{"line":5,"column":2},"end":{"line":7,"column":3}},"type":"if","locations":[{"start":{"line":5,"column":2},"end":{"line":7,"column":3}},{"start":{},"end":{}}],"line":5},"2":{"loc":{"start":{"line":8,"column":2},"end":{"line":16,"column":3}},"type":"if","locations":[{"start":{"line":8,"column":2},"end":{"line":16,"column":3}},{"start":{"line":10,"column":9},"end":{"line":16,"column":3}}],"line":8}},"s":{"0":0,"1":0,"2":0,"3":0,"4":0,"5":0,"6":0,"7":0,"8":0},"f":{"0":0},"b":{"0":[0,0],"1":[0,0],"2":[0,0]},"all":true}}