{"/Users/solomon/Desktop/Projects/Projects/home_workout_app/server/src/index.ts":{"path":"/Users/solomon/Desktop/Projects/Projects/home_workout_app/server/src/index.ts","statementMap":{"0":{"start":{"line":2,"column":16},"end":{"line":10,"column":1}},"1":{"start":{"line":3,"column":28},"end":{"line":3,"column":110}},"2":{"start":{"line":3,"column":91},"end":{"line":3,"column":106}},"3":{"start":{"line":4,"column":4},"end":{"line":9,"column":7}},"4":{"start":{"line":5,"column":36},"end":{"line":5,"column":97}},"5":{"start":{"line":5,"column":42},"end":{"line":5,"column":70}},"6":{"start":{"line":5,"column":85},"end":{"line":5,"column":95}},"7":{"start":{"line":6,"column":35},"end":{"line":6,"column":100}},"8":{"start":{"line":6,"column":41},"end":{"line":6,"column":73}},"9":{"start":{"line":6,"column":88},"end":{"line":6,"column":98}},"10":{"start":{"line":7,"column":32},"end":{"line":7,"column":116}},"11":{"start":{"line":8,"column":8},"end":{"line":8,"column":78}},"12":{"start":{"line":11,"column":22},"end":{"line":13,"column":1}},"13":{"start":{"line":12,"column":4},"end":{"line":12,"column":62}},"14":{"start":{"line":14,"column":0},"end":{"line":14,"column":62}},"15":{"start":{"line":15,"column":18},"end":{"line":15,"column":53}},"16":{"start":{"line":16,"column":19},"end":{"line":16,"column":64}},"17":{"start":{"line":17,"column":22},"end":{"line":17,"column":61}},"18":{"start":{"line":18,"column":26},"end":{"line":18,"column":82}},"19":{"start":{"line":19,"column":16},"end":{"line":19,"column":41}},"20":{"start":{"line":20,"column":0},"end":{"line":20,"column":31}},"21":{"start":{"line":21,"column":12},"end":{"line":21,"column":36}},"22":{"start":{"line":22,"column":13},"end":{"line":22,"column":37}},"23":{"start":{"line":23,"column":0},"end":{"line":23,"column":34}},"24":{"start":{"line":24,"column":0},"end":{"line":24,"column":38}},"25":{"start":{"line":25,"column":0},"end":{"line":25,"column":41}},"26":{"start":{"line":26,"column":0},"end":{"line":26,"column":47}},"27":{"start":{"line":27,"column":0},"end":{"line":27,"column":49}},"28":{"start":{"line":28,"column":0},"end":{"line":28,"column":58}},"29":{"start":{"line":29,"column":0},"end":{"line":29,"column":57}},"30":{"start":{"line":30,"column":0},"end":{"line":30,"column":50}},"31":{"start":{"line":31,"column":0},"end":{"line":31,"column":40}},"32":{"start":{"line":32,"column":0},"end":{"line":32,"column":41}},"33":{"start":{"line":33,"column":0},"end":{"line":33,"column":35}},"34":{"start":{"line":34,"column":0},"end":{"line":36,"column":3}},"35":{"start":{"line":35,"column":4},"end":{"line":35,"column":30}},"36":{"start":{"line":37,"column":20},"end":{"line":50,"column":2}},"37":{"start":{"line":37,"column":26},"end":{"line":50,"column":2}},"38":{"start":{"line":38,"column":4},"end":{"line":49,"column":5}},"39":{"start":{"line":39,"column":8},"end":{"line":39,"column":48}},"40":{"start":{"line":40,"column":8},"end":{"line":40,"column":56}},"41":{"start":{"line":41,"column":8},"end":{"line":41,"column":40}},"42":{"start":{"line":42,"column":8},"end":{"line":42,"column":46}},"43":{"start":{"line":43,"column":8},"end":{"line":45,"column":11}},"44":{"start":{"line":44,"column":12},"end":{"line":44,"column":61}},"45":{"start":{"line":48,"column":8},"end":{"line":48,"column":67}},"46":{"start":{"line":51,"column":0},"end":{"line":51,"column":14}},"47":{"start":{"line":52,"column":0},"end":{"line":52,"column":22}}},"fnMap":{"0":{"name":"(anonymous_0)","decl":{"start":{"line":2,"column":44},"end":{"line":2,"column":45}},"loc":{"start":{"line":2,"column":89},"end":{"line":10,"column":1}},"line":2},"1":{"name":"adopt","decl":{"start":{"line":3,"column":13},"end":{"line":3,"column":18}},"loc":{"start":{"line":3,"column":26},"end":{"line":3,"column":112}},"line":3},"2":{"name":"(anonymous_2)","decl":{"start":{"line":3,"column":70},"end":{"line":3,"column":71}},"loc":{"start":{"line":3,"column":89},"end":{"line":3,"column":108}},"line":3},"3":{"name":"(anonymous_3)","decl":{"start":{"line":4,"column":36},"end":{"line":4,"column":37}},"loc":{"start":{"line":4,"column":63},"end":{"line":9,"column":5}},"line":4},"4":{"name":"fulfilled","decl":{"start":{"line":5,"column":17},"end":{"line":5,"column":26}},"loc":{"start":{"line":5,"column":34},"end":{"line":5,"column":99}},"line":5},"5":{"name":"rejected","decl":{"start":{"line":6,"column":17},"end":{"line":6,"column":25}},"loc":{"start":{"line":6,"column":33},"end":{"line":6,"column":102}},"line":6},"6":{"name":"step","decl":{"start":{"line":7,"column":17},"end":{"line":7,"column":21}},"loc":{"start":{"line":7,"column":30},"end":{"line":7,"column":118}},"line":7},"7":{"name":"(anonymous_7)","decl":{"start":{"line":11,"column":56},"end":{"line":11,"column":57}},"loc":{"start":{"line":11,"column":71},"end":{"line":13,"column":1}},"line":11},"8":{"name":"(anonymous_8)","decl":{"start":{"line":34,"column":13},"end":{"line":34,"column":14}},"loc":{"start":{"line":34,"column":27},"end":{"line":36,"column":1}},"line":34},"9":{"name":"(anonymous_9)","decl":{"start":{"line":37,"column":20},"end":{"line":37,"column":21}},"loc":{"start":{"line":37,"column":26},"end":{"line":50,"column":2}},"line":37},"10":{"name":"(anonymous_10)","decl":{"start":{"line":37,"column":60},"end":{"line":37,"column":61}},"loc":{"start":{"line":37,"column":73},"end":{"line":50,"column":1}},"line":37},"11":{"name":"(anonymous_11)","decl":{"start":{"line":43,"column":25},"end":{"line":43,"column":26}},"loc":{"start":{"line":43,"column":31},"end":{"line":45,"column":9}},"line":43}},"branchMap":{"0":{"loc":{"start":{"line":2,"column":16},"end":{"line":10,"column":1}},"type":"binary-expr","locations":[{"start":{"line":2,"column":17},"end":{"line":2,"column":21}},{"start":{"line":2,"column":25},"end":{"line":2,"column":39}},{"start":{"line":2,"column":44},"end":{"line":10,"column":1}}],"line":2},"1":{"loc":{"start":{"line":3,"column":35},"end":{"line":3,"column":109}},"type":"cond-expr","locations":[{"start":{"line":3,"column":56},"end":{"line":3,"column":61}},{"start":{"line":3,"column":64},"end":{"line":3,"column":109}}],"line":3},"2":{"loc":{"start":{"line":4,"column":16},"end":{"line":4,"column":34}},"type":"binary-expr","locations":[{"start":{"line":4,"column":16},"end":{"line":4,"column":17}},{"start":{"line":4,"column":22},"end":{"line":4,"column":33}}],"line":4},"3":{"loc":{"start":{"line":7,"column":32},"end":{"line":7,"column":115}},"type":"cond-expr","locations":[{"start":{"line":7,"column":46},"end":{"line":7,"column":67}},{"start":{"line":7,"column":70},"end":{"line":7,"column":115}}],"line":7},"4":{"loc":{"start":{"line":8,"column":51},"end":{"line":8,"column":67}},"type":"binary-expr","locations":[{"start":{"line":8,"column":51},"end":{"line":8,"column":61}},{"start":{"line":8,"column":65},"end":{"line":8,"column":67}}],"line":8},"5":{"loc":{"start":{"line":11,"column":22},"end":{"line":13,"column":1}},"type":"binary-expr","locations":[{"start":{"line":11,"column":23},"end":{"line":11,"column":27}},{"start":{"line":11,"column":31},"end":{"line":11,"column":51}},{"start":{"line":11,"column":56},"end":{"line":13,"column":1}}],"line":11},"6":{"loc":{"start":{"line":12,"column":11},"end":{"line":12,"column":61}},"type":"cond-expr","locations":[{"start":{"line":12,"column":37},"end":{"line":12,"column":40}},{"start":{"line":12,"column":43},"end":{"line":12,"column":61}}],"line":12},"7":{"loc":{"start":{"line":12,"column":12},"end":{"line":12,"column":33}},"type":"binary-expr","locations":[{"start":{"line":12,"column":12},"end":{"line":12,"column":15}},{"start":{"line":12,"column":19},"end":{"line":12,"column":33}}],"line":12},"8":{"loc":{"start":{"line":22,"column":13},"end":{"line":22,"column":37}},"type":"binary-expr","locations":[{"start":{"line":22,"column":13},"end":{"line":22,"column":29}},{"start":{"line":22,"column":33},"end":{"line":22,"column":37}}],"line":22}},"s":{"0":1,"1":2,"2":0,"3":1,"4":2,"5":2,"6":0,"7":0,"8":0,"9":0,"10":3,"11":1,"12":1,"13":4,"14":1,"15":1,"16":1,"17":1,"18":1,"19":1,"20":1,"21":1,"22":1,"23":1,"24":1,"25":1,"26":1,"27":1,"28":1,"29":1,"30":1,"31":1,"32":1,"33":1,"34":1,"35":1,"36":1,"37":1,"38":1,"39":1,"40":1,"41":1,"42":1,"43":1,"44":1,"45":0,"46":1,"47":1},"f":{"0":1,"1":2,"2":0,"3":1,"4":2,"5":0,"6":3,"7":4,"8":1,"9":1,"10":1,"11":1},"b":{"0":[1,1,1],"1":[2,0],"2":[1,1],"3":[1,2],"4":[1,1],"5":[1,1,1],"6":[2,2],"7":[4,4],"8":[1,0]},"inputSourceMap":{"version":3,"file":"/Users/solomon/Desktop/Projects/Projects/home_workout_app/server/src/index.ts","sources":["/Users/solomon/Desktop/Projects/Projects/home_workout_app/server/src/index.ts"],"names":[],"mappings":";;;;;;;;;;;;;;AAAA,sDAAkE;AAClE,iEAA0C;AAC1C,8DAAqC;AACrC,mFAA2D;AAC3D,0CASwB;AACxB,+BAA6B;AAE7B,MAAM,GAAG,GAAgB,IAAA,iBAAO,GAAE,CAAC;AACnC,MAAM,IAAI,GAAG,OAAO,CAAC,GAAG,CAAC,IAAI,IAAI,IAAI,CAAC;AAEtC,GAAG,CAAC,GAAG,CAAC,iBAAO,CAAC,IAAI,EAAE,CAAC,CAAC;AACxB,GAAG,CAAC,GAAG,CAAC,qBAAU,CAAC,IAAI,EAAE,CAAC,CAAC;AAE3B,GAAG,CAAC,GAAG,CAAC,YAAY,EAAE,iBAAS,CAAC,CAAC;AACjC,GAAG,CAAC,GAAG,CAAC,eAAe,EAAE,oBAAY,CAAC,CAAC;AACvC,GAAG,CAAC,GAAG,CAAC,eAAe,EAAE,sBAAc,CAAC,CAAC;AACzC,GAAG,CAAC,GAAG,CAAC,oBAAoB,EAAE,0BAAkB,CAAC,CAAC;AAClD,GAAG,CAAC,GAAG,CAAC,oBAAoB,EAAE,yBAAiB,CAAC,CAAC;AACjD,GAAG,CAAC,GAAG,CAAC,gBAAgB,EAAE,sBAAc,CAAC,CAAC;AAE1C,GAAG,CAAC,GAAG,CAAC,WAAW,EAAE,iBAAS,CAAC,CAAC;AAChC,GAAG,CAAC,GAAG,CAAC,WAAW,EAAE,kBAAU,CAAC,CAAC;AAEjC,GAAG,CAAC,GAAG,CAAC,yBAAe,CAAC,CAAC;AAEzB,GAAG,CAAC,GAAG,CAAC,GAAG,EAAE,CAAC,GAAY,EAAE,GAAa,EAAE,EAAE;IAC3C,GAAG,CAAC,IAAI,CAAC,eAAe,CAAC,CAAC;AAC5B,CAAC,CAAC,CAAC;AAEH,MAAM,WAAW,GAAG,GAAS,EAAE;IAC7B,IAAI,CAAC;QACH,MAAM,kBAAS,CAAC,YAAY,EAAE,CAAC;QAC/B,OAAO,CAAC,GAAG,CAAC,kCAAkC,CAAC,CAAC;QAEhD,MAAM,kBAAS,CAAC,IAAI,EAAE,CAAC;QACvB,OAAO,CAAC,GAAG,CAAC,wBAAwB,CAAC,CAAC;QAEtC,GAAG,CAAC,MAAM,CAAC,IAAI,EAAE,GAAG,EAAE;YACpB,OAAO,CAAC,GAAG,CAAC,6BAA6B,IAAI,EAAE,CAAC,CAAC;QACnD,CAAC,CAAC,CAAC;IACL,CAAC;IAAC,OAAO,KAAK,EAAE,CAAC;QACf,OAAO,CAAC,KAAK,CAAC,oCAAoC,EAAE,KAAK,CAAC,CAAC;IAC7D,CAAC;AACH,CAAC,CAAA,CAAC;AAEF,WAAW,EAAE,CAAC;AAEd,kBAAe,GAAG,CAAC","sourcesContent":["import express, { Application, Request, Response } from \"express\";\nimport sequelize from \"./config/database\";\nimport bodyParser from \"body-parser\";\nimport errorMiddleware from \"./middleware/errorMiddleware\";\nimport {\n  userRoute,\n  workoutRoute,\n  progressRoutes,\n  notificationRoutes,\n  workoutPlanRoutes,\n  exerciseRoutes,\n  testRoute,\n  errorRoute,\n} from \"./routes/index\";\nimport \"../src/models/index\";\n\nconst app: Application = express();\nconst PORT = process.env.PORT || 3000;\n\napp.use(express.json());\napp.use(bodyParser.json());\n\napp.use(\"/api/users\", userRoute);\napp.use(\"/api/workouts\", workoutRoute);\napp.use(\"/api/progress\", progressRoutes);\napp.use(\"/api/notifications\", notificationRoutes);\napp.use(\"/api/workout-plans\", workoutPlanRoutes);\napp.use(\"/api/exercises\", exerciseRoutes);\n\napp.use(\"/api/test\", testRoute);\napp.use(\"/api/test\", errorRoute);\n\napp.use(errorMiddleware);\n\napp.get(\"/\", (req: Request, res: Response) => {\n  res.send(\"Hello, world!\");\n});\n\nconst startServer = async () => {\n  try {\n    await sequelize.authenticate();\n    console.log(\"Database connected successfully.\");\n\n    await sequelize.sync();\n    console.log(\"Database synchronized.\");\n\n    app.listen(PORT, () => {\n      console.log(`Server is running on port ${PORT}`);\n    });\n  } catch (error) {\n    console.error(\"Unable to connect to the database:\", error);\n  }\n};\n\nstartServer();\n\nexport default app;\n"]},"_coverageSchema":"1a1c01bbd47fc00a2c39e90264f33305004495a9","hash":"a6e848dfc0154b0b61c4dda4600aad5d71588f90"},"/Users/solomon/Desktop/Projects/Projects/home_workout_app/server/src/config/database.ts":{"path":"/Users/solomon/Desktop/Projects/Projects/home_workout_app/server/src/config/database.ts","statementMap":{"0":{"start":{"line":2,"column":22},"end":{"line":4,"column":1}},"1":{"start":{"line":3,"column":4},"end":{"line":3,"column":62}},"2":{"start":{"line":5,"column":0},"end":{"line":5,"column":62}},"3":{"start":{"line":6,"column":20},"end":{"line":6,"column":40}},"4":{"start":{"line":7,"column":17},"end":{"line":7,"column":51}},"5":{"start":{"line":8,"column":0},"end":{"line":8,"column":26}},"6":{"start":{"line":9,"column":15},"end":{"line":11,"column":30}},"7":{"start":{"line":12,"column":0},"end":{"line":14,"column":1}},"8":{"start":{"line":13,"column":4},"end":{"line":13,"column":45}},"9":{"start":{"line":15,"column":18},"end":{"line":19,"column":2}},"10":{"start":{"line":20,"column":0},"end":{"line":20,"column":28}}},"fnMap":{"0":{"name":"(anonymous_0)","decl":{"start":{"line":2,"column":56},"end":{"line":2,"column":57}},"loc":{"start":{"line":2,"column":71},"end":{"line":4,"column":1}},"line":2}},"branchMap":{"0":{"loc":{"start":{"line":2,"column":22},"end":{"line":4,"column":1}},"type":"binary-expr","locations":[{"start":{"line":2,"column":23},"end":{"line":2,"column":27}},{"start":{"line":2,"column":31},"end":{"line":2,"column":51}},{"start":{"line":2,"column":56},"end":{"line":4,"column":1}}],"line":2},"1":{"loc":{"start":{"line":3,"column":11},"end":{"line":3,"column":61}},"type":"cond-expr","locations":[{"start":{"line":3,"column":37},"end":{"line":3,"column":40}},{"start":{"line":3,"column":43},"end":{"line":3,"column":61}}],"line":3},"2":{"loc":{"start":{"line":3,"column":12},"end":{"line":3,"column":33}},"type":"binary-expr","locations":[{"start":{"line":3,"column":12},"end":{"line":3,"column":15}},{"start":{"line":3,"column":19},"end":{"line":3,"column":33}}],"line":3},"3":{"loc":{"start":{"line":9,"column":15},"end":{"line":11,"column":30}},"type":"cond-expr","locations":[{"start":{"line":10,"column":6},"end":{"line":10,"column":35}},{"start":{"line":11,"column":6},"end":{"line":11,"column":30}}],"line":9},"4":{"loc":{"start":{"line":12,"column":0},"end":{"line":14,"column":1}},"type":"if","locations":[{"start":{"line":12,"column":0},"end":{"line":14,"column":1}},{"start":{},"end":{}}],"line":12}},"s":{"0":1,"1":1,"2":1,"3":1,"4":1,"5":1,"6":1,"7":1,"8":0,"9":1,"10":1},"f":{"0":1},"b":{"0":[1,1,1],"1":[0,1],"2":[1,1],"3":[1,0],"4":[0,1]},"inputSourceMap":{"version":3,"file":"/Users/solomon/Desktop/Projects/Projects/home_workout_app/server/src/config/database.ts","sources":["/Users/solomon/Desktop/Projects/Projects/home_workout_app/server/src/config/database.ts"],"names":[],"mappings":";;;;;AAAA,yCAAsC;AACtC,oDAA4B;AAC5B,gBAAM,CAAC,MAAM,EAAE,CAAC;AAEhB,MAAM,MAAM,GACZ,OAAO,CAAC,GAAG,CAAC,QAAQ,KAAK,MAAM;IAC/B,CAAC,CAAC,OAAO,CAAC,GAAG,CAAC,iBAAiB;IAC/B,CAAC,CAAC,OAAO,CAAC,GAAG,CAAC,YAAY,CAAC;AAE1B,IAAI,CAAC,MAAM,EAAE,CAAC;IACb,MAAM,IAAI,KAAK,CAAC,uBAAuB,CAAC,CAAC;AAC3C,CAAC;AAED,MAAM,SAAS,GAAG,IAAI,qBAAS,CAAC,MAAM,EAAE;IACtC,OAAO,EAAE,UAAU;IACnB,QAAQ,EAAE,UAAU;IACpB,OAAO,EAAE,KAAK;CACf,CAAC,CAAC;AAEH,kBAAe,SAAS,CAAC","sourcesContent":["import { Sequelize } from \"sequelize\";\nimport dotenv from \"dotenv\";\ndotenv.config();\n\nconst DB_URL =\nprocess.env.NODE_ENV === \"test\"\n? process.env.DATABASE_URL_TEST\n: process.env.DATABASE_URL;\n\n if (!DB_URL) {\n  throw new Error(\"No database URL found\");\n}\n\nconst sequelize = new Sequelize(DB_URL, {\n  dialect: \"postgres\",\n  protocol: \"postgres\",\n  logging: false,\n});\n\nexport default sequelize;\n"]},"_coverageSchema":"1a1c01bbd47fc00a2c39e90264f33305004495a9","hash":"1342fabb872dbb4a42e4112f6729b9fbc3713939"},"/Users/solomon/Desktop/Projects/Projects/home_workout_app/server/src/middleware/errorMiddleware.ts":{"path":"/Users/solomon/Desktop/Projects/Projects/home_workout_app/server/src/middleware/errorMiddleware.ts","statementMap":{"0":{"start":{"line":2,"column":0},"end":{"line":2,"column":62}},"1":{"start":{"line":3,"column":24},"end":{"line":6,"column":1}},"2":{"start":{"line":4,"column":4},"end":{"line":4,"column":29}},"3":{"start":{"line":5,"column":4},"end":{"line":5,"column":49}},"4":{"start":{"line":7,"column":0},"end":{"line":7,"column":34}}},"fnMap":{"0":{"name":"(anonymous_0)","decl":{"start":{"line":3,"column":24},"end":{"line":3,"column":25}},"loc":{"start":{"line":3,"column":49},"end":{"line":6,"column":1}},"line":3}},"branchMap":{},"s":{"0":1,"1":1,"2":1,"3":1,"4":1},"f":{"0":1},"b":{},"inputSourceMap":{"version":3,"file":"/Users/solomon/Desktop/Projects/Projects/home_workout_app/server/src/middleware/errorMiddleware.ts","sources":["/Users/solomon/Desktop/Projects/Projects/home_workout_app/server/src/middleware/errorMiddleware.ts"],"names":[],"mappings":";;AAEA,MAAM,eAAe,GAAG,CACtB,GAAU,EACV,GAAY,EACZ,GAAa,EACb,IAAkB,EAClB,EAAE;IACF,OAAO,CAAC,KAAK,CAAC,GAAG,CAAC,KAAK,CAAC,CAAC;IACzB,GAAG,CAAC,MAAM,CAAC,GAAG,CAAC,CAAC,IAAI,CAAC,EAAE,KAAK,EAAE,GAAG,CAAC,OAAO,EAAE,CAAC,CAAC;AAC/C,CAAC,CAAC;AAEF,kBAAe,eAAe,CAAC","sourcesContent":["import { Request, Response, NextFunction } from \"express\";\n\nconst errorMiddleware = (\n  err: Error,\n  req: Request,\n  res: Response,\n  next: NextFunction\n) => {\n  console.error(err.stack);\n  res.status(500).json({ error: err.message });\n};\n\nexport default errorMiddleware;\n"]},"_coverageSchema":"1a1c01bbd47fc00a2c39e90264f33305004495a9","hash":"97836c5853b67f15975b0be5c50e137f5367df85"},"/Users/solomon/Desktop/Projects/Projects/home_workout_app/server/src/routes/index.ts":{"path":"/Users/solomon/Desktop/Projects/Projects/home_workout_app/server/src/routes/index.ts","statementMap":{"0":{"start":{"line":2,"column":22},"end":{"line":4,"column":1}},"1":{"start":{"line":3,"column":4},"end":{"line":3,"column":62}},"2":{"start":{"line":5,"column":0},"end":{"line":5,"column":62}},"3":{"start":{"line":6,"column":0},"end":{"line":6,"column":198}},"4":{"start":{"line":7,"column":21},"end":{"line":7,"column":61}},"5":{"start":{"line":8,"column":0},"end":{"line":8,"column":41}},"6":{"start":{"line":9,"column":24},"end":{"line":9,"column":67}},"7":{"start":{"line":10,"column":0},"end":{"line":10,"column":47}},"8":{"start":{"line":11,"column":25},"end":{"line":11,"column":69}},"9":{"start":{"line":12,"column":0},"end":{"line":12,"column":50}},"10":{"start":{"line":13,"column":29},"end":{"line":13,"column":77}},"11":{"start":{"line":14,"column":0},"end":{"line":14,"column":58}},"12":{"start":{"line":15,"column":28},"end":{"line":15,"column":75}},"13":{"start":{"line":16,"column":0},"end":{"line":16,"column":56}},"14":{"start":{"line":17,"column":25},"end":{"line":17,"column":69}},"15":{"start":{"line":18,"column":0},"end":{"line":18,"column":50}},"16":{"start":{"line":19,"column":20},"end":{"line":19,"column":59}},"17":{"start":{"line":20,"column":0},"end":{"line":20,"column":40}},"18":{"start":{"line":21,"column":21},"end":{"line":21,"column":61}},"19":{"start":{"line":22,"column":0},"end":{"line":22,"column":42}}},"fnMap":{"0":{"name":"(anonymous_0)","decl":{"start":{"line":2,"column":56},"end":{"line":2,"column":57}},"loc":{"start":{"line":2,"column":71},"end":{"line":4,"column":1}},"line":2}},"branchMap":{"0":{"loc":{"start":{"line":2,"column":22},"end":{"line":4,"column":1}},"type":"binary-expr","locations":[{"start":{"line":2,"column":23},"end":{"line":2,"column":27}},{"start":{"line":2,"column":31},"end":{"line":2,"column":51}},{"start":{"line":2,"column":56},"end":{"line":4,"column":1}}],"line":2},"1":{"loc":{"start":{"line":3,"column":11},"end":{"line":3,"column":61}},"type":"cond-expr","locations":[{"start":{"line":3,"column":37},"end":{"line":3,"column":40}},{"start":{"line":3,"column":43},"end":{"line":3,"column":61}}],"line":3},"2":{"loc":{"start":{"line":3,"column":12},"end":{"line":3,"column":33}},"type":"binary-expr","locations":[{"start":{"line":3,"column":12},"end":{"line":3,"column":15}},{"start":{"line":3,"column":19},"end":{"line":3,"column":33}}],"line":3}},"s":{"0":1,"1":8,"2":1,"3":1,"4":1,"5":1,"6":1,"7":1,"8":1,"9":1,"10":1,"11":1,"12":1,"13":1,"14":1,"15":1,"16":1,"17":1,"18":1,"19":1},"f":{"0":8},"b":{"0":[1,1,1],"1":[8,0],"2":[8,8]},"inputSourceMap":{"version":3,"file":"/Users/solomon/Desktop/Projects/Projects/home_workout_app/server/src/routes/index.ts","sources":["/Users/solomon/Desktop/Projects/Projects/home_workout_app/server/src/routes/index.ts"],"names":[],"mappings":";;;;;;AAAA,8DAAqC;AAUnC,oBAVK,oBAAS,CAUL;AATX,oEAA2C;AAUzC,uBAVK,uBAAY,CAUL;AATd,sEAA8C;AAU5C,yBAVK,wBAAc,CAUL;AAThB,8EAAsD;AAUpD,6BAVK,4BAAkB,CAUL;AATpB,4EAAoD;AAUlD,4BAVK,2BAAiB,CAUL;AATnB,sEAA8C;AAU5C,yBAVK,wBAAc,CAUL;AAThB,4DAAoC;AAUlC,oBAVK,mBAAS,CAUL;AATX,8DAAsC;AAUpC,qBAVK,oBAAU,CAUL","sourcesContent":["import userRoute from \"./userRoutes\";\nimport workoutRoute from \"./workoutRoutes\";\nimport progressRoutes from \"./progressRoutes\";\nimport notificationRoutes from \"./notificationRoutes\";\nimport workoutPlanRoutes from \"./workoutPlanRoutes\";\nimport exerciseRoutes from \"./exerciseRoutes\";\nimport testRoute from \"./testRoute\";\nimport errorRoute from \"./errorRoute\";\n\nexport {\n  userRoute,\n  workoutRoute,\n  progressRoutes,\n  notificationRoutes,\n  workoutPlanRoutes,\n  exerciseRoutes,\n  testRoute,\n  errorRoute,\n};\n"]},"_coverageSchema":"1a1c01bbd47fc00a2c39e90264f33305004495a9","hash":"b8e361d43875f7cd34449d2a44eacb166af63c57"},"/Users/solomon/Desktop/Projects/Projects/home_workout_app/server/src/routes/userRoutes.ts":{"path":"/Users/solomon/Desktop/Projects/Projects/home_workout_app/server/src/routes/userRoutes.ts","statementMap":{"0":{"start":{"line":2,"column":22},"end":{"line":4,"column":1}},"1":{"start":{"line":3,"column":4},"end":{"line":3,"column":62}},"2":{"start":{"line":5,"column":0},"end":{"line":5,"column":62}},"3":{"start":{"line":6,"column":18},"end":{"line":6,"column":36}},"4":{"start":{"line":7,"column":25},"end":{"line":7,"column":82}},"5":{"start":{"line":8,"column":25},"end":{"line":8,"column":64}},"6":{"start":{"line":9,"column":15},"end":{"line":9,"column":38}},"7":{"start":{"line":10,"column":0},"end":{"line":10,"column":62}},"8":{"start":{"line":11,"column":0},"end":{"line":11,"column":54}},"9":{"start":{"line":12,"column":0},"end":{"line":12,"column":90}},"10":{"start":{"line":13,"column":0},"end":{"line":13,"column":102}},"11":{"start":{"line":14,"column":0},"end":{"line":14,"column":100}},"12":{"start":{"line":15,"column":0},"end":{"line":15,"column":103}},"13":{"start":{"line":16,"column":0},"end":{"line":16,"column":25}}},"fnMap":{"0":{"name":"(anonymous_0)","decl":{"start":{"line":2,"column":56},"end":{"line":2,"column":57}},"loc":{"start":{"line":2,"column":71},"end":{"line":4,"column":1}},"line":2}},"branchMap":{"0":{"loc":{"start":{"line":2,"column":22},"end":{"line":4,"column":1}},"type":"binary-expr","locations":[{"start":{"line":2,"column":23},"end":{"line":2,"column":27}},{"start":{"line":2,"column":31},"end":{"line":2,"column":51}},{"start":{"line":2,"column":56},"end":{"line":4,"column":1}}],"line":2},"1":{"loc":{"start":{"line":3,"column":11},"end":{"line":3,"column":61}},"type":"cond-expr","locations":[{"start":{"line":3,"column":37},"end":{"line":3,"column":40}},{"start":{"line":3,"column":43},"end":{"line":3,"column":61}}],"line":3},"2":{"loc":{"start":{"line":3,"column":12},"end":{"line":3,"column":33}},"type":"binary-expr","locations":[{"start":{"line":3,"column":12},"end":{"line":3,"column":15}},{"start":{"line":3,"column":19},"end":{"line":3,"column":33}}],"line":3}},"s":{"0":1,"1":1,"2":1,"3":1,"4":1,"5":1,"6":1,"7":1,"8":1,"9":1,"10":1,"11":1,"12":1,"13":1},"f":{"0":1},"b":{"0":[1,1,1],"1":[1,0],"2":[1,1]},"inputSourceMap":{"version":3,"file":"/Users/solomon/Desktop/Projects/Projects/home_workout_app/server/src/routes/userRoutes.ts","sources":["/Users/solomon/Desktop/Projects/Projects/home_workout_app/server/src/routes/userRoutes.ts"],"names":[],"mappings":";;;;;AAAA,qCAAiC;AACjC,mFAA2D;AAC3D,iEAA8D;AAE9D,MAAM,MAAM,GAAG,IAAA,gBAAM,GAAE,CAAC;AAExB,MAAM,CAAC,IAAI,CAAC,WAAW,EAAE,wBAAc,CAAC,UAAU,CAAC,CAAC;AACpD,MAAM,CAAC,IAAI,CAAC,QAAQ,EAAE,wBAAc,CAAC,KAAK,CAAC,CAAC;AAC5C,MAAM,CAAC,GAAG,CAAC,MAAM,EAAE,+BAAc,EAAE,wBAAc,CAAC,WAAW,CAAC,CAAC;AAC/D,MAAM,CAAC,GAAG,CAAC,kBAAkB,EAAE,+BAAc,EAAE,wBAAc,CAAC,WAAW,CAAC,CAAC;AAC3E,MAAM,CAAC,GAAG,CAAC,iBAAiB,EAAE,+BAAc,EAAE,wBAAc,CAAC,UAAU,CAAC,CAAC;AACzE,MAAM,CAAC,MAAM,CAAC,iBAAiB,EAAE,+BAAc,EAAE,wBAAc,CAAC,UAAU,CAAC,CAAC;AAE5E,kBAAe,MAAM,CAAC","sourcesContent":["import { Router } from \"express\";\nimport UserController from \"../controllers/userController\";\nimport { authMiddleware } from \"../middleware/authMiddleware\";\n\nconst router = Router();\n\nrouter.post(\"/register\", UserController.createUser);\nrouter.post(\"/login\", UserController.login);\nrouter.get(\"/all\", authMiddleware, UserController.getAllUsers);\nrouter.get(\"/getUserById/:id\", authMiddleware, UserController.getUserById);\nrouter.put(\"/updateUser/:id\", authMiddleware, UserController.updateUser);\nrouter.delete(\"/deleteUser/:id\", authMiddleware, UserController.deleteUser);\n\nexport default router;\n"]},"_coverageSchema":"1a1c01bbd47fc00a2c39e90264f33305004495a9","hash":"9a8edfc42ad8c59e02643df9fe48465bc7d2c5c2"},"/Users/solomon/Desktop/Projects/Projects/home_workout_app/server/src/controllers/userController.ts":{"path":"/Users/solomon/Desktop/Projects/Projects/home_workout_app/server/src/controllers/userController.ts","statementMap":{"0":{"start":{"line":2,"column":16},"end":{"line":10,"column":1}},"1":{"start":{"line":3,"column":28},"end":{"line":3,"column":110}},"2":{"start":{"line":3,"column":91},"end":{"line":3,"column":106}},"3":{"start":{"line":4,"column":4},"end":{"line":9,"column":7}},"4":{"start":{"line":5,"column":36},"end":{"line":5,"column":97}},"5":{"start":{"line":5,"column":42},"end":{"line":5,"column":70}},"6":{"start":{"line":5,"column":85},"end":{"line":5,"column":95}},"7":{"start":{"line":6,"column":35},"end":{"line":6,"column":100}},"8":{"start":{"line":6,"column":41},"end":{"line":6,"column":73}},"9":{"start":{"line":6,"column":88},"end":{"line":6,"column":98}},"10":{"start":{"line":7,"column":32},"end":{"line":7,"column":116}},"11":{"start":{"line":8,"column":8},"end":{"line":8,"column":78}},"12":{"start":{"line":11,"column":22},"end":{"line":13,"column":1}},"13":{"start":{"line":12,"column":4},"end":{"line":12,"column":62}},"14":{"start":{"line":14,"column":0},"end":{"line":14,"column":62}},"15":{"start":{"line":15,"column":22},"end":{"line":15,"column":73}},"16":{"start":{"line":18,"column":8},"end":{"line":26,"column":11}},"17":{"start":{"line":19,"column":12},"end":{"line":25,"column":13}},"18":{"start":{"line":20,"column":29},"end":{"line":20,"column":77}},"19":{"start":{"line":21,"column":16},"end":{"line":21,"column":43}},"20":{"start":{"line":24,"column":16},"end":{"line":24,"column":63}},"21":{"start":{"line":29,"column":8},"end":{"line":38,"column":11}},"22":{"start":{"line":30,"column":12},"end":{"line":37,"column":13}},"23":{"start":{"line":31,"column":44},"end":{"line":31,"column":52}},"24":{"start":{"line":32,"column":50},"end":{"line":32,"column":111}},"25":{"start":{"line":33,"column":16},"end":{"line":33,"column":64}},"26":{"start":{"line":36,"column":16},"end":{"line":36,"column":63}},"27":{"start":{"line":41,"column":8},"end":{"line":62,"column":11}},"28":{"start":{"line":42,"column":27},"end":{"line":42,"column":40}},"29":{"start":{"line":46,"column":30},"end":{"line":46,"column":109}},"30":{"start":{"line":47,"column":12},"end":{"line":49,"column":13}},"31":{"start":{"line":48,"column":16},"end":{"line":48,"column":54}},"32":{"start":{"line":50,"column":12},"end":{"line":61,"column":13}},"33":{"start":{"line":51,"column":29},"end":{"line":51,"column":76}},"34":{"start":{"line":52,"column":16},"end":{"line":57,"column":17}},"35":{"start":{"line":53,"column":20},"end":{"line":53,"column":47}},"36":{"start":{"line":56,"column":20},"end":{"line":56,"column":72}},"37":{"start":{"line":60,"column":16},"end":{"line":60,"column":63}},"38":{"start":{"line":65,"column":8},"end":{"line":73,"column":11}},"39":{"start":{"line":66,"column":12},"end":{"line":72,"column":13}},"40":{"start":{"line":67,"column":30},"end":{"line":67,"column":71}},"41":{"start":{"line":68,"column":16},"end":{"line":68,"column":44}},"42":{"start":{"line":71,"column":16},"end":{"line":71,"column":63}},"43":{"start":{"line":76,"column":8},"end":{"line":86,"column":11}},"44":{"start":{"line":77,"column":27},"end":{"line":77,"column":40}},"45":{"start":{"line":78,"column":25},"end":{"line":78,"column":33}},"46":{"start":{"line":79,"column":12},"end":{"line":85,"column":13}},"47":{"start":{"line":80,"column":36},"end":{"line":80,"column":88}},"48":{"start":{"line":81,"column":16},"end":{"line":81,"column":38}},"49":{"start":{"line":84,"column":16},"end":{"line":84,"column":63}},"50":{"start":{"line":89,"column":8},"end":{"line":111,"column":11}},"51":{"start":{"line":90,"column":12},"end":{"line":110,"column":13}},"52":{"start":{"line":91,"column":31},"end":{"line":91,"column":44}},"53":{"start":{"line":92,"column":32},"end":{"line":92,"column":78}},"54":{"start":{"line":93,"column":16},"end":{"line":95,"column":17}},"55":{"start":{"line":94,"column":20},"end":{"line":94,"column":79}},"56":{"start":{"line":96,"column":16},"end":{"line":96,"column":39}},"57":{"start":{"line":99,"column":16},"end":{"line":109,"column":17}},"58":{"start":{"line":100,"column":20},"end":{"line":105,"column":21}},"59":{"start":{"line":101,"column":24},"end":{"line":101,"column":71}},"60":{"start":{"line":104,"column":24},"end":{"line":104,"column":81}},"61":{"start":{"line":108,"column":20},"end":{"line":108,"column":69}},"62":{"start":{"line":114,"column":0},"end":{"line":114,"column":39}}},"fnMap":{"0":{"name":"(anonymous_0)","decl":{"start":{"line":2,"column":44},"end":{"line":2,"column":45}},"loc":{"start":{"line":2,"column":89},"end":{"line":10,"column":1}},"line":2},"1":{"name":"adopt","decl":{"start":{"line":3,"column":13},"end":{"line":3,"column":18}},"loc":{"start":{"line":3,"column":26},"end":{"line":3,"column":112}},"line":3},"2":{"name":"(anonymous_2)","decl":{"start":{"line":3,"column":70},"end":{"line":3,"column":71}},"loc":{"start":{"line":3,"column":89},"end":{"line":3,"column":108}},"line":3},"3":{"name":"(anonymous_3)","decl":{"start":{"line":4,"column":36},"end":{"line":4,"column":37}},"loc":{"start":{"line":4,"column":63},"end":{"line":9,"column":5}},"line":4},"4":{"name":"fulfilled","decl":{"start":{"line":5,"column":17},"end":{"line":5,"column":26}},"loc":{"start":{"line":5,"column":34},"end":{"line":5,"column":99}},"line":5},"5":{"name":"rejected","decl":{"start":{"line":6,"column":17},"end":{"line":6,"column":25}},"loc":{"start":{"line":6,"column":33},"end":{"line":6,"column":102}},"line":6},"6":{"name":"step","decl":{"start":{"line":7,"column":17},"end":{"line":7,"column":21}},"loc":{"start":{"line":7,"column":30},"end":{"line":7,"column":118}},"line":7},"7":{"name":"(anonymous_7)","decl":{"start":{"line":11,"column":56},"end":{"line":11,"column":57}},"loc":{"start":{"line":11,"column":71},"end":{"line":13,"column":1}},"line":11},"8":{"name":"(anonymous_8)","decl":{"start":{"line":17,"column":4},"end":{"line":17,"column":5}},"loc":{"start":{"line":17,"column":25},"end":{"line":27,"column":5}},"line":17},"9":{"name":"(anonymous_9)","decl":{"start":{"line":18,"column":47},"end":{"line":18,"column":48}},"loc":{"start":{"line":18,"column":60},"end":{"line":26,"column":9}},"line":18},"10":{"name":"(anonymous_10)","decl":{"start":{"line":28,"column":4},"end":{"line":28,"column":5}},"loc":{"start":{"line":28,"column":20},"end":{"line":39,"column":5}},"line":28},"11":{"name":"(anonymous_11)","decl":{"start":{"line":29,"column":47},"end":{"line":29,"column":48}},"loc":{"start":{"line":29,"column":60},"end":{"line":38,"column":9}},"line":29},"12":{"name":"(anonymous_12)","decl":{"start":{"line":40,"column":4},"end":{"line":40,"column":5}},"loc":{"start":{"line":40,"column":26},"end":{"line":63,"column":5}},"line":40},"13":{"name":"(anonymous_13)","decl":{"start":{"line":41,"column":47},"end":{"line":41,"column":48}},"loc":{"start":{"line":41,"column":60},"end":{"line":62,"column":9}},"line":41},"14":{"name":"(anonymous_14)","decl":{"start":{"line":64,"column":4},"end":{"line":64,"column":5}},"loc":{"start":{"line":64,"column":26},"end":{"line":74,"column":5}},"line":64},"15":{"name":"(anonymous_15)","decl":{"start":{"line":65,"column":47},"end":{"line":65,"column":48}},"loc":{"start":{"line":65,"column":60},"end":{"line":73,"column":9}},"line":65},"16":{"name":"(anonymous_16)","decl":{"start":{"line":75,"column":4},"end":{"line":75,"column":5}},"loc":{"start":{"line":75,"column":25},"end":{"line":87,"column":5}},"line":75},"17":{"name":"(anonymous_17)","decl":{"start":{"line":76,"column":47},"end":{"line":76,"column":48}},"loc":{"start":{"line":76,"column":60},"end":{"line":86,"column":9}},"line":76},"18":{"name":"(anonymous_18)","decl":{"start":{"line":88,"column":4},"end":{"line":88,"column":5}},"loc":{"start":{"line":88,"column":25},"end":{"line":112,"column":5}},"line":88},"19":{"name":"(anonymous_19)","decl":{"start":{"line":89,"column":47},"end":{"line":89,"column":48}},"loc":{"start":{"line":89,"column":60},"end":{"line":111,"column":9}},"line":89}},"branchMap":{"0":{"loc":{"start":{"line":2,"column":16},"end":{"line":10,"column":1}},"type":"binary-expr","locations":[{"start":{"line":2,"column":17},"end":{"line":2,"column":21}},{"start":{"line":2,"column":25},"end":{"line":2,"column":39}},{"start":{"line":2,"column":44},"end":{"line":10,"column":1}}],"line":2},"1":{"loc":{"start":{"line":3,"column":35},"end":{"line":3,"column":109}},"type":"cond-expr","locations":[{"start":{"line":3,"column":56},"end":{"line":3,"column":61}},{"start":{"line":3,"column":64},"end":{"line":3,"column":109}}],"line":3},"2":{"loc":{"start":{"line":4,"column":16},"end":{"line":4,"column":34}},"type":"binary-expr","locations":[{"start":{"line":4,"column":16},"end":{"line":4,"column":17}},{"start":{"line":4,"column":22},"end":{"line":4,"column":33}}],"line":4},"3":{"loc":{"start":{"line":7,"column":32},"end":{"line":7,"column":115}},"type":"cond-expr","locations":[{"start":{"line":7,"column":46},"end":{"line":7,"column":67}},{"start":{"line":7,"column":70},"end":{"line":7,"column":115}}],"line":7},"4":{"loc":{"start":{"line":8,"column":51},"end":{"line":8,"column":67}},"type":"binary-expr","locations":[{"start":{"line":8,"column":51},"end":{"line":8,"column":61}},{"start":{"line":8,"column":65},"end":{"line":8,"column":67}}],"line":8},"5":{"loc":{"start":{"line":11,"column":22},"end":{"line":13,"column":1}},"type":"binary-expr","locations":[{"start":{"line":11,"column":23},"end":{"line":11,"column":27}},{"start":{"line":11,"column":31},"end":{"line":11,"column":51}},{"start":{"line":11,"column":56},"end":{"line":13,"column":1}}],"line":11},"6":{"loc":{"start":{"line":12,"column":11},"end":{"line":12,"column":61}},"type":"cond-expr","locations":[{"start":{"line":12,"column":37},"end":{"line":12,"column":40}},{"start":{"line":12,"column":43},"end":{"line":12,"column":61}}],"line":12},"7":{"loc":{"start":{"line":12,"column":12},"end":{"line":12,"column":33}},"type":"binary-expr","locations":[{"start":{"line":12,"column":12},"end":{"line":12,"column":15}},{"start":{"line":12,"column":19},"end":{"line":12,"column":33}}],"line":12},"8":{"loc":{"start":{"line":47,"column":12},"end":{"line":49,"column":13}},"type":"if","locations":[{"start":{"line":47,"column":12},"end":{"line":49,"column":13}},{"start":{},"end":{}}],"line":47},"9":{"loc":{"start":{"line":52,"column":16},"end":{"line":57,"column":17}},"type":"if","locations":[{"start":{"line":52,"column":16},"end":{"line":57,"column":17}},{"start":{"line":55,"column":21},"end":{"line":57,"column":17}}],"line":52},"10":{"loc":{"start":{"line":93,"column":16},"end":{"line":95,"column":17}},"type":"if","locations":[{"start":{"line":93,"column":16},"end":{"line":95,"column":17}},{"start":{},"end":{}}],"line":93},"11":{"loc":{"start":{"line":99,"column":16},"end":{"line":109,"column":17}},"type":"if","locations":[{"start":{"line":99,"column":16},"end":{"line":109,"column":17}},{"start":{"line":107,"column":21},"end":{"line":109,"column":17}}],"line":99},"12":{"loc":{"start":{"line":100,"column":20},"end":{"line":105,"column":21}},"type":"if","locations":[{"start":{"line":100,"column":20},"end":{"line":105,"column":21}},{"start":{"line":103,"column":25},"end":{"line":105,"column":21}}],"line":100}},"s":{"0":1,"1":6,"2":0,"3":6,"4":5,"5":5,"6":0,"7":1,"8":1,"9":0,"10":12,"11":6,"12":1,"13":1,"14":1,"15":1,"16":1,"17":1,"18":1,"19":1,"20":0,"21":0,"22":0,"23":0,"24":0,"25":0,"26":0,"27":1,"28":1,"29":1,"30":1,"31":0,"32":1,"33":1,"34":1,"35":1,"36":0,"37":0,"38":0,"39":0,"40":0,"41":0,"42":0,"43":1,"44":1,"45":1,"46":1,"47":1,"48":1,"49":0,"50":3,"51":3,"52":3,"53":3,"54":2,"55":1,"56":1,"57":1,"58":1,"59":1,"60":0,"61":0,"62":1},"f":{"0":6,"1":6,"2":0,"3":6,"4":5,"5":1,"6":12,"7":1,"8":1,"9":1,"10":0,"11":0,"12":1,"13":1,"14":0,"15":0,"16":1,"17":1,"18":3,"19":3},"b":{"0":[1,1,1],"1":[6,0],"2":[6,6],"3":[6,6],"4":[6,6],"5":[1,1,1],"6":[1,0],"7":[1,1],"8":[0,1],"9":[1,0],"10":[1,1],"11":[1,0],"12":[1,0]},"inputSourceMap":{"version":3,"file":"/Users/solomon/Desktop/Projects/Projects/home_workout_app/server/src/controllers/userController.ts","sources":["/Users/solomon/Desktop/Projects/Projects/home_workout_app/server/src/controllers/userController.ts"],"names":[],"mappings":";;;;;;;;;;;;;;AACA,0EAAkD;AAElD,MAAM,cAAc;IACL,UAAU,CAAC,GAAY,EAAE,GAAa;;YACjD,IAAI,CAAC;gBACH,MAAM,IAAI,GAAG,MAAM,qBAAW,CAAC,UAAU,CAAC,GAAG,CAAC,IAAI,CAAC,CAAC;gBACpD,GAAG,CAAC,MAAM,CAAC,GAAG,CAAC,CAAC,IAAI,CAAC,IAAI,CAAC,CAAC;YAC7B,CAAC;YAAC,OAAO,KAAU,EAAE,CAAC;gBACpB,GAAG,CAAC,MAAM,CAAC,GAAG,CAAC,CAAC,IAAI,CAAC,EAAE,KAAK,EAAE,KAAK,CAAC,OAAO,EAAE,CAAC,CAAC;YACjD,CAAC;QACH,CAAC;KAAA;IAEY,KAAK,CAAC,GAAY,EAAE,GAAa;;YAC5C,IAAI,CAAC;gBACH,MAAM,EAAE,KAAK,EAAE,QAAQ,EAAE,GAAG,GAAG,CAAC,IAAI,CAAC;gBACrC,MAAM,EAAE,EAAE,EAAE,IAAI,EAAE,IAAI,EAAE,KAAK,EAAE,GAAG,MAAM,qBAAW,CAAC,gBAAgB,CAClE,KAAK,EACL,QAAQ,CACT,CAAC;gBACF,GAAG,CAAC,MAAM,CAAC,GAAG,CAAC,CAAC,IAAI,CAAC,EAAE,EAAE,EAAE,IAAI,EAAE,IAAI,EAAE,KAAK,EAAE,CAAC,CAAC;YAClD,CAAC;YAAC,OAAO,KAAU,EAAE,CAAC;gBACpB,GAAG,CAAC,MAAM,CAAC,GAAG,CAAC,CAAC,IAAI,CAAC,EAAE,KAAK,EAAE,KAAK,CAAC,OAAO,EAAE,CAAC,CAAC;YACjD,CAAC;QACH,CAAC;KAAA;IAEY,WAAW,CAAC,GAAY,EAAE,GAAa;;YAClD,MAAM,MAAM,GAAG,GAAG,CAAC,MAAM,CAAC,EAAE,CAAC;YAE7B,6CAA6C;YAC7C,2CAA2C;YAC3C,IAAI;YACJ,MAAM,SAAS,GACb,+EAA+E,CAAC;YAClF,IAAI,CAAC,SAAS,CAAC,IAAI,CAAC,MAAM,CAAC,EAAE,CAAC;gBAC5B,OAAO,CAAC,GAAG,CAAC,wBAAwB,CAAC,CAAC;YACxC,CAAC;YACD,IAAI,CAAC;gBACH,MAAM,IAAI,GAAG,MAAM,qBAAW,CAAC,WAAW,CAAC,MAAM,CAAC,CAAC;gBACnD,IAAI,IAAI,EAAE,CAAC;oBACT,GAAG,CAAC,MAAM,CAAC,GAAG,CAAC,CAAC,IAAI,CAAC,IAAI,CAAC,CAAC;gBAC7B,CAAC;qBAAM,CAAC;oBACN,GAAG,CAAC,MAAM,CAAC,GAAG,CAAC,CAAC,IAAI,CAAC,EAAE,OAAO,EAAE,gBAAgB,EAAE,CAAC,CAAC;gBACtD,CAAC;YACH,CAAC;YAAC,OAAO,KAAU,EAAE,CAAC;gBACpB,GAAG,CAAC,MAAM,CAAC,GAAG,CAAC,CAAC,IAAI,CAAC,EAAE,KAAK,EAAE,KAAK,CAAC,OAAO,EAAE,CAAC,CAAC;YACjD,CAAC;QACH,CAAC;KAAA;IAEY,WAAW,CAAC,GAAY,EAAE,GAAa;;YAClD,IAAI,CAAC;gBACH,MAAM,KAAK,GAAG,MAAM,qBAAW,CAAC,WAAW,EAAE,CAAC;gBAC9C,GAAG,CAAC,MAAM,CAAC,GAAG,CAAC,CAAC,IAAI,CAAC,KAAK,CAAC,CAAC;YAC9B,CAAC;YAAC,OAAO,KAAU,EAAE,CAAC;gBACpB,GAAG,CAAC,MAAM,CAAC,GAAG,CAAC,CAAC,IAAI,CAAC,EAAE,KAAK,EAAE,KAAK,CAAC,OAAO,EAAE,CAAC,CAAC;YACjD,CAAC;QACH,CAAC;KAAA;IAEY,UAAU,CAAC,GAAY,EAAE,GAAa;;YACjD,MAAM,MAAM,GAAG,GAAG,CAAC,MAAM,CAAC,EAAE,CAAC;YAC7B,MAAM,IAAI,GAAG,GAAG,CAAC,IAAI,CAAC;YAEtB,IAAI,CAAC;gBACH,MAAM,WAAW,GAAG,MAAM,qBAAW,CAAC,UAAU,CAAC,MAAM,EAAE,IAAI,CAAC,CAAC;gBAC/D,GAAG,CAAC,IAAI,CAAC,WAAW,CAAC,CAAC;YACxB,CAAC;YAAC,OAAO,KAAU,EAAE,CAAC;gBACpB,GAAG,CAAC,MAAM,CAAC,GAAG,CAAC,CAAC,IAAI,CAAC,EAAE,KAAK,EAAE,KAAK,CAAC,OAAO,EAAE,CAAC,CAAC;YACjD,CAAC;QACH,CAAC;KAAA;IAEY,UAAU,CAAC,GAAY,EAAE,GAAa;;YACjD,IAAI,CAAC;gBACH,MAAM,MAAM,GAAG,GAAG,CAAC,MAAM,CAAC,EAAE,CAAC;gBAC7B,MAAM,OAAO,GAAG,MAAM,qBAAW,CAAC,UAAU,CAAC,MAAM,CAAC,CAAC;gBACrD,IAAI,OAAO,KAAK,CAAC,EAAE,CAAC;oBAClB,OAAO,GAAG,CAAC,MAAM,CAAC,GAAG,CAAC,CAAC,IAAI,CAAC,EAAE,OAAO,EAAE,gBAAgB,EAAE,CAAC,CAAC;gBAC7D,CAAC;gBACD,GAAG,CAAC,MAAM,CAAC,GAAG,CAAC,CAAC,IAAI,EAAE,CAAC;YACzB,CAAC;YAAC,OAAO,KAAK,EAAE,CAAC;gBACf,IAAI,KAAK,YAAY,KAAK,EAAE,CAAC;oBAC3B,IAAI,KAAK,CAAC,OAAO,KAAK,qBAAqB,EAAE,CAAC;wBAC5C,GAAG,CAAC,MAAM,CAAC,GAAG,CAAC,CAAC,IAAI,CAAC,EAAE,KAAK,EAAE,KAAK,CAAC,OAAO,EAAE,CAAC,CAAC;oBACjD,CAAC;yBAAM,CAAC;wBACN,GAAG,CAAC,MAAM,CAAC,GAAG,CAAC,CAAC,IAAI,CAAC,EAAE,KAAK,EAAE,uBAAuB,EAAE,CAAC,CAAC;oBAC3D,CAAC;gBACH,CAAC;qBAAM,CAAC;oBACN,GAAG,CAAC,MAAM,CAAC,GAAG,CAAC,CAAC,IAAI,CAAC,EAAE,KAAK,EAAE,eAAe,EAAE,CAAC,CAAC;gBACnD,CAAC;YACH,CAAC;QACH,CAAC;KAAA;CACF;AAED,kBAAe,IAAI,cAAc,EAAE,CAAC","sourcesContent":["import { Request, Response } from \"express\";\nimport UserService from \"../services/userService\";\n\nclass UserController {\n  public async createUser(req: Request, res: Response): Promise<void> {\n    try {\n      const user = await UserService.createUser(req.body);\n      res.status(201).json(user);\n    } catch (error: any) {\n      res.status(400).json({ error: error.message });\n    }\n  }\n\n  public async login(req: Request, res: Response): Promise<void> {\n    try {\n      const { email, password } = req.body;\n      const { id, name, role, token } = await UserService.authenticateUser(\n        email,\n        password\n      );\n      res.status(200).json({ id, name, role, token });\n    } catch (error: any) {\n      res.status(400).json({ error: error.message });\n    }\n  }\n\n  public async getUserById(req: Request, res: Response): Promise<void> {\n    const userId = req.params.id;\n\n    // if (!userId.match(/^[0-9a-fA-F-]{36}$/)) {\n    //   console.log(\"Invalid user ID format\");\n    // }\n    const uuidRegex =\n      /^[0-9a-fA-F]{8}-[0-9a-fA-F]{4}-[0-9a-fA-F]{4}-[0-9a-fA-F]{4}-[0-9a-fA-F]{12}$/;\n    if (!uuidRegex.test(userId)) {\n      console.log(\"Invalid user ID format\");\n    }\n    try {\n      const user = await UserService.getUserById(userId);\n      if (user) {\n        res.status(200).json(user);\n      } else {\n        res.status(404).json({ message: \"User not found\" });\n      }\n    } catch (error: any) {\n      res.status(400).json({ error: error.message });\n    }\n  }\n\n  public async getAllUsers(req: Request, res: Response): Promise<void> {\n    try {\n      const users = await UserService.getAllUsers();\n      res.status(200).json(users);\n    } catch (error: any) {\n      res.status(400).json({ error: error.message });\n    }\n  }\n\n  public async updateUser(req: Request, res: Response) {\n    const userId = req.params.id;\n    const data = req.body;\n\n    try {\n      const updatedUser = await UserService.updateUser(userId, data);\n      res.json(updatedUser);\n    } catch (error: any) {\n      res.status(500).json({ error: error.message });\n    }\n  }\n\n  public async deleteUser(req: Request, res: Response) {\n    try {\n      const userId = req.params.id;\n      const deleted = await UserService.deleteUser(userId);\n      if (deleted === 0) {\n        return res.status(404).json({ message: \"User not found\" });\n      }\n      res.status(204).send();\n    } catch (error) {\n      if (error instanceof Error) {\n        if (error.message === \"Invalid UUID format\") {\n          res.status(400).json({ error: error.message });\n        } else {\n          res.status(500).json({ error: \"Internal Server Error\" });\n        }\n      } else {\n        res.status(500).json({ error: \"Unknown Error\" });\n      }\n    }\n  }\n}\n\nexport default new UserController();\n"]},"_coverageSchema":"1a1c01bbd47fc00a2c39e90264f33305004495a9","hash":"0106873b8ebe86fb44c9b430d3e14c3140db5e4f"},"/Users/solomon/Desktop/Projects/Projects/home_workout_app/server/src/services/userService.ts":{"path":"/Users/solomon/Desktop/Projects/Projects/home_workout_app/server/src/services/userService.ts","statementMap":{"0":{"start":{"line":2,"column":16},"end":{"line":10,"column":1}},"1":{"start":{"line":3,"column":28},"end":{"line":3,"column":110}},"2":{"start":{"line":3,"column":91},"end":{"line":3,"column":106}},"3":{"start":{"line":4,"column":4},"end":{"line":9,"column":7}},"4":{"start":{"line":5,"column":36},"end":{"line":5,"column":97}},"5":{"start":{"line":5,"column":42},"end":{"line":5,"column":70}},"6":{"start":{"line":5,"column":85},"end":{"line":5,"column":95}},"7":{"start":{"line":6,"column":35},"end":{"line":6,"column":100}},"8":{"start":{"line":6,"column":41},"end":{"line":6,"column":73}},"9":{"start":{"line":6,"column":88},"end":{"line":6,"column":98}},"10":{"start":{"line":7,"column":32},"end":{"line":7,"column":116}},"11":{"start":{"line":8,"column":8},"end":{"line":8,"column":78}},"12":{"start":{"line":11,"column":22},"end":{"line":13,"column":1}},"13":{"start":{"line":12,"column":4},"end":{"line":12,"column":62}},"14":{"start":{"line":14,"column":0},"end":{"line":14,"column":62}},"15":{"start":{"line":15,"column":15},"end":{"line":15,"column":57}},"16":{"start":{"line":16,"column":19},"end":{"line":16,"column":55}},"17":{"start":{"line":17,"column":23},"end":{"line":17,"column":63}},"18":{"start":{"line":18,"column":15},"end":{"line":18,"column":30}},"19":{"start":{"line":21,"column":8},"end":{"line":32,"column":11}},"20":{"start":{"line":22,"column":12},"end":{"line":24,"column":13}},"21":{"start":{"line":23,"column":16},"end":{"line":23,"column":59}},"22":{"start":{"line":25,"column":33},"end":{"line":25,"column":95}},"23":{"start":{"line":26,"column":12},"end":{"line":28,"column":13}},"24":{"start":{"line":27,"column":16},"end":{"line":27,"column":56}},"25":{"start":{"line":29,"column":35},"end":{"line":29,"column":83}},"26":{"start":{"line":30,"column":25},"end":{"line":30,"column":122}},"27":{"start":{"line":31,"column":12},"end":{"line":31,"column":88}},"28":{"start":{"line":35,"column":8},"end":{"line":41,"column":11}},"29":{"start":{"line":36,"column":25},"end":{"line":36,"column":58}},"30":{"start":{"line":37,"column":12},"end":{"line":39,"column":13}},"31":{"start":{"line":38,"column":16},"end":{"line":38,"column":50}},"32":{"start":{"line":40,"column":12},"end":{"line":40,"column":24}},"33":{"start":{"line":44,"column":8},"end":{"line":46,"column":11}},"34":{"start":{"line":45,"column":12},"end":{"line":45,"column":44}},"35":{"start":{"line":49,"column":8},"end":{"line":66,"column":11}},"36":{"start":{"line":51,"column":25},"end":{"line":51,"column":58}},"37":{"start":{"line":52,"column":12},"end":{"line":55,"column":13}},"38":{"start":{"line":53,"column":16},"end":{"line":53,"column":46}},"39":{"start":{"line":54,"column":16},"end":{"line":54,"column":50}},"40":{"start":{"line":57,"column":49},"end":{"line":60,"column":14}},"41":{"start":{"line":61,"column":12},"end":{"line":64,"column":13}},"42":{"start":{"line":62,"column":16},"end":{"line":62,"column":45}},"43":{"start":{"line":63,"column":16},"end":{"line":63,"column":49}},"44":{"start":{"line":65,"column":12},"end":{"line":65,"column":35}},"45":{"start":{"line":69,"column":8},"end":{"line":79,"column":11}},"46":{"start":{"line":70,"column":12},"end":{"line":72,"column":13}},"47":{"start":{"line":71,"column":16},"end":{"line":71,"column":55}},"48":{"start":{"line":73,"column":25},"end":{"line":73,"column":62}},"49":{"start":{"line":74,"column":12},"end":{"line":76,"column":13}},"50":{"start":{"line":75,"column":16},"end":{"line":75,"column":25}},"51":{"start":{"line":77,"column":12},"end":{"line":77,"column":33}},"52":{"start":{"line":78,"column":12},"end":{"line":78,"column":21}},"53":{"start":{"line":82,"column":8},"end":{"line":97,"column":11}},"54":{"start":{"line":83,"column":25},"end":{"line":83,"column":75}},"55":{"start":{"line":84,"column":12},"end":{"line":85,"column":50}},"56":{"start":{"line":85,"column":16},"end":{"line":85,"column":50}},"57":{"start":{"line":86,"column":36},"end":{"line":86,"column":93}},"58":{"start":{"line":87,"column":12},"end":{"line":88,"column":52}},"59":{"start":{"line":88,"column":16},"end":{"line":88,"column":52}},"60":{"start":{"line":89,"column":26},"end":{"line":89,"column":132}},"61":{"start":{"line":90,"column":12},"end":{"line":96,"column":14}},"62":{"start":{"line":100,"column":0},"end":{"line":100,"column":30}}},"fnMap":{"0":{"name":"(anonymous_0)","decl":{"start":{"line":2,"column":44},"end":{"line":2,"column":45}},"loc":{"start":{"line":2,"column":89},"end":{"line":10,"column":1}},"line":2},"1":{"name":"adopt","decl":{"start":{"line":3,"column":13},"end":{"line":3,"column":18}},"loc":{"start":{"line":3,"column":26},"end":{"line":3,"column":112}},"line":3},"2":{"name":"(anonymous_2)","decl":{"start":{"line":3,"column":70},"end":{"line":3,"column":71}},"loc":{"start":{"line":3,"column":89},"end":{"line":3,"column":108}},"line":3},"3":{"name":"(anonymous_3)","decl":{"start":{"line":4,"column":36},"end":{"line":4,"column":37}},"loc":{"start":{"line":4,"column":63},"end":{"line":9,"column":5}},"line":4},"4":{"name":"fulfilled","decl":{"start":{"line":5,"column":17},"end":{"line":5,"column":26}},"loc":{"start":{"line":5,"column":34},"end":{"line":5,"column":99}},"line":5},"5":{"name":"rejected","decl":{"start":{"line":6,"column":17},"end":{"line":6,"column":25}},"loc":{"start":{"line":6,"column":33},"end":{"line":6,"column":102}},"line":6},"6":{"name":"step","decl":{"start":{"line":7,"column":17},"end":{"line":7,"column":21}},"loc":{"start":{"line":7,"column":30},"end":{"line":7,"column":118}},"line":7},"7":{"name":"(anonymous_7)","decl":{"start":{"line":11,"column":56},"end":{"line":11,"column":57}},"loc":{"start":{"line":11,"column":71},"end":{"line":13,"column":1}},"line":11},"8":{"name":"(anonymous_8)","decl":{"start":{"line":20,"column":4},"end":{"line":20,"column":5}},"loc":{"start":{"line":20,"column":28},"end":{"line":33,"column":5}},"line":20},"9":{"name":"(anonymous_9)","decl":{"start":{"line":21,"column":47},"end":{"line":21,"column":48}},"loc":{"start":{"line":21,"column":60},"end":{"line":32,"column":9}},"line":21},"10":{"name":"(anonymous_10)","decl":{"start":{"line":34,"column":4},"end":{"line":34,"column":5}},"loc":{"start":{"line":34,"column":27},"end":{"line":42,"column":5}},"line":34},"11":{"name":"(anonymous_11)","decl":{"start":{"line":35,"column":47},"end":{"line":35,"column":48}},"loc":{"start":{"line":35,"column":60},"end":{"line":41,"column":9}},"line":35},"12":{"name":"(anonymous_12)","decl":{"start":{"line":43,"column":4},"end":{"line":43,"column":5}},"loc":{"start":{"line":43,"column":25},"end":{"line":47,"column":5}},"line":43},"13":{"name":"(anonymous_13)","decl":{"start":{"line":44,"column":47},"end":{"line":44,"column":48}},"loc":{"start":{"line":44,"column":60},"end":{"line":46,"column":9}},"line":44},"14":{"name":"(anonymous_14)","decl":{"start":{"line":48,"column":4},"end":{"line":48,"column":5}},"loc":{"start":{"line":48,"column":32},"end":{"line":67,"column":5}},"line":48},"15":{"name":"(anonymous_15)","decl":{"start":{"line":49,"column":47},"end":{"line":49,"column":48}},"loc":{"start":{"line":49,"column":60},"end":{"line":66,"column":9}},"line":49},"16":{"name":"(anonymous_16)","decl":{"start":{"line":68,"column":4},"end":{"line":68,"column":5}},"loc":{"start":{"line":68,"column":30},"end":{"line":80,"column":5}},"line":68},"17":{"name":"(anonymous_17)","decl":{"start":{"line":69,"column":47},"end":{"line":69,"column":48}},"loc":{"start":{"line":69,"column":60},"end":{"line":79,"column":9}},"line":69},"18":{"name":"(anonymous_18)","decl":{"start":{"line":81,"column":4},"end":{"line":81,"column":5}},"loc":{"start":{"line":81,"column":45},"end":{"line":98,"column":5}},"line":81},"19":{"name":"(anonymous_19)","decl":{"start":{"line":82,"column":47},"end":{"line":82,"column":48}},"loc":{"start":{"line":82,"column":60},"end":{"line":97,"column":9}},"line":82}},"branchMap":{"0":{"loc":{"start":{"line":2,"column":16},"end":{"line":10,"column":1}},"type":"binary-expr","locations":[{"start":{"line":2,"column":17},"end":{"line":2,"column":21}},{"start":{"line":2,"column":25},"end":{"line":2,"column":39}},{"start":{"line":2,"column":44},"end":{"line":10,"column":1}}],"line":2},"1":{"loc":{"start":{"line":3,"column":35},"end":{"line":3,"column":109}},"type":"cond-expr","locations":[{"start":{"line":3,"column":56},"end":{"line":3,"column":61}},{"start":{"line":3,"column":64},"end":{"line":3,"column":109}}],"line":3},"2":{"loc":{"start":{"line":4,"column":16},"end":{"line":4,"column":34}},"type":"binary-expr","locations":[{"start":{"line":4,"column":16},"end":{"line":4,"column":17}},{"start":{"line":4,"column":22},"end":{"line":4,"column":33}}],"line":4},"3":{"loc":{"start":{"line":7,"column":32},"end":{"line":7,"column":115}},"type":"cond-expr","locations":[{"start":{"line":7,"column":46},"end":{"line":7,"column":67}},{"start":{"line":7,"column":70},"end":{"line":7,"column":115}}],"line":7},"4":{"loc":{"start":{"line":8,"column":51},"end":{"line":8,"column":67}},"type":"binary-expr","locations":[{"start":{"line":8,"column":51},"end":{"line":8,"column":61}},{"start":{"line":8,"column":65},"end":{"line":8,"column":67}}],"line":8},"5":{"loc":{"start":{"line":11,"column":22},"end":{"line":13,"column":1}},"type":"binary-expr","locations":[{"start":{"line":11,"column":23},"end":{"line":11,"column":27}},{"start":{"line":11,"column":31},"end":{"line":11,"column":51}},{"start":{"line":11,"column":56},"end":{"line":13,"column":1}}],"line":11},"6":{"loc":{"start":{"line":12,"column":11},"end":{"line":12,"column":61}},"type":"cond-expr","locations":[{"start":{"line":12,"column":37},"end":{"line":12,"column":40}},{"start":{"line":12,"column":43},"end":{"line":12,"column":61}}],"line":12},"7":{"loc":{"start":{"line":12,"column":12},"end":{"line":12,"column":33}},"type":"binary-expr","locations":[{"start":{"line":12,"column":12},"end":{"line":12,"column":15}},{"start":{"line":12,"column":19},"end":{"line":12,"column":33}}],"line":12},"8":{"loc":{"start":{"line":22,"column":12},"end":{"line":24,"column":13}},"type":"if","locations":[{"start":{"line":22,"column":12},"end":{"line":24,"column":13}},{"start":{},"end":{}}],"line":22},"9":{"loc":{"start":{"line":22,"column":16},"end":{"line":22,"column":59}},"type":"binary-expr","locations":[{"start":{"line":22,"column":16},"end":{"line":22,"column":27}},{"start":{"line":22,"column":31},"end":{"line":22,"column":45}},{"start":{"line":22,"column":49},"end":{"line":22,"column":59}}],"line":22},"10":{"loc":{"start":{"line":26,"column":12},"end":{"line":28,"column":13}},"type":"if","locations":[{"start":{"line":26,"column":12},"end":{"line":28,"column":13}},{"start":{},"end":{}}],"line":26},"11":{"loc":{"start":{"line":37,"column":12},"end":{"line":39,"column":13}},"type":"if","locations":[{"start":{"line":37,"column":12},"end":{"line":39,"column":13}},{"start":{},"end":{}}],"line":37},"12":{"loc":{"start":{"line":52,"column":12},"end":{"line":55,"column":13}},"type":"if","locations":[{"start":{"line":52,"column":12},"end":{"line":55,"column":13}},{"start":{},"end":{}}],"line":52},"13":{"loc":{"start":{"line":61,"column":12},"end":{"line":64,"column":13}},"type":"if","locations":[{"start":{"line":61,"column":12},"end":{"line":64,"column":13}},{"start":{},"end":{}}],"line":61},"14":{"loc":{"start":{"line":70,"column":12},"end":{"line":72,"column":13}},"type":"if","locations":[{"start":{"line":70,"column":12},"end":{"line":72,"column":13}},{"start":{},"end":{}}],"line":70},"15":{"loc":{"start":{"line":74,"column":12},"end":{"line":76,"column":13}},"type":"if","locations":[{"start":{"line":74,"column":12},"end":{"line":76,"column":13}},{"start":{},"end":{}}],"line":74},"16":{"loc":{"start":{"line":84,"column":12},"end":{"line":85,"column":50}},"type":"if","locations":[{"start":{"line":84,"column":12},"end":{"line":85,"column":50}},{"start":{},"end":{}}],"line":84},"17":{"loc":{"start":{"line":87,"column":12},"end":{"line":88,"column":52}},"type":"if","locations":[{"start":{"line":87,"column":12},"end":{"line":88,"column":52}},{"start":{},"end":{}}],"line":87}},"s":{"0":1,"1":50,"2":0,"3":27,"4":50,"5":50,"6":5,"7":0,"8":0,"9":0,"10":70,"11":27,"12":1,"13":3,"14":1,"15":1,"16":1,"17":1,"18":1,"19":12,"20":12,"21":1,"22":11,"23":11,"24":1,"25":10,"26":10,"27":10,"28":3,"29":3,"30":3,"31":1,"32":2,"33":1,"34":1,"35":3,"36":3,"37":3,"38":1,"39":1,"40":2,"41":2,"42":0,"43":0,"44":2,"45":5,"46":5,"47":1,"48":4,"49":4,"50":2,"51":2,"52":2,"53":3,"54":3,"55":3,"56":1,"57":2,"58":2,"59":1,"60":1,"61":1,"62":1},"f":{"0":27,"1":50,"2":0,"3":27,"4":50,"5":0,"6":70,"7":3,"8":12,"9":12,"10":3,"11":3,"12":1,"13":1,"14":3,"15":3,"16":5,"17":5,"18":3,"19":3},"b":{"0":[1,1,1],"1":[50,0],"2":[27,27],"3":[20,50],"4":[27,27],"5":[1,1,1],"6":[1,2],"7":[3,3],"8":[1,11],"9":[12,11,11],"10":[1,10],"11":[1,2],"12":[1,2],"13":[0,2],"14":[1,4],"15":[2,2],"16":[1,2],"17":[1,1]},"inputSourceMap":{"version":3,"file":"/Users/solomon/Desktop/Projects/Projects/home_workout_app/server/src/services/userService.ts","sources":["/Users/solomon/Desktop/Projects/Projects/home_workout_app/server/src/services/userService.ts"],"names":[],"mappings":";;;;;;;;;;;;;;AAAA,0DAAkC;AAClC,wDAA8B;AAC9B,gEAA+B;AAC/B,+BAAgD;AAShD,MAAM,WAAW;IACR,MAAM,CAAO,UAAU,CAAC,IAAc;;YAC3C,IAAI,CAAC,IAAI,CAAC,KAAK,IAAI,CAAC,IAAI,CAAC,QAAQ,IAAI,CAAC,IAAI,CAAC,IAAI,EAAE,CAAC;gBAChD,MAAM,IAAI,KAAK,CAAC,yBAAyB,CAAC,CAAC;YAC7C,CAAC;YAED,MAAM,YAAY,GAAG,MAAM,cAAI,CAAC,OAAO,CAAC,EAAE,KAAK,EAAE,EAAE,KAAK,EAAE,IAAI,CAAC,KAAK,EAAE,EAAE,CAAC,CAAC;YAC1E,IAAI,YAAY,EAAE,CAAC;gBACjB,MAAM,IAAI,KAAK,CAAC,sBAAsB,CAAC,CAAC;YAC1C,CAAC;YAED,MAAM,cAAc,GAAG,MAAM,kBAAM,CAAC,IAAI,CAAC,IAAI,CAAC,QAAQ,EAAE,EAAE,CAAC,CAAC;YAC5D,MAAM,IAAI,GAAG,MAAM,cAAI,CAAC,MAAM,iCAAM,IAAI,KAAE,QAAQ,EAAE,cAAc,IAAG,CAAC;YACtE,OAAO,EAAE,EAAE,EAAE,IAAI,CAAC,EAAE,EAAE,IAAI,EAAE,IAAI,CAAC,IAAI,EAAE,KAAK,EAAE,IAAI,CAAC,KAAK,EAAE,IAAI,EAAE,IAAI,CAAC,IAAI,EAAE,CAAC;QAC9E,CAAC;KAAA;IAEM,MAAM,CAAO,WAAW,CAAC,EAAU;;YACxC,MAAM,IAAI,GAAG,MAAM,cAAI,CAAC,QAAQ,CAAC,EAAE,CAAC,CAAC;YACrC,IAAI,CAAC,IAAI,EAAE,CAAC;gBACV,MAAM,IAAI,KAAK,CAAC,gBAAgB,CAAC,CAAC;YACpC,CAAC;YACD,OAAO,IAAI,CAAC;QACd,CAAC;KAAA;IAEM,MAAM,CAAO,WAAW;;YAC7B,OAAO,cAAI,CAAC,OAAO,EAAE,CAAC;QACxB,CAAC;KAAA;IAEM,MAAM,CAAO,UAAU,CAAC,EAAU,EAAE,IAAmB;;YAC5D,2BAA2B;YAC3B,MAAM,IAAI,GAAG,MAAM,cAAI,CAAC,QAAQ,CAAC,EAAE,CAAC,CAAC;YACrC,IAAI,CAAC,IAAI,EAAE,CAAC;gBACV,OAAO,CAAC,GAAG,CAAC,gBAAgB,CAAC,CAAC;gBAC9B,MAAM,IAAI,KAAK,CAAC,gBAAgB,CAAC,CAAC;YACpC,CAAC;YAED,kBAAkB;YAClB,MAAM,CAAC,YAAY,EAAE,YAAY,CAAC,GAAG,MAAM,cAAI,CAAC,MAAM,CAAC,IAAI,EAAE;gBAC3D,KAAK,EAAE,EAAE,EAAE,EAAE;gBACb,SAAS,EAAE,IAAI;aAChB,CAAC,CAAC;YAEH,IAAI,YAAY,KAAK,CAAC,EAAE,CAAC;gBACvB,OAAO,CAAC,GAAG,CAAC,eAAe,CAAC,CAAC;gBAC7B,MAAM,IAAI,KAAK,CAAC,eAAe,CAAC,CAAC;YACnC,CAAC;YAED,OAAO,YAAY,CAAC,CAAC,CAAC,CAAC;QACzB,CAAC;KAAA;IAED,MAAM,CAAO,UAAU,CAAC,MAAc;;YACpC,IAAI,CAAC,IAAA,eAAY,EAAC,MAAM,CAAC,EAAE,CAAC;gBAC1B,MAAM,IAAI,KAAK,CAAC,qBAAqB,CAAC,CAAC;YACzC,CAAC;YACD,MAAM,IAAI,GAAG,MAAM,cAAI,CAAC,QAAQ,CAAC,MAAM,CAAC,CAAC;YACzC,IAAI,CAAC,IAAI,EAAE,CAAC;gBACV,OAAO,CAAC,CAAC,CAAC,0BAA0B;YACtC,CAAC;YACD,MAAM,IAAI,CAAC,OAAO,EAAE,CAAC;YACrB,OAAO,CAAC,CAAC,CAAC,4CAA4C;QACxD,CAAC;KAAA;IAEM,MAAM,CAAO,gBAAgB,CAAC,KAAa,EAAE,QAAgB;;YAClE,MAAM,IAAI,GAAG,MAAM,cAAI,CAAC,OAAO,CAAC,EAAE,KAAK,EAAE,EAAE,KAAK,EAAE,EAAE,CAAC,CAAC;YACtD,IAAI,CAAC,IAAI;gBAAE,MAAM,IAAI,KAAK,CAAC,gBAAgB,CAAC,CAAC;YAE7C,MAAM,eAAe,GAAG,MAAM,kBAAM,CAAC,OAAO,CAAC,QAAQ,EAAE,IAAI,CAAC,QAAQ,CAAC,CAAC;YACtE,IAAI,CAAC,eAAe;gBAAE,MAAM,IAAI,KAAK,CAAC,kBAAkB,CAAC,CAAC;YAE1D,MAAM,KAAK,GAAG,sBAAG,CAAC,IAAI,CACpB,EAAE,EAAE,EAAE,IAAI,CAAC,EAAE,EAAE,IAAI,EAAE,IAAI,CAAC,IAAI,EAAE,EAChC,OAAO,CAAC,GAAG,CAAC,UAAoB,EAChC,EAAE,SAAS,EAAE,IAAI,EAAE,CACpB,CAAC;YACF,OAAO;gBACL,EAAE,EAAE,IAAI,CAAC,EAAE;gBACX,IAAI,EAAE,IAAI,CAAC,IAAI;gBACf,KAAK,EAAE,IAAI,CAAC,KAAK;gBACjB,IAAI,EAAE,IAAI,CAAC,IAAI;gBACf,KAAK;aACN,CAAC;QACJ,CAAC;KAAA;CACF;AAED,kBAAe,WAAW,CAAC","sourcesContent":["import User from \"../models/User\";\nimport bcrypt from \"bcryptjs\";\nimport jwt from \"jsonwebtoken\";\nimport { validate as validateUUID } from \"uuid\";\n\ninterface UserData {\n  name: string;\n  email: string;\n  password: string;\n  role?: \"user\" | \"admin\";\n}\n\nclass UserService {\n  public static async createUser(data: UserData) {\n    if (!data.email || !data.password || !data.name) {\n      throw new Error(\"All fields are required\");\n    }\n\n    const existingUser = await User.findOne({ where: { email: data.email } });\n    if (existingUser) {\n      throw new Error(\"Email already exists\");\n    }\n\n    const hashedPassword = await bcrypt.hash(data.password, 10);\n    const user = await User.create({ ...data, password: hashedPassword });\n    return { id: user.id, name: user.name, email: user.email, role: user.role };\n  }\n\n  public static async getUserById(id: string) {\n    const user = await User.findByPk(id);\n    if (!user) {\n      throw new Error(\"User not found\");\n    }\n    return user;\n  }\n\n  public static async getAllUsers() {\n    return User.findAll();\n  }\n\n  public static async updateUser(id: string, data: Partial<User>) {\n    // Check if the user exists\n    const user = await User.findByPk(id);\n    if (!user) {\n      console.log(\"User not found\");\n      throw new Error(\"User not found\");\n    }\n\n    // Update the user\n    const [updatedCount, updatedUsers] = await User.update(data, {\n      where: { id },\n      returning: true,\n    });\n\n    if (updatedCount === 0) {\n      console.log(\"Update failed\");\n      throw new Error(\"Update failed\");\n    }\n\n    return updatedUsers[0];\n  }\n\n  static async deleteUser(userId: string): Promise<number> {\n    if (!validateUUID(userId)) {\n      throw new Error(\"Invalid UUID format\");\n    }\n    const user = await User.findByPk(userId);\n    if (!user) {\n      return 0; // No user found to delete\n    }\n    await user.destroy();\n    return 1; // Return 1 to indicate one user was deleted\n  }\n\n  public static async authenticateUser(email: string, password: string) {\n    const user = await User.findOne({ where: { email } });\n    if (!user) throw new Error(\"User not found\");\n\n    const isPasswordValid = await bcrypt.compare(password, user.password);\n    if (!isPasswordValid) throw new Error(\"Invalid password\");\n\n    const token = jwt.sign(\n      { id: user.id, role: user.role },\n      process.env.JWT_SECRET as string,\n      { expiresIn: \"1h\" }\n    );\n    return {\n      id: user.id,\n      name: user.name,\n      email: user.email,\n      role: user.role,\n      token,\n    };\n  }\n}\n\nexport default UserService;\n"]},"_coverageSchema":"1a1c01bbd47fc00a2c39e90264f33305004495a9","hash":"8dd59b8021da6e140ee9bf887f0e04a80898aeeb"},"/Users/solomon/Desktop/Projects/Projects/home_workout_app/server/src/models/User.ts":{"path":"/Users/solomon/Desktop/Projects/Projects/home_workout_app/server/src/models/User.ts","statementMap":{"0":{"start":{"line":2,"column":22},"end":{"line":4,"column":1}},"1":{"start":{"line":3,"column":4},"end":{"line":3,"column":62}},"2":{"start":{"line":5,"column":0},"end":{"line":5,"column":62}},"3":{"start":{"line":6,"column":20},"end":{"line":6,"column":40}},"4":{"start":{"line":7,"column":19},"end":{"line":7,"column":65}},"5":{"start":{"line":8,"column":22},"end":{"line":8,"column":63}},"6":{"start":{"line":9,"column":19},"end":{"line":9,"column":57}},"7":{"start":{"line":10,"column":23},"end":{"line":10,"column":65}},"8":{"start":{"line":13,"column":8},"end":{"line":13,"column":86}},"9":{"start":{"line":14,"column":8},"end":{"line":14,"column":83}},"10":{"start":{"line":15,"column":8},"end":{"line":15,"column":92}},"11":{"start":{"line":18,"column":0},"end":{"line":57,"column":3}},"12":{"start":{"line":58,"column":0},"end":{"line":58,"column":23}}},"fnMap":{"0":{"name":"(anonymous_0)","decl":{"start":{"line":2,"column":56},"end":{"line":2,"column":57}},"loc":{"start":{"line":2,"column":71},"end":{"line":4,"column":1}},"line":2},"1":{"name":"(anonymous_1)","decl":{"start":{"line":12,"column":4},"end":{"line":12,"column":5}},"loc":{"start":{"line":12,"column":23},"end":{"line":16,"column":5}},"line":12}},"branchMap":{"0":{"loc":{"start":{"line":2,"column":22},"end":{"line":4,"column":1}},"type":"binary-expr","locations":[{"start":{"line":2,"column":23},"end":{"line":2,"column":27}},{"start":{"line":2,"column":31},"end":{"line":2,"column":51}},{"start":{"line":2,"column":56},"end":{"line":4,"column":1}}],"line":2},"1":{"loc":{"start":{"line":3,"column":11},"end":{"line":3,"column":61}},"type":"cond-expr","locations":[{"start":{"line":3,"column":37},"end":{"line":3,"column":40}},{"start":{"line":3,"column":43},"end":{"line":3,"column":61}}],"line":3},"2":{"loc":{"start":{"line":3,"column":12},"end":{"line":3,"column":33}},"type":"binary-expr","locations":[{"start":{"line":3,"column":12},"end":{"line":3,"column":15}},{"start":{"line":3,"column":19},"end":{"line":3,"column":33}}],"line":3}},"s":{"0":1,"1":4,"2":1,"3":1,"4":1,"5":1,"6":1,"7":1,"8":1,"9":1,"10":1,"11":1,"12":1},"f":{"0":4,"1":1},"b":{"0":[1,1,1],"1":[4,0],"2":[4,4]},"inputSourceMap":{"version":3,"file":"/Users/solomon/Desktop/Projects/Projects/home_workout_app/server/src/models/User.ts","sources":["/Users/solomon/Desktop/Projects/Projects/home_workout_app/server/src/models/User.ts"],"names":[],"mappings":";;;;;AAAA,yCAAuD;AACvD,kEAA2C;AAC3C,gEAAoC;AACpC,0DAAkC;AAClC,kEAA0C;AAc1C,MAAM,IACJ,SAAQ,iBAA6C;IAWrD,MAAM,CAAC,SAAS;QACd,IAAI,CAAC,OAAO,CAAC,qBAAO,EAAE,EAAE,UAAU,EAAE,QAAQ,EAAE,EAAE,EAAE,UAAU,EAAE,CAAC,CAAC;QAChE,IAAI,CAAC,OAAO,CAAC,kBAAQ,EAAE,EAAE,UAAU,EAAE,QAAQ,EAAE,EAAE,EAAE,UAAU,EAAE,CAAC,CAAC;QACjE,IAAI,CAAC,OAAO,CAAC,sBAAY,EAAE,EAAE,UAAU,EAAE,QAAQ,EAAE,EAAE,EAAE,eAAe,EAAE,CAAC,CAAC;IAC5E,CAAC;CACF;AAED,IAAI,CAAC,IAAI,CACP;IACE,EAAE,EAAE;QACF,IAAI,EAAE,qBAAS,CAAC,IAAI;QACpB,YAAY,EAAE,qBAAS,CAAC,MAAM;QAC9B,UAAU,EAAE,IAAI;KACjB;IACD,IAAI,EAAE;QACJ,IAAI,EAAE,qBAAS,CAAC,MAAM,CAAC,GAAG,CAAC;QAC3B,SAAS,EAAE,KAAK;KACjB;IACD,KAAK,EAAE;QACL,IAAI,EAAE,qBAAS,CAAC,MAAM,CAAC,GAAG,CAAC;QAC3B,SAAS,EAAE,KAAK;QAChB,MAAM,EAAE,IAAI;QACZ,QAAQ,EAAE;YACR,OAAO,EAAE;gBACP,GAAG,EAAE,+BAA+B;aACrC;SACF;KACF;IACD,QAAQ,EAAE;QACR,IAAI,EAAE,qBAAS,CAAC,MAAM,CAAC,GAAG,CAAC;QAC3B,SAAS,EAAE,KAAK;KACjB;IACD,IAAI,EAAE;QACJ,IAAI,EAAE,qBAAS,CAAC,MAAM,CAAC,EAAE,CAAC;QAC1B,YAAY,EAAE,MAAM;KACrB;IACD,SAAS,EAAE;QACT,IAAI,EAAE,qBAAS,CAAC,IAAI;QACpB,YAAY,EAAE,qBAAS,CAAC,GAAG;KAC5B;IACD,SAAS,EAAE;QACT,IAAI,EAAE,qBAAS,CAAC,IAAI;QACpB,YAAY,EAAE,qBAAS,CAAC,GAAG;KAC5B;CACF,EACD;IACE,SAAS,EAAT,kBAAS;IACT,SAAS,EAAE,OAAO;CACnB,CACF,CAAC;AAEF,kBAAe,IAAI,CAAC","sourcesContent":["import { DataTypes, Model, Optional } from \"sequelize\";\nimport sequelize from \"../config/database\";\nimport Workout from \"./WorkoutPlan\";\nimport Progress from \"./Progress\";\nimport Notification from \"./Notification\";\n\nexport interface UserAttributes {\n  id: string;\n  name: string;\n  email: string;\n  password: string;\n  role?: string;\n  createdAt?: Date;\n  updatedAt?: Date;\n}\n\ninterface UserCreationAttributes extends Optional<UserAttributes, \"id\"> {}\n\nclass User\n  extends Model<UserAttributes, UserCreationAttributes>\n  implements UserAttributes\n{\n  public id!: string;\n  public name!: string;\n  public email!: string;\n  public password!: string;\n  public role!: string;\n  public createdAt!: Date;\n  public updatedAt!: Date;\n\n  static associate() {\n    User.hasMany(Workout, { foreignKey: \"userId\", as: \"workouts\" });\n    User.hasMany(Progress, { foreignKey: \"userId\", as: \"progress\" });\n    User.hasMany(Notification, { foreignKey: \"userId\", as: \"notifications\" });\n  }\n}\n\nUser.init(\n  {\n    id: {\n      type: DataTypes.UUID,\n      defaultValue: DataTypes.UUIDV4,\n      primaryKey: true,\n    },\n    name: {\n      type: DataTypes.STRING(255),\n      allowNull: false,\n    },\n    email: {\n      type: DataTypes.STRING(255),\n      allowNull: false,\n      unique: true,\n      validate: {\n        isEmail: {\n          msg: \"Must be a valid email address\",\n        },\n      },\n    },\n    password: {\n      type: DataTypes.STRING(255),\n      allowNull: false,\n    },\n    role: {\n      type: DataTypes.STRING(50),\n      defaultValue: \"user\",\n    },\n    createdAt: {\n      type: DataTypes.DATE,\n      defaultValue: DataTypes.NOW,\n    },\n    updatedAt: {\n      type: DataTypes.DATE,\n      defaultValue: DataTypes.NOW,\n    },\n  },\n  {\n    sequelize,\n    tableName: \"users\",\n  }\n);\n\nexport default User;\n"]},"_coverageSchema":"1a1c01bbd47fc00a2c39e90264f33305004495a9","hash":"e27c6dd6853bccf86ea8de6ddb056ba16dcafd91"},"/Users/solomon/Desktop/Projects/Projects/home_workout_app/server/src/models/WorkoutPlan.ts":{"path":"/Users/solomon/Desktop/Projects/Projects/home_workout_app/server/src/models/WorkoutPlan.ts","statementMap":{"0":{"start":{"line":2,"column":22},"end":{"line":4,"column":1}},"1":{"start":{"line":3,"column":4},"end":{"line":3,"column":62}},"2":{"start":{"line":5,"column":0},"end":{"line":5,"column":62}},"3":{"start":{"line":6,"column":20},"end":{"line":6,"column":40}},"4":{"start":{"line":7,"column":19},"end":{"line":7,"column":65}},"5":{"start":{"line":8,"column":15},"end":{"line":8,"column":49}},"6":{"start":{"line":11,"column":8},"end":{"line":14,"column":11}},"7":{"start":{"line":17,"column":0},"end":{"line":46,"column":3}},"8":{"start":{"line":47,"column":0},"end":{"line":47,"column":30}}},"fnMap":{"0":{"name":"(anonymous_0)","decl":{"start":{"line":2,"column":56},"end":{"line":2,"column":57}},"loc":{"start":{"line":2,"column":71},"end":{"line":4,"column":1}},"line":2},"1":{"name":"(anonymous_1)","decl":{"start":{"line":10,"column":4},"end":{"line":10,"column":5}},"loc":{"start":{"line":10,"column":23},"end":{"line":15,"column":5}},"line":10}},"branchMap":{"0":{"loc":{"start":{"line":2,"column":22},"end":{"line":4,"column":1}},"type":"binary-expr","locations":[{"start":{"line":2,"column":23},"end":{"line":2,"column":27}},{"start":{"line":2,"column":31},"end":{"line":2,"column":51}},{"start":{"line":2,"column":56},"end":{"line":4,"column":1}}],"line":2},"1":{"loc":{"start":{"line":3,"column":11},"end":{"line":3,"column":61}},"type":"cond-expr","locations":[{"start":{"line":3,"column":37},"end":{"line":3,"column":40}},{"start":{"line":3,"column":43},"end":{"line":3,"column":61}}],"line":3},"2":{"loc":{"start":{"line":3,"column":12},"end":{"line":3,"column":33}},"type":"binary-expr","locations":[{"start":{"line":3,"column":12},"end":{"line":3,"column":15}},{"start":{"line":3,"column":19},"end":{"line":3,"column":33}}],"line":3}},"s":{"0":1,"1":2,"2":1,"3":1,"4":1,"5":1,"6":1,"7":1,"8":1},"f":{"0":2,"1":1},"b":{"0":[1,1,1],"1":[2,0],"2":[2,2]},"inputSourceMap":{"version":3,"file":"/Users/solomon/Desktop/Projects/Projects/home_workout_app/server/src/models/WorkoutPlan.ts","sources":["/Users/solomon/Desktop/Projects/Projects/home_workout_app/server/src/models/WorkoutPlan.ts"],"names":[],"mappings":";;;;;AAAA,yCAA6C;AAC7C,kEAA2C;AAC3C,kDAA0B;AAE1B,MAAM,WAAY,SAAQ,iBAAK;IAM7B,MAAM,CAAC,SAAS;QACd,WAAW,CAAC,SAAS,CAAC,cAAI,EAAE;YAC1B,UAAU,EAAE,QAAQ;YACpB,EAAE,EAAE,MAAM;SACX,CAAC,CAAC;IACL,CAAC;CACF;AAED,WAAW,CAAC,IAAI,CACd;IACE,EAAE,EAAE;QACF,IAAI,EAAE,qBAAS,CAAC,IAAI;QACpB,YAAY,EAAE,qBAAS,CAAC,MAAM;QAC9B,UAAU,EAAE,IAAI;KACjB;IACD,IAAI,EAAE;QACJ,IAAI,EAAE,qBAAS,CAAC,MAAM,CAAC,GAAG,CAAC;QAC3B,SAAS,EAAE,KAAK;KACjB;IACD,WAAW,EAAE;QACX,IAAI,EAAE,qBAAS,CAAC,IAAI;QACpB,SAAS,EAAE,KAAK;KACjB;IACD,MAAM,EAAE;QACN,IAAI,EAAE,qBAAS,CAAC,IAAI;QACpB,SAAS,EAAE,KAAK;KACjB;IACD,SAAS,EAAE;QACT,IAAI,EAAE,qBAAS,CAAC,IAAI;QACpB,YAAY,EAAE,qBAAS,CAAC,GAAG;KAC5B;IACD,SAAS,EAAE;QACT,IAAI,EAAE,qBAAS,CAAC,IAAI;QACpB,YAAY,EAAE,qBAAS,CAAC,GAAG;KAC5B;CACF,EACD;IACE,SAAS,EAAT,kBAAS;IACT,SAAS,EAAE,eAAe;CAC3B,CACF,CAAC;AAEF,kBAAe,WAAW,CAAC","sourcesContent":["import { DataTypes, Model } from \"sequelize\";\nimport sequelize from \"../config/database\";\nimport User from \"./User\";\n\nclass WorkoutPlan extends Model {\n  public id!: string;\n  public name!: string;\n  public description!: string;\n  public userId!: string;\n\n  static associate() {\n    WorkoutPlan.belongsTo(User, {\n      foreignKey: \"userId\",\n      as: \"user\",\n    });\n  }\n}\n\nWorkoutPlan.init(\n  {\n    id: {\n      type: DataTypes.UUID,\n      defaultValue: DataTypes.UUIDV4,\n      primaryKey: true,\n    },\n    name: {\n      type: DataTypes.STRING(255),\n      allowNull: false,\n    },\n    description: {\n      type: DataTypes.TEXT,\n      allowNull: false,\n    },\n    userId: {\n      type: DataTypes.UUID,\n      allowNull: false,\n    },\n    createdAt: {\n      type: DataTypes.DATE,\n      defaultValue: DataTypes.NOW,\n    },\n    updatedAt: {\n      type: DataTypes.DATE,\n      defaultValue: DataTypes.NOW,\n    },\n  },\n  {\n    sequelize,\n    tableName: \"workout_plans\",\n  }\n);\n\nexport default WorkoutPlan;\n"]},"_coverageSchema":"1a1c01bbd47fc00a2c39e90264f33305004495a9","hash":"db87b548ce21f09d4389affc21b4046d9e3aa13b"},"/Users/solomon/Desktop/Projects/Projects/home_workout_app/server/src/models/Progress.ts":{"path":"/Users/solomon/Desktop/Projects/Projects/home_workout_app/server/src/models/Progress.ts","statementMap":{"0":{"start":{"line":2,"column":22},"end":{"line":4,"column":1}},"1":{"start":{"line":3,"column":4},"end":{"line":3,"column":62}},"2":{"start":{"line":5,"column":0},"end":{"line":5,"column":62}},"3":{"start":{"line":6,"column":20},"end":{"line":6,"column":40}},"4":{"start":{"line":7,"column":19},"end":{"line":7,"column":65}},"5":{"start":{"line":8,"column":15},"end":{"line":8,"column":49}},"6":{"start":{"line":9,"column":18},"end":{"line":9,"column":55}},"7":{"start":{"line":12,"column":8},"end":{"line":12,"column":81}},"8":{"start":{"line":13,"column":8},"end":{"line":13,"column":90}},"9":{"start":{"line":16,"column":0},"end":{"line":61,"column":3}},"10":{"start":{"line":62,"column":0},"end":{"line":62,"column":27}}},"fnMap":{"0":{"name":"(anonymous_0)","decl":{"start":{"line":2,"column":56},"end":{"line":2,"column":57}},"loc":{"start":{"line":2,"column":71},"end":{"line":4,"column":1}},"line":2},"1":{"name":"(anonymous_1)","decl":{"start":{"line":11,"column":4},"end":{"line":11,"column":5}},"loc":{"start":{"line":11,"column":23},"end":{"line":14,"column":5}},"line":11}},"branchMap":{"0":{"loc":{"start":{"line":2,"column":22},"end":{"line":4,"column":1}},"type":"binary-expr","locations":[{"start":{"line":2,"column":23},"end":{"line":2,"column":27}},{"start":{"line":2,"column":31},"end":{"line":2,"column":51}},{"start":{"line":2,"column":56},"end":{"line":4,"column":1}}],"line":2},"1":{"loc":{"start":{"line":3,"column":11},"end":{"line":3,"column":61}},"type":"cond-expr","locations":[{"start":{"line":3,"column":37},"end":{"line":3,"column":40}},{"start":{"line":3,"column":43},"end":{"line":3,"column":61}}],"line":3},"2":{"loc":{"start":{"line":3,"column":12},"end":{"line":3,"column":33}},"type":"binary-expr","locations":[{"start":{"line":3,"column":12},"end":{"line":3,"column":15}},{"start":{"line":3,"column":19},"end":{"line":3,"column":33}}],"line":3}},"s":{"0":1,"1":3,"2":1,"3":1,"4":1,"5":1,"6":1,"7":1,"8":1,"9":1,"10":1},"f":{"0":3,"1":1},"b":{"0":[1,1,1],"1":[3,0],"2":[3,3]},"inputSourceMap":{"version":3,"file":"/Users/solomon/Desktop/Projects/Projects/home_workout_app/server/src/models/Progress.ts","sources":["/Users/solomon/Desktop/Projects/Projects/home_workout_app/server/src/models/Progress.ts"],"names":[],"mappings":";;;;;AAAA,yCAA6C;AAC7C,kEAA2C;AAC3C,kDAA0B;AAC1B,wDAAgC;AAEhC,MAAM,QAAS,SAAQ,iBAAK;IAS1B,MAAM,CAAC,SAAS;QACd,QAAQ,CAAC,SAAS,CAAC,cAAI,EAAE,EAAE,UAAU,EAAE,QAAQ,EAAE,EAAE,EAAE,MAAM,EAAE,CAAC,CAAC;QAC/D,QAAQ,CAAC,SAAS,CAAC,iBAAO,EAAE,EAAE,UAAU,EAAE,WAAW,EAAE,EAAE,EAAE,SAAS,EAAE,CAAC,CAAC;IAC1E,CAAC;CACF;AAED,QAAQ,CAAC,IAAI,CACX;IACE,EAAE,EAAE;QACF,IAAI,EAAE,qBAAS,CAAC,IAAI;QACpB,YAAY,EAAE,qBAAS,CAAC,MAAM;QAC9B,UAAU,EAAE,IAAI;KACjB;IACD,IAAI,EAAE;QACJ,IAAI,EAAE,qBAAS,CAAC,IAAI;QACpB,SAAS,EAAE,KAAK;KACjB;IACD,MAAM,EAAE;QACN,IAAI,EAAE,qBAAS,CAAC,IAAI;QACpB,SAAS,EAAE,KAAK;QAChB,UAAU,EAAE;YACV,KAAK,EAAE,cAAI;YACX,GAAG,EAAE,IAAI;SACV;QACD,QAAQ,EAAE,SAAS;QACnB,QAAQ,EAAE,SAAS;KACpB;IACD,SAAS,EAAE;QACT,IAAI,EAAE,qBAAS,CAAC,IAAI;QACpB,SAAS,EAAE,KAAK;QAChB,UAAU,EAAE;YACV,KAAK,EAAE,iBAAO;YACd,GAAG,EAAE,IAAI;SACV;QACD,QAAQ,EAAE,SAAS;QACnB,QAAQ,EAAE,SAAS;KACpB;IACD,kBAAkB,EAAE;QAClB,IAAI,EAAE,qBAAS,CAAC,IAAI;QACpB,SAAS,EAAE,KAAK;KACjB;IACD,SAAS,EAAE;QACT,IAAI,EAAE,qBAAS,CAAC,IAAI;QACpB,YAAY,EAAE,qBAAS,CAAC,GAAG;KAC5B;IACD,SAAS,EAAE;QACT,IAAI,EAAE,qBAAS,CAAC,IAAI;QACpB,YAAY,EAAE,qBAAS,CAAC,GAAG;KAC5B;CACF,EACD;IACE,SAAS,EAAT,kBAAS;IACT,SAAS,EAAE,UAAU;CACtB,CACF,CAAC;AAEF,kBAAe,QAAQ,CAAC","sourcesContent":["import { DataTypes, Model } from \"sequelize\";\nimport sequelize from \"../config/database\";\nimport User from \"./User\";\nimport Workout from \"./Workout\";\n\nclass Progress extends Model {\n  public id!: string;\n  public date!: Date;\n  public userId!: string;\n  public workoutId!: string;\n  public performanceMetrics!: object;\n  public createdAt!: Date;\n  public updatedAt!: Date;\n\n  static associate() {\n    Progress.belongsTo(User, { foreignKey: \"userId\", as: \"user\" });\n    Progress.belongsTo(Workout, { foreignKey: \"workoutId\", as: \"workout\" });\n  }\n}\n\nProgress.init(\n  {\n    id: {\n      type: DataTypes.UUID,\n      defaultValue: DataTypes.UUIDV4,\n      primaryKey: true,\n    },\n    date: {\n      type: DataTypes.DATE,\n      allowNull: false,\n    },\n    userId: {\n      type: DataTypes.UUID,\n      allowNull: false,\n      references: {\n        model: User,\n        key: \"id\",\n      },\n      onDelete: \"CASCADE\",\n      onUpdate: \"CASCADE\",\n    },\n    workoutId: {\n      type: DataTypes.UUID,\n      allowNull: false,\n      references: {\n        model: Workout,\n        key: \"id\",\n      },\n      onDelete: \"CASCADE\",\n      onUpdate: \"CASCADE\",\n    },\n    performanceMetrics: {\n      type: DataTypes.JSON,\n      allowNull: false,\n    },\n    createdAt: {\n      type: DataTypes.DATE,\n      defaultValue: DataTypes.NOW,\n    },\n    updatedAt: {\n      type: DataTypes.DATE,\n      defaultValue: DataTypes.NOW,\n    },\n  },\n  {\n    sequelize,\n    tableName: \"progress\",\n  }\n);\n\nexport default Progress;\n"]},"_coverageSchema":"1a1c01bbd47fc00a2c39e90264f33305004495a9","hash":"ee78af8bd83c337a3540e71b8377c8279a5766d2"},"/Users/solomon/Desktop/Projects/Projects/home_workout_app/server/src/models/Workout.ts":{"path":"/Users/solomon/Desktop/Projects/Projects/home_workout_app/server/src/models/Workout.ts","statementMap":{"0":{"start":{"line":2,"column":22},"end":{"line":4,"column":1}},"1":{"start":{"line":3,"column":4},"end":{"line":3,"column":62}},"2":{"start":{"line":5,"column":0},"end":{"line":5,"column":62}},"3":{"start":{"line":6,"column":20},"end":{"line":6,"column":40}},"4":{"start":{"line":7,"column":19},"end":{"line":7,"column":65}},"5":{"start":{"line":8,"column":15},"end":{"line":8,"column":49}},"6":{"start":{"line":9,"column":22},"end":{"line":9,"column":63}},"7":{"start":{"line":12,"column":8},"end":{"line":12,"column":80}},"8":{"start":{"line":13,"column":8},"end":{"line":16,"column":11}},"9":{"start":{"line":19,"column":0},"end":{"line":61,"column":3}},"10":{"start":{"line":62,"column":0},"end":{"line":62,"column":26}}},"fnMap":{"0":{"name":"(anonymous_0)","decl":{"start":{"line":2,"column":56},"end":{"line":2,"column":57}},"loc":{"start":{"line":2,"column":71},"end":{"line":4,"column":1}},"line":2},"1":{"name":"(anonymous_1)","decl":{"start":{"line":11,"column":4},"end":{"line":11,"column":5}},"loc":{"start":{"line":11,"column":23},"end":{"line":17,"column":5}},"line":11}},"branchMap":{"0":{"loc":{"start":{"line":2,"column":22},"end":{"line":4,"column":1}},"type":"binary-expr","locations":[{"start":{"line":2,"column":23},"end":{"line":2,"column":27}},{"start":{"line":2,"column":31},"end":{"line":2,"column":51}},{"start":{"line":2,"column":56},"end":{"line":4,"column":1}}],"line":2},"1":{"loc":{"start":{"line":3,"column":11},"end":{"line":3,"column":61}},"type":"cond-expr","locations":[{"start":{"line":3,"column":37},"end":{"line":3,"column":40}},{"start":{"line":3,"column":43},"end":{"line":3,"column":61}}],"line":3},"2":{"loc":{"start":{"line":3,"column":12},"end":{"line":3,"column":33}},"type":"binary-expr","locations":[{"start":{"line":3,"column":12},"end":{"line":3,"column":15}},{"start":{"line":3,"column":19},"end":{"line":3,"column
[...]
olumn":5}},"line":23},"11":{"name":"(anonymous_11)","decl":{"start":{"line":24,"column":47},"end":{"line":24,"column":48}},"loc":{"start":{"line":24,"column":60},"end":{"line":26,"column":9}},"line":24},"12":{"name":"(anonymous_12)","decl":{"start":{"line":28,"column":4},"end":{"line":28,"column":5}},"loc":{"start":{"line":28,"column":31},"end":{"line":35,"column":5}},"line":28},"13":{"name":"(anonymous_13)","decl":{"start":{"line":29,"column":47},"end":{"line":29,"column":48}},"loc":{"start":{"line":29,"column":60},"end":{"line":34,"column":9}},"line":29},"14":{"name":"(anonymous_14)","decl":{"start":{"line":36,"column":4},"end":{"line":36,"column":5}},"loc":{"start":{"line":36,"column":36},"end":{"line":47,"column":5}},"line":36},"15":{"name":"(anonymous_15)","decl":{"start":{"line":37,"column":47},"end":{"line":37,"column":48}},"loc":{"start":{"line":37,"column":60},"end":{"line":46,"column":9}},"line":37},"16":{"name":"(anonymous_16)","decl":{"start":{"line":48,"column":4},"end":{"line":48,"column":5}},"loc":{"start":{"line":48,"column":30},"end":{"line":60,"column":5}},"line":48},"17":{"name":"(anonymous_17)","decl":{"start":{"line":49,"column":47},"end":{"line":49,"column":48}},"loc":{"start":{"line":49,"column":60},"end":{"line":59,"column":9}},"line":49}},"branchMap":{"0":{"loc":{"start":{"line":2,"column":16},"end":{"line":10,"column":1}},"type":"binary-expr","locations":[{"start":{"line":2,"column":17},"end":{"line":2,"column":21}},{"start":{"line":2,"column":25},"end":{"line":2,"column":39}},{"start":{"line":2,"column":44},"end":{"line":10,"column":1}}],"line":2},"1":{"loc":{"start":{"line":3,"column":35},"end":{"line":3,"column":109}},"type":"cond-expr","locations":[{"start":{"line":3,"column":56},"end":{"line":3,"column":61}},{"start":{"line":3,"column":64},"end":{"line":3,"column":109}}],"line":3},"2":{"loc":{"start":{"line":4,"column":16},"end":{"line":4,"column":34}},"type":"binary-expr","locations":[{"start":{"line":4,"column":16},"end":{"line":4,"column":17}},{"start":{"line":4,"column":22},"end":{"line":4,"column":33}}],"line":4},"3":{"loc":{"start":{"line":7,"column":32},"end":{"line":7,"column":115}},"type":"cond-expr","locations":[{"start":{"line":7,"column":46},"end":{"line":7,"column":67}},{"start":{"line":7,"column":70},"end":{"line":7,"column":115}}],"line":7},"4":{"loc":{"start":{"line":8,"column":51},"end":{"line":8,"column":67}},"type":"binary-expr","locations":[{"start":{"line":8,"column":51},"end":{"line":8,"column":61}},{"start":{"line":8,"column":65},"end":{"line":8,"column":67}}],"line":8},"5":{"loc":{"start":{"line":11,"column":22},"end":{"line":13,"column":1}},"type":"binary-expr","locations":[{"start":{"line":11,"column":23},"end":{"line":11,"column":27}},{"start":{"line":11,"column":31},"end":{"line":11,"column":51}},{"start":{"line":11,"column":56},"end":{"line":13,"column":1}}],"line":11},"6":{"loc":{"start":{"line":12,"column":11},"end":{"line":12,"column":61}},"type":"cond-expr","locations":[{"start":{"line":12,"column":37},"end":{"line":12,"column":40}},{"start":{"line":12,"column":43},"end":{"line":12,"column":61}}],"line":12},"7":{"loc":{"start":{"line":12,"column":12},"end":{"line":12,"column":33}},"type":"binary-expr","locations":[{"start":{"line":12,"column":12},"end":{"line":12,"column":15}},{"start":{"line":12,"column":19},"end":{"line":12,"column":33}}],"line":12},"8":{"loc":{"start":{"line":30,"column":12},"end":{"line":32,"column":13}},"type":"if","locations":[{"start":{"line":30,"column":12},"end":{"line":32,"column":13}},{"start":{},"end":{}}],"line":30},"9":{"loc":{"start":{"line":38,"column":12},"end":{"line":40,"column":13}},"type":"if","locations":[{"start":{"line":38,"column":12},"end":{"line":40,"column":13}},{"start":{},"end":{}}],"line":38},"10":{"loc":{"start":{"line":42,"column":12},"end":{"line":44,"column":13}},"type":"if","locations":[{"start":{"line":42,"column":12},"end":{"line":44,"column":13}},{"start":{},"end":{}}],"line":42},"11":{"loc":{"start":{"line":50,"column":12},"end":{"line":52,"column":13}},"type":"if","locations":[{"start":{"line":50,"column":12},"end":{"line":52,"column":13}},{"start":{},"end":{}}],"line":50},"12":{"loc":{"start":{"line":54,"column":12},"end":{"line":56,"column":13}},"type":"if","locations":[{"start":{"line":54,"column":12},"end":{"line":56,"column":13}},{"start":{},"end":{}}],"line":54}},"s":{"0":1,"1":8,"2":0,"3":20,"4":8,"5":8,"6":0,"7":0,"8":0,"9":0,"10":25,"11":20,"12":1,"13":1,"14":1,"15":1,"16":1,"17":6,"18":6,"19":2,"20":2,"21":4,"22":4,"23":1,"24":3,"25":4,"26":4,"27":1,"28":3,"29":3,"30":1,"31":2,"32":4,"33":4,"34":1,"35":3,"36":3,"37":1,"38":2,"39":2,"40":1},"f":{"0":20,"1":8,"2":0,"3":20,"4":8,"5":0,"6":25,"7":1,"8":6,"9":6,"10":2,"11":2,"12":4,"13":4,"14":4,"15":4,"16":4,"17":4},"b":{"0":[1,1,1],"1":[8,0],"2":[20,20],"3":[17,8],"4":[20,20],"5":[1,1,1],"6":[1,0],"7":[1,1],"8":[1,3],"9":[1,3],"10":[1,2],"11":[1,3],"12":[1,2]},"inputSourceMap":{"version":3,"file":"/Users/solomon/Desktop/Projects/Projects/home_workout_app/server/src/services/exerciseService.ts","sources":["/Users/solomon/Desktop/Projects/Projects/home_workout_app/server/src/services/exerciseService.ts"],"names":[],"mappings":";;;;;;;;;;;;;;AAAA,+BAA+C;AAC/C,kEAA0C;AAE1C,MAAqB,eAAe;IAClC,MAAM,CAAO,cAAc,CAAC,IAAS;;YACnC,OAAO,kBAAQ,CAAC,MAAM,CAAC,IAAI,CAAC,CAAC;QAC/B,CAAC;KAAA;IAED,MAAM,CAAO,eAAe;;YAC1B,OAAO,kBAAQ,CAAC,OAAO,EAAE,CAAC;QAC5B,CAAC;KAAA;IAED,MAAM,CAAO,eAAe,CAAC,EAAU;;YACrC,IAAI,CAAC,IAAA,eAAW,EAAC,EAAE,CAAC,EAAE,CAAC;gBACrB,MAAM,IAAI,KAAK,CAAC,qBAAqB,CAAC,CAAC;YACzC,CAAC;YACD,OAAO,kBAAQ,CAAC,QAAQ,CAAC,EAAE,CAAC,CAAC;QAC/B,CAAC;KAAA;IAED,MAAM,CAAO,cAAc,CAAC,EAAU,EAAE,IAAS;;YAC/C,IAAI,CAAC,IAAA,eAAW,EAAC,EAAE,CAAC,EAAE,CAAC;gBACrB,MAAM,IAAI,KAAK,CAAC,qBAAqB,CAAC,CAAC;YACzC,CAAC;YACD,MAAM,QAAQ,GAAG,MAAM,kBAAQ,CAAC,QAAQ,CAAC,EAAE,CAAC,CAAC;YAC7C,IAAI,CAAC,QAAQ,EAAE,CAAC;gBACd,OAAO,IAAI,CAAC;YACd,CAAC;YACD,OAAO,QAAQ,CAAC,MAAM,CAAC,IAAI,CAAC,CAAC;QAC/B,CAAC;KAAA;IAED,MAAM,CAAO,cAAc,CAAC,EAAU;;YACpC,IAAI,CAAC,IAAA,eAAW,EAAC,EAAE,CAAC,EAAE,CAAC;gBACrB,MAAM,IAAI,KAAK,CAAC,qBAAqB,CAAC,CAAC;YACzC,CAAC;YACD,MAAM,QAAQ,GAAG,MAAM,kBAAQ,CAAC,QAAQ,CAAC,EAAE,CAAC,CAAC;YAC7C,IAAI,CAAC,QAAQ,EAAE,CAAC;gBACd,OAAO,IAAI,CAAC;YACd,CAAC;YACD,MAAM,QAAQ,CAAC,OAAO,EAAE,CAAC;YACzB,OAAO,QAAQ,CAAC;QAClB,CAAC;KAAA;CACF;AAtCD,kCAsCC","sourcesContent":["import { validate as isValidUUID } from \"uuid\";\nimport Exercise from \"../models/Exercise\";\n\nexport default class ExerciseService {\n  static async createExercise(data: any) {\n    return Exercise.create(data);\n  }\n\n  static async getAllExercises() {\n    return Exercise.findAll();\n  }\n\n  static async getExerciseById(id: string) {\n    if (!isValidUUID(id)) {\n      throw new Error(\"Invalid UUID format\");\n    }\n    return Exercise.findByPk(id);\n  }\n\n  static async updateExercise(id: string, data: any) {\n    if (!isValidUUID(id)) {\n      throw new Error(\"Invalid UUID format\");\n    }\n    const exercise = await Exercise.findByPk(id);\n    if (!exercise) {\n      return null;\n    }\n    return exercise.update(data);\n  }\n\n  static async deleteExercise(id: string) {\n    if (!isValidUUID(id)) {\n      throw new Error(\"Invalid UUID format\");\n    }\n    const exercise = await Exercise.findByPk(id);\n    if (!exercise) {\n      return null;\n    }\n    await exercise.destroy();\n    return exercise;\n  }\n}\n"]},"_coverageSchema":"1a1c01bbd47fc00a2c39e90264f33305004495a9","hash":"a0cc2d6819f1b917854ff20cb362e51230fc80f7"},"/Users/solomon/Desktop/Projects/Projects/home_workout_app/server/src/models/Exercise.ts":{"path":"/Users/solomon/Desktop/Projects/Projects/home_workout_app/server/src/models/Exercise.ts","statementMap":{"0":{"start":{"line":2,"column":22},"end":{"line":4,"column":1}},"1":{"start":{"line":3,"column":4},"end":{"line":3,"column":62}},"2":{"start":{"line":5,"column":0},"end":{"line":5,"column":62}},"3":{"start":{"line":6,"column":20},"end":{"line":6,"column":40}},"4":{"start":{"line":7,"column":19},"end":{"line":7,"column":65}},"5":{"start":{"line":11,"column":0},"end":{"line":44,"column":3}},"6":{"start":{"line":45,"column":0},"end":{"line":45,"column":27}}},"fnMap":{"0":{"name":"(anonymous_0)","decl":{"start":{"line":2,"column":56},"end":{"line":2,"column":57}},"loc":{"start":{"line":2,"column":71},"end":{"line":4,"column":1}},"line":2},"1":{"name":"(anonymous_1)","decl":{"start":{"line":9,"column":4},"end":{"line":9,"column":5}},"loc":{"start":{"line":9,"column":23},"end":{"line":9,"column":26}},"line":9}},"branchMap":{"0":{"loc":{"start":{"line":2,"column":22},"end":{"line":4,"column":1}},"type":"binary-expr","locations":[{"start":{"line":2,"column":23},"end":{"line":2,"column":27}},{"start":{"line":2,"column":31},"end":{"line":2,"column":51}},{"start":{"line":2,"column":56},"end":{"line":4,"column":1}}],"line":2},"1":{"loc":{"start":{"line":3,"column":11},"end":{"line":3,"column":61}},"type":"cond-expr","locations":[{"start":{"line":3,"column":37},"end":{"line":3,"column":40}},{"start":{"line":3,"column":43},"end":{"line":3,"column":61}}],"line":3},"2":{"loc":{"start":{"line":3,"column":12},"end":{"line":3,"column":33}},"type":"binary-expr","locations":[{"start":{"line":3,"column":12},"end":{"line":3,"column":15}},{"start":{"line":3,"column":19},"end":{"line":3,"column":33}}],"line":3}},"s":{"0":1,"1":1,"2":1,"3":1,"4":1,"5":1,"6":1},"f":{"0":1,"1":1},"b":{"0":[1,1,1],"1":[1,0],"2":[1,1]},"inputSourceMap":{"version":3,"file":"/Users/solomon/Desktop/Projects/Projects/home_workout_app/server/src/models/Exercise.ts","sources":["/Users/solomon/Desktop/Projects/Projects/home_workout_app/server/src/models/Exercise.ts"],"names":[],"mappings":";;;;;AAAA,yCAAuD;AACvD,kEAA2C;AAgB3C,MAAM,QACJ,SAAQ,iBAAqD;IAW7D,MAAM,CAAC,SAAS,KAAI,CAAC;CACtB;AAED,QAAQ,CAAC,IAAI,CACX;IACE,EAAE,EAAE;QACF,IAAI,EAAE,qBAAS,CAAC,IAAI;QACpB,YAAY,EAAE,qBAAS,CAAC,MAAM;QAC9B,UAAU,EAAE,IAAI;KACjB;IACD,IAAI,EAAE;QACJ,IAAI,EAAE,qBAAS,CAAC,MAAM,CAAC,GAAG,CAAC;QAC3B,SAAS,EAAE,KAAK;KACjB;IACD,WAAW,EAAE;QACX,IAAI,EAAE,qBAAS,CAAC,IAAI;QACpB,SAAS,EAAE,KAAK;KACjB;IACD,WAAW,EAAE;QACX,IAAI,EAAE,qBAAS,CAAC,MAAM,CAAC,GAAG,CAAC;QAC3B,SAAS,EAAE,KAAK;KACjB;IACD,KAAK,EAAE;QACL,IAAI,EAAE,qBAAS,CAAC,IAAI;QACpB,SAAS,EAAE,KAAK;KACjB;IACD,SAAS,EAAE;QACT,IAAI,EAAE,qBAAS,CAAC,IAAI;QACpB,YAAY,EAAE,qBAAS,CAAC,GAAG;KAC5B;IACD,SAAS,EAAE;QACT,IAAI,EAAE,qBAAS,CAAC,IAAI;QACpB,YAAY,EAAE,qBAAS,CAAC,GAAG;KAC5B;CACF,EACD;IACE,SAAS,EAAT,kBAAS;IACT,SAAS,EAAE,WAAW;CACvB,CACF,CAAC;AAEF,kBAAe,QAAQ,CAAC","sourcesContent":["import { DataTypes, Model, Optional } from \"sequelize\";\nimport sequelize from \"../config/database\";\n\n\nexport interface ExerciseAttributes {\n  id?: string;\n  name: string;\n  description: string;\n  muscleGroup: string;\n  media: string;\n  createdAt?: Date;\n  updatedAt?: Date;\n}\n\nexport interface ExerciseCreationAttributes\n  extends Optional<ExerciseAttributes, \"id\"> {}\n\nclass Exercise\n  extends Model<ExerciseAttributes, ExerciseCreationAttributes>\n  implements ExerciseAttributes\n{\n  public id!: string;\n  public name!: string;\n  public description!: string;\n  public muscleGroup!: string;\n  public media!: string;\n  public createdAt!: Date;\n  public updatedAt!: Date;\n\n  static associate() {}\n}\n\nExercise.init(\n  {\n    id: {\n      type: DataTypes.UUID,\n      defaultValue: DataTypes.UUIDV4,\n      primaryKey: true,\n    },\n    name: {\n      type: DataTypes.STRING(255),\n      allowNull: false,\n    },\n    description: {\n      type: DataTypes.TEXT,\n      allowNull: false,\n    },\n    muscleGroup: {\n      type: DataTypes.STRING(255),\n      allowNull: false,\n    },\n    media: {\n      type: DataTypes.TEXT,\n      allowNull: false,\n    },\n    createdAt: {\n      type: DataTypes.DATE,\n      defaultValue: DataTypes.NOW,\n    },\n    updatedAt: {\n      type: DataTypes.DATE,\n      defaultValue: DataTypes.NOW,\n    },\n  },\n  {\n    sequelize,\n    tableName: \"exercises\",\n  }\n);\n\nexport default Exercise;\n"]},"_coverageSchema":"1a1c01bbd47fc00a2c39e90264f33305004495a9","hash":"0e1b67cadfa6bb7bfd35f9c389e0512912adedee"},"/Users/solomon/Desktop/Projects/Projects/home_workout_app/server/src/routes/testRoute.ts":{"path":"/Users/solomon/Desktop/Projects/Projects/home_workout_app/server/src/routes/testRoute.ts","statementMap":{"0":{"start":{"line":2,"column":0},"end":{"line":2,"column":62}},"1":{"start":{"line":3,"column":18},"end":{"line":3,"column":36}},"2":{"start":{"line":4,"column":25},"end":{"line":4,"column":64}},"3":{"start":{"line":5,"column":15},"end":{"line":5,"column":38}},"4":{"start":{"line":6,"column":0},"end":{"line":8,"column":3}},"5":{"start":{"line":7,"column":4},"end":{"line":7,"column":56}},"6":{"start":{"line":9,"column":0},"end":{"line":9,"column":25}}},"fnMap":{"0":{"name":"(anonymous_0)","decl":{"start":{"line":6,"column":58},"end":{"line":6,"column":59}},"loc":{"start":{"line":6,"column":72},"end":{"line":8,"column":1}},"line":6}},"branchMap":{},"s":{"0":1,"1":1,"2":1,"3":1,"4":1,"5":1,"6":1},"f":{"0":1},"b":{},"inputSourceMap":{"version":3,"file":"/Users/solomon/Desktop/Projects/Projects/home_workout_app/server/src/routes/testRoute.ts","sources":["/Users/solomon/Desktop/Projects/Projects/home_workout_app/server/src/routes/testRoute.ts"],"names":[],"mappings":";;AAAA,qCAAiC;AACjC,iEAA8D;AAE9D,MAAM,MAAM,GAAG,IAAA,gBAAM,GAAE,CAAC;AAExB,MAAM,CAAC,GAAG,CAAC,YAAY,EAAE,+BAAc,EAAE,CAAC,GAAG,EAAE,GAAG,EAAE,EAAE;IACpD,GAAG,CAAC,MAAM,CAAC,GAAG,CAAC,CAAC,IAAI,CAAC,EAAE,OAAO,EAAE,gBAAgB,EAAE,CAAC,CAAC;AACtD,CAAC,CAAC,CAAC;AAEH,kBAAe,MAAM,CAAC","sourcesContent":["import { Router } from \"express\";\nimport { authMiddleware } from \"../middleware/authMiddleware\";\n\nconst router = Router();\n\nrouter.get(\"/protected\", authMiddleware, (req, res) => {\n  res.status(200).json({ message: \"Access granted\" });\n});\n\nexport default router;\n"]},"_coverageSchema":"1a1c01bbd47fc00a2c39e90264f33305004495a9","hash":"fabcabb67d2c921fa87f30976e8c798d1f93f58d"},"/Users/solomon/Desktop/Projects/Projects/home_workout_app/server/src/routes/errorRoute.ts":{"path":"/Users/solomon/Desktop/Projects/Projects/home_workout_app/server/src/routes/errorRoute.ts","statementMap":{"0":{"start":{"line":2,"column":0},"end":{"line":2,"column":62}},"1":{"start":{"line":3,"column":18},"end":{"line":3,"column":36}},"2":{"start":{"line":4,"column":15},"end":{"line":4,"column":38}},"3":{"start":{"line":5,"column":0},"end":{"line":7,"column":3}},"4":{"start":{"line":6,"column":4},"end":{"line":6,"column":34}},"5":{"start":{"line":8,"column":0},"end":{"line":8,"column":25}}},"fnMap":{"0":{"name":"(anonymous_0)","decl":{"start":{"line":5,"column":21},"end":{"line":5,"column":22}},"loc":{"start":{"line":5,"column":41},"end":{"line":7,"column":1}},"line":5}},"branchMap":{},"s":{"0":1,"1":1,"2":1,"3":1,"4":1,"5":1},"f":{"0":1},"b":{},"inputSourceMap":{"version":3,"file":"/Users/solomon/Desktop/Projects/Projects/home_workout_app/server/src/routes/errorRoute.ts","sources":["/Users/solomon/Desktop/Projects/Projects/home_workout_app/server/src/routes/errorRoute.ts"],"names":[],"mappings":";;AAAA,qCAAiC;AAEjC,MAAM,MAAM,GAAG,IAAA,gBAAM,GAAE,CAAC;AAExB,MAAM,CAAC,GAAG,CAAC,QAAQ,EAAE,CAAC,GAAG,EAAE,GAAG,EAAE,IAAI,EAAE,EAAE;IACtC,IAAI,CAAC,IAAI,KAAK,CAAC,YAAY,CAAC,CAAC,CAAC;AAChC,CAAC,CAAC,CAAC;AAEH,kBAAe,MAAM,CAAC","sourcesContent":["import { Router } from \"express\";\n\nconst router = Router();\n\nrouter.get(\"/error\", (req, res, next) => {\n  next(new Error(\"Test error\"));\n});\n\nexport default router;\n"]},"_coverageSchema":"1a1c01bbd47fc00a2c39e90264f33305004495a9","hash":"c1f50a4a451c531e4ea065bfd83fbfbab16b4dd0"},"/Users/solomon/Desktop/Projects/Projects/home_workout_app/server/src/models/index.ts":{"path":"/Users/solomon/Desktop/Projects/Projects/home_workout_app/server/src/models/index.ts","statementMap":{"0":{"start":{"line":2,"column":22},"end":{"line":4,"column":1}},"1":{"start":{"line":3,"column":4},"end":{"line":3,"column":62}},"2":{"start":{"line":5,"column":0},"end":{"line":5,"column":62}},"3":{"start":{"line":6,"column":0},"end":{"line":6,"column":143}},"4":{"start":{"line":7,"column":15},"end":{"line":7,"column":49}},"5":{"start":{"line":8,"column":0},"end":{"line":8,"column":30}},"6":{"start":{"line":9,"column":18},"end":{"line":9,"column":55}},"7":{"start":{"line":10,"column":0},"end":{"line":10,"column":36}},"8":{"start":{"line":11,"column":22},"end":{"line":11,"column":63}},"9":{"start":{"line":12,"column":0},"end":{"line":12,"column":44}},"10":{"start":{"line":13,"column":19},"end":{"line":13,"column":57}},"11":{"start":{"line":14,"column":0},"end":{"line":14,"column":38}},"12":{"start":{"line":15,"column":19},"end":{"line":15,"column":57}},"13":{"start":{"line":16,"column":0},"end":{"line":16,"column":38}},"14":{"start":{"line":17,"column":23},"end":{"line":17,"column":65}},"15":{"start":{"line":18,"column":0},"end":{"line":18,"column":46}},"16":{"start":{"line":19,"column":19},"end":{"line":19,"column":65}},"17":{"start":{"line":20,"column":0},"end":{"line":20,"column":39}},"18":{"start":{"line":21,"column":0},"end":{"line":21,"column":27}},"19":{"start":{"line":22,"column":0},"end":{"line":22,"column":30}},"20":{"start":{"line":23,"column":0},"end":{"line":23,"column":34}},"21":{"start":{"line":24,"column":0},"end":{"line":24,"column":31}},"22":{"start":{"line":25,"column":0},"end":{"line":25,"column":31}},"23":{"start":{"line":26,"column":0},"end":{"line":26,"column":35}}},"fnMap":{"0":{"name":"(anonymous_0)","decl":{"start":{"line":2,"column":56},"end":{"line":2,"column":57}},"loc":{"start":{"line":2,"column":71},"end":{"line":4,"column":1}},"line":2}},"branchMap":{"0":{"loc":{"start":{"line":2,"column":22},"end":{"line":4,"column":1}},"type":"binary-expr","locations":[{"start":{"line":2,"column":23},"end":{"line":2,"column":27}},{"start":{"line":2,"column":31},"end":{"line":2,"column":51}},{"start":{"line":2,"column":56},"end":{"line":4,"column":1}}],"line":2},"1":{"loc":{"start":{"line":3,"column":11},"end":{"line":3,"column":61}},"type":"cond-expr","locations":[{"start":{"line":3,"column":37},"end":{"line":3,"column":40}},{"start":{"line":3,"column":43},"end":{"line":3,"column":61}}],"line":3},"2":{"loc":{"start":{"line":3,"column":12},"end":{"line":3,"column":33}},"type":"binary-expr","locations":[{"start":{"line":3,"column":12},"end":{"line":3,"column":15}},{"start":{"line":3,"column":19},"end":{"line":3,"column":33}}],"line":3}},"s":{"0":1,"1":7,"2":1,"3":1,"4":1,"5":1,"6":1,"7":1,"8":1,"9":1,"10":1,"11":1,"12":1,"13":1,"14":1,"15":1,"16":1,"17":1,"18":1,"19":1,"20":1,"21":1,"22":1,"23":1},"f":{"0":7},"b":{"0":[1,1,1],"1":[7,0],"2":[7,7]},"inputSourceMap":{"version":3,"file":"/Users/solomon/Desktop/Projects/Projects/home_workout_app/server/src/models/index.ts","sources":["/Users/solomon/Desktop/Projects/Projects/home_workout_app/server/src/models/index.ts"],"names":[],"mappings":";;;;;;AAAA,kDAA0B;AAiBxB,eAjBK,cAAI,CAiBL;AAhBN,wDAAgC;AAiB9B,kBAjBK,iBAAO,CAiBL;AAhBT,gEAAwC;AAiBtC,sBAjBK,qBAAW,CAiBL;AAhBb,0DAAkC;AAiBhC,mBAjBK,kBAAQ,CAiBL;AAhBV,0DAAkC;AAiBhC,mBAjBK,kBAAQ,CAiBL;AAhBV,kEAA0C;AAiBxC,uBAjBK,sBAAY,CAiBL;AAhBd,kEAA2C;AAUzC,oBAVK,kBAAS,CAUL;AARX,cAAI,CAAC,SAAS,EAAE,CAAC;AACjB,iBAAO,CAAC,SAAS,EAAE,CAAC;AACpB,qBAAW,CAAC,SAAS,EAAE,CAAC;AACxB,kBAAQ,CAAC,SAAS,EAAE,CAAC;AACrB,kBAAQ,CAAC,SAAS,EAAE,CAAC;AACrB,sBAAY,CAAC,SAAS,EAAE,CAAC","sourcesContent":["import User from \"./User\";\nimport Workout from \"./Workout\";\nimport WorkoutPlan from \"./WorkoutPlan\";\nimport Exercise from \"./Exercise\";\nimport Progress from \"./Progress\";\nimport Notification from \"./Notification\";\nimport sequelize from \"../config/database\";\n\nUser.associate();\nWorkout.associate();\nWorkoutPlan.associate();\nExercise.associate();\nProgress.associate();\nNotification.associate();\n\nexport {\n  sequelize,\n  User,\n  Workout,\n  WorkoutPlan,\n  Exercise,\n  Progress,\n  Notification,\n};\n"]},"_coverageSchema":"1a1c01bbd47fc00a2c39e90264f33305004495a9","hash":"b420f2e6774d5cb7d1ff544877ddc0a7369a7829"}}