{"/Users/solomon/Desktop/Projects/Projects/home_workout_app/server/src/models/User.ts":{"path":"/Users/solomon/Desktop/Projects/Projects/home_workout_app/server/src/models/User.ts","statementMap":{"0":{"start":{"line":2,"column":22},"end":{"line":4,"column":1}},"1":{"start":{"line":3,"column":4},"end":{"line":3,"column":62}},"2":{"start":{"line":5,"column":0},"end":{"line":5,"column":62}},"3":{"start":{"line":6,"column":20},"end":{"line":6,"column":40}},"4":{"start":{"line":7,"column":19},"end":{"line":7,"column":65}},"5":{"start":{"line":10,"column":8},"end":{"line":13,"column":11}},"6":{"start":{"line":14,"column":8},"end":{"line":17,"column":11}},"7":{"start":{"line":18,"column":8},"end":{"line":21,"column":11}},"8":{"start":{"line":24,"column":0},"end":{"line":64,"column":3}},"9":{"start":{"line":65,"column":0},"end":{"line":65,"column":23}}},"fnMap":{"0":{"name":"(anonymous_0)","decl":{"start":{"line":2,"column":56},"end":{"line":2,"column":57}},"loc":{"start":{"line":2,"column":71},"end":{"line":4,"column":1}},"line":2},"1":{"name":"(anonymous_1)","decl":{"start":{"line":9,"column":4},"end":{"line":9,"column":5}},"loc":{"start":{"line":9,"column":29},"end":{"line":22,"column":5}},"line":9}},"branchMap":{"0":{"loc":{"start":{"line":2,"column":22},"end":{"line":4,"column":1}},"type":"binary-expr","locations":[{"start":{"line":2,"column":23},"end":{"line":2,"column":27}},{"start":{"line":2,"column":31},"end":{"line":2,"column":51}},{"start":{"line":2,"column":56},"end":{"line":4,"column":1}}],"line":2},"1":{"loc":{"start":{"line":3,"column":11},"end":{"line":3,"column":61}},"type":"cond-expr","locations":[{"start":{"line":3,"column":37},"end":{"line":3,"column":40}},{"start":{"line":3,"column":43},"end":{"line":3,"column":61}}],"line":3},"2":{"loc":{"start":{"line":3,"column":12},"end":{"line":3,"column":33}},"type":"binary-expr","locations":[{"start":{"line":3,"column":12},"end":{"line":3,"column":15}},{"start":{"line":3,"column":19},"end":{"line":3,"column":33}}],"line":3}},"s":{"0":1,"1":1,"2":1,"3":1,"4":1,"5":1,"6":1,"7":1,"8":1,"9":1},"f":{"0":1,"1":1},"b":{"0":[1,1,1],"1":[1,0],"2":[1,1]},"inputSourceMap":{"version":3,"file":"/Users/solomon/Desktop/Projects/Projects/home_workout_app/server/src/models/User.ts","sources":["/Users/solomon/Desktop/Projects/Projects/home_workout_app/server/src/models/User.ts"],"names":[],"mappings":";;;;;AAAA,yCAAuD;AACvD,kEAA2C;AAM3C,MAAM,IACJ,SAAQ,iBAA6C;IAWrD,MAAM,CAAC,SAAS,CAAC,MAAqB;QACpC,IAAI,CAAC,OAAO,CAAC,MAAM,CAAC,QAAQ,EAAE;YAC5B,UAAU,EAAE,QAAQ;YACpB,EAAE,EAAE,WAAW;SAChB,CAAC,CAAC;QAGH,IAAI,CAAC,OAAO,CAAC,MAAM,CAAC,OAAO,EAAE;YAC3B,UAAU,EAAE,QAAQ;YACpB,EAAE,EAAE,UAAU;SACf,CAAC,CAAC;QAGH,IAAI,CAAC,OAAO,CAAC,MAAM,CAAC,gBAAgB,EAAE;YACpC,UAAU,EAAE,QAAQ;YACpB,EAAE,EAAE,mBAAmB;SACxB,CAAC,CAAC;IACL,CAAC;CACF;AAED,IAAI,CAAC,IAAI,CACP;IACE,EAAE,EAAE;QACF,IAAI,EAAE,qBAAS,CAAC,IAAI;QACpB,YAAY,EAAE,qBAAS,CAAC,MAAM;QAC9B,UAAU,EAAE,IAAI;KACjB;IACD,IAAI,EAAE;QACJ,IAAI,EAAE,qBAAS,CAAC,MAAM,CAAC,GAAG,CAAC;QAC3B,SAAS,EAAE,KAAK;KACjB;IACD,KAAK,EAAE;QACL,IAAI,EAAE,qBAAS,CAAC,MAAM,CAAC,GAAG,CAAC;QAC3B,SAAS,EAAE,KAAK;QAChB,MAAM,EAAE,IAAI;QACZ,QAAQ,EAAE;YACR,OAAO,EAAE;gBACP,GAAG,EAAE,+BAA+B;aACrC;SACF;KACF;IACD,QAAQ,EAAE;QACR,IAAI,EAAE,qBAAS,CAAC,MAAM,CAAC,GAAG,CAAC;QAC3B,SAAS,EAAE,KAAK;KACjB;IACD,IAAI,EAAE;QACJ,IAAI,EAAE,qBAAS,CAAC,MAAM,CAAC,EAAE,CAAC;QAC1B,YAAY,EAAE,MAAM;KACrB;IACD,SAAS,EAAE;QACT,IAAI,EAAE,qBAAS,CAAC,IAAI;QACpB,YAAY,EAAE,qBAAS,CAAC,GAAG;KAC5B;IACD,SAAS,EAAE;QACT,IAAI,EAAE,qBAAS,CAAC,IAAI;QACpB,YAAY,EAAE,qBAAS,CAAC,GAAG;KAC5B;CACF,EACD;IACE,SAAS,EAAT,kBAAS;IACT,SAAS,EAAE,OAAO;IAClB,UAAU,EAAE,IAAI;CACjB,CACF,CAAC;AAEF,kBAAe,IAAI,CAAC","sourcesContent":["import { DataTypes, Model, Optional } from \"sequelize\";\nimport sequelize from \"../config/database\";\nimport { UserAssociate, UserAttributes } from \"../types/models\";\nimport { Workout, ScheduledWorkout } from \".\";\n\nexport interface UserCreationAttributes\n  extends Optional<UserAttributes, \"id\" | \"createdAt\" | \"updatedAt\"> {}\nclass User\n  extends Model<UserAttributes, UserCreationAttributes>\n  implements UserAttributes\n{\n  public id!: string;\n  public name!: string;\n  public email!: string;\n  public password!: string;\n  public role!: string;\n  public createdAt!: Date;\n  public updatedAt!: Date;\n\n  static associate(models: UserAssociate) {\n    User.hasMany(models.Exercise, {\n      foreignKey: \"userId\",\n      as: \"exercises\",\n    });\n\n\n    User.hasMany(models.Workout, {\n      foreignKey: \"userId\",\n      as: \"workouts\",\n    });\n\n\n    User.hasMany(models.ScheduledWorkout, {\n      foreignKey: \"userId\",\n      as: \"scheduledWorkouts\",\n    });\n  }\n}\n\nUser.init(\n  {\n    id: {\n      type: DataTypes.UUID,\n      defaultValue: DataTypes.UUIDV4,\n      primaryKey: true,\n    },\n    name: {\n      type: DataTypes.STRING(255),\n      allowNull: false,\n    },\n    email: {\n      type: DataTypes.STRING(255),\n      allowNull: false,\n      unique: true,\n      validate: {\n        isEmail: {\n          msg: \"Must be a valid email address\",\n        },\n      },\n    },\n    password: {\n      type: DataTypes.STRING(255),\n      allowNull: false,\n    },\n    role: {\n      type: DataTypes.STRING(50),\n      defaultValue: \"user\",\n    },\n    createdAt: {\n      type: DataTypes.DATE,\n      defaultValue: DataTypes.NOW,\n    },\n    updatedAt: {\n      type: DataTypes.DATE,\n      defaultValue: DataTypes.NOW,\n    },\n  },\n  {\n    sequelize,\n    tableName: \"users\",\n    timestamps: true,\n  }\n);\n\nexport default User;\n"]},"_coverageSchema":"1a1c01bbd47fc00a2c39e90264f33305004495a9","hash":"445a6a604307cc46a62bb825bceba67d310c8f13"},"/Users/solomon/Desktop/Projects/Projects/home_workout_app/server/src/config/database.ts":{"path":"/Users/solomon/Desktop/Projects/Projects/home_workout_app/server/src/config/database.ts","statementMap":{"0":{"start":{"line":2,"column":22},"end":{"line":4,"column":1}},"1":{"start":{"line":3,"column":4},"end":{"line":3,"column":62}},"2":{"start":{"line":5,"column":0},"end":{"line":5,"column":62}},"3":{"start":{"line":6,"column":20},"end":{"line":6,"column":40}},"4":{"start":{"line":7,"column":17},"end":{"line":7,"column":51}},"5":{"start":{"line":8,"column":0},"end":{"line":8,"column":26}},"6":{"start":{"line":9,"column":15},"end":{"line":11,"column":30}},"7":{"start":{"line":12,"column":0},"end":{"line":14,"column":1}},"8":{"start":{"line":13,"column":4},"end":{"line":13,"column":45}},"9":{"start":{"line":15,"column":18},"end":{"line":19,"column":2}},"10":{"start":{"line":20,"column":0},"end":{"line":20,"column":28}}},"fnMap":{"0":{"name":"(anonymous_0)","decl":{"start":{"line":2,"column":56},"end":{"line":2,"column":57}},"loc":{"start":{"line":2,"column":71},"end":{"line":4,"column":1}},"line":2}},"branchMap":{"0":{"loc":{"start":{"line":2,"column":22},"end":{"line":4,"column":1}},"type":"binary-expr","locations":[{"start":{"line":2,"column":23},"end":{"line":2,"column":27}},{"start":{"line":2,"column":31},"end":{"line":2,"column":51}},{"start":{"line":2,"column":56},"end":{"line":4,"column":1}}],"line":2},"1":{"loc":{"start":{"line":3,"column":11},"end":{"line":3,"column":61}},"type":"cond-expr","locations":[{"start":{"line":3,"column":37},"end":{"line":3,"column":40}},{"start":{"line":3,"column":43},"end":{"line":3,"column":61}}],"line":3},"2":{"loc":{"start":{"line":3,"column":12},"end":{"line":3,"column":33}},"type":"binary-expr","locations":[{"start":{"line":3,"column":12},"end":{"line":3,"column":15}},{"start":{"line":3,"column":19},"end":{"line":3,"column":33}}],"line":3},"3":{"loc":{"start":{"line":9,"column":15},"end":{"line":11,"column":30}},"type":"cond-expr","locations":[{"start":{"line":10,"column":6},"end":{"line":10,"column":35}},{"start":{"line":11,"column":6},"end":{"line":11,"column":30}}],"line":9},"4":{"loc":{"start":{"line":12,"column":0},"end":{"line":14,"column":1}},"type":"if","locations":[{"start":{"line":12,"column":0},"end":{"line":14,"column":1}},{"start":{},"end":{}}],"line":12}},"s":{"0":1,"1":1,"2":1,"3":1,"4":1,"5":1,"6":1,"7":1,"8":0,"9":1,"10":1},"f":{"0":1},"b":{"0":[1,1,1],"1":[0,1],"2":[1,1],"3":[1,0],"4":[0,1]},"inputSourceMap":{"version":3,"file":"/Users/solomon/Desktop/Projects/Projects/home_workout_app/server/src/config/database.ts","sources":["/Users/solomon/Desktop/Projects/Projects/home_workout_app/server/src/config/database.ts"],"names":[],"mappings":";;;;;AAAA,yCAAsC;AACtC,oDAA4B;AAC5B,gBAAM,CAAC,MAAM,EAAE,CAAC;AAEhB,MAAM,MAAM,GACZ,OAAO,CAAC,GAAG,CAAC,QAAQ,KAAK,MAAM;IAC/B,CAAC,CAAC,OAAO,CAAC,GAAG,CAAC,iBAAiB;IAC/B,CAAC,CAAC,OAAO,CAAC,GAAG,CAAC,YAAY,CAAC;AAE1B,IAAI,CAAC,MAAM,EAAE,CAAC;IACb,MAAM,IAAI,KAAK,CAAC,uBAAuB,CAAC,CAAC;AAC3C,CAAC;AAED,MAAM,SAAS,GAAG,IAAI,qBAAS,CAAC,MAAM,EAAE;IACtC,OAAO,EAAE,UAAU;IACnB,QAAQ,EAAE,UAAU;IACpB,OAAO,EAAE,KAAK;CACf,CAAC,CAAC;AAEH,kBAAe,SAAS,CAAC","sourcesContent":["import { Sequelize } from \"sequelize\";\nimport dotenv from \"dotenv\";\ndotenv.config();\n\nconst DB_URL =\nprocess.env.NODE_ENV === \"test\"\n? process.env.DATABASE_URL_TEST\n: process.env.DATABASE_URL;\n\n if (!DB_URL) {\n  throw new Error(\"No database URL found\");\n}\n\nconst sequelize = new Sequelize(DB_URL, {\n  dialect: \"postgres\",\n  protocol: \"postgres\",\n  logging: false,\n});\n\nexport default sequelize;\n"]},"_coverageSchema":"1a1c01bbd47fc00a2c39e90264f33305004495a9","hash":"1342fabb872dbb4a42e4112f6729b9fbc3713939"},"/Users/solomon/Desktop/Projects/Projects/home_workout_app/server/src/models/Workout.ts":{"path":"/Users/solomon/Desktop/Projects/Projects/home_workout_app/server/src/models/Workout.ts","statementMap":{"0":{"start":{"line":2,"column":22},"end":{"line":4,"column":1}},"1":{"start":{"line":3,"column":4},"end":{"line":3,"column":62}},"2":{"start":{"line":5,"column":0},"end":{"line":5,"column":62}},"3":{"start":{"line":6,"column":20},"end":{"line":6,"column":40}},"4":{"start":{"line":7,"column":19},"end":{"line":7,"column":65}},"5":{"start":{"line":10,"column":8},"end":{"line":13,"column":11}},"6":{"start":{"line":14,"column":8},"end":{"line":19,"column":11}},"7":{"start":{"line":20,"column":8},"end":{"line":23,"column":11}},"8":{"start":{"line":26,"column":0},"end":{"line":68,"column":3}},"9":{"start":{"line":69,"column":0},"end":{"line":69,"column":26}}},"fnMap":{"0":{"name":"(anonymous_0)","decl":{"start":{"line":2,"column":56},"end":{"line":2,"column":57}},"loc":{"start":{"line":2,"column":71},"end":{"line":4,"column":1}},"line":2},"1":{"name":"(anonymous_1)","decl":{"start":{"line":9,"column":4},"end":{"line":9,"column":5}},"loc":{"start":{"line":9,"column":29},"end":{"line":24,"column":5}},"line":9}},"branchMap":{"0":{"loc":{"start":{"line":2,"column":22},"end":{"line":4,"column":1}},"type":"binary-expr","locations":[{"start":{"line":2,"column":23},"end":{"line":2,"column":27}},{"start":{"line":2,"column":31},"end":{"line":2,"column":51}},{"start":{"line":2,"column":56},"end":{"line":4,"column":1}}],"line":2},"1":{"loc":{"start":{"line":3,"column":11},"end":{"line":3,"column":61}},"type":"cond-expr","locations":[{"start":{"line":3,"column":37},"end":{"line":3,"column":40}},{"start":{"line":3,"column":43},"end":{"line":3,"column":61}}],"line":3},"2":{"loc":{"start":{"line":3,"column":12},"end":{"line":3,"column":33}},"type":"binary-expr","locations":[{"start":{"line":3,"column":12},"end":{"line":3,"column":15}},{"start":{"line":3,"column":19},"end":{"line":3,"column":33}}],"line":3}},"s":{"0":1,"1":1,"2":1,"3":1,"4":1,"5":1,"6":1,"7":1,"8":1,"9":1},"f":{"0":1,"1":1},"b":{"0":[1,1,1],"1":[1,0],"2":[1,1]},"inputSourceMap":{"version":3,"file":"/Users/solomon/Desktop/Projects/Projects/home_workout_app/server/src/models/Workout.ts","sources":["/Users/solomon/Desktop/Projects/Projects/home_workout_app/server/src/models/Workout.ts"],"names":[],"mappings":";;;;;AAAA,yCAAuD;AACvD,kEAA2C;AAO3C,MAAM,OACJ,SAAQ,iBAAmD;IAiB3D,MAAM,CAAC,SAAS,CAAC,MAAwB;QACvC,OAAO,CAAC,SAAS,CAAC,MAAM,CAAC,IAAI,EAAE;YAC7B,UAAU,EAAE,QAAQ;YACpB,EAAE,EAAE,MAAM;SACX,CAAC,CAAC;QACH,OAAO,CAAC,aAAa,CAAC,MAAM,CAAC,QAAQ,EAAE;YACrC,OAAO,EAAE,MAAM,CAAC,iBAAiB;YACjC,UAAU,EAAE,WAAW;YACvB,QAAQ,EAAE,YAAY;YACtB,EAAE,EAAE,WAAW;SAChB,CAAC,CAAC;QACH,OAAO,CAAC,OAAO,CAAC,MAAM,CAAC,gBAAgB,EAAE;YACvC,UAAU,EAAE,WAAW;YACvB,EAAE,EAAE,mBAAmB;SACxB,CAAC,CAAC;IACL,CAAC;CACF;AAED,OAAO,CAAC,IAAI,CACV;IACE,EAAE,EAAE;QACF,IAAI,EAAE,qBAAS,CAAC,IAAI;QACpB,YAAY,EAAE,qBAAS,CAAC,MAAM;QAC9B,UAAU,EAAE,IAAI;KACjB;IACD,IAAI,EAAE;QACJ,IAAI,EAAE,qBAAS,CAAC,MAAM,CAAC,GAAG,CAAC;QAC3B,SAAS,EAAE,KAAK;KACjB;IACD,WAAW,EAAE;QACX,IAAI,EAAE,qBAAS,CAAC,IAAI;QACpB,SAAS,EAAE,KAAK;KACjB;IAED,QAAQ,EAAE;QACR,IAAI,EAAE,qBAAS,CAAC,OAAO;QACvB,SAAS,EAAE,IAAI;KAChB;IACD,MAAM,EAAE;QACN,IAAI,EAAE,qBAAS,CAAC,IAAI;QACpB,SAAS,EAAE,KAAK;QAChB,UAAU,EAAE;YACV,KAAK,EAAE,OAAO;YACd,GAAG,EAAE,IAAI;SACV;KACF;IACD,SAAS,EAAE;QACT,IAAI,EAAE,qBAAS,CAAC,KAAK;QACrB,SAAS,EAAE,KAAK;KACjB;IACD,SAAS,EAAE;QACT,IAAI,EAAE,qBAAS,CAAC,IAAI;QACpB,YAAY,EAAE,qBAAS,CAAC,GAAG;KAC5B;IACD,SAAS,EAAE;QACT,IAAI,EAAE,qBAAS,CAAC,IAAI;QACpB,YAAY,EAAE,qBAAS,CAAC,GAAG;KAC5B;CACF,EACD;IACE,SAAS,EAAT,kBAAS;IACT,SAAS,EAAE,UAAU;IACrB,UAAU,EAAE,IAAI;CACjB,CACF,CAAC;AAEF,kBAAe,OAAO,CAAC","sourcesContent":["import { DataTypes, Model, Optional } from \"sequelize\";\nimport sequelize from \"../config/database\";\nimport { WorkoutAssociate, WorkoutAttributes } from \"../types/models\";\nimport { Exercise, User } from \".\";\n\nexport interface WorkoutCreationAttributes\n  extends Optional<WorkoutAttributes, \"id\" | \"createdAt\" | \"updatedAt\"> {}\n\nclass Workout\n  extends Model<WorkoutAttributes, WorkoutCreationAttributes>\n  implements WorkoutAttributes\n{\n  public id!: string;\n  public name!: string;\n  public description!: string;\n  public duration?: string;\n  public userId!: string;\n  public createdBy?: {\n    creatorId: string;\n    creatorName: string;\n    originalWorkoutId?: string;\n  }[];\n  public createdAt!: Date;\n  public updatedAt!: Date;\n  public exercises?: Exercise[];\n\n  static associate(models: WorkoutAssociate) {\n    Workout.belongsTo(models.User, {\n      foreignKey: \"userId\",\n      as: \"user\",\n    });\n    Workout.belongsToMany(models.Exercise, {\n      through: models.Workout_exercises,\n      foreignKey: \"workoutId\",\n      otherKey: \"exerciseId\",\n      as: \"exercises\",\n    });\n    Workout.hasMany(models.ScheduledWorkout, {\n      foreignKey: \"workoutId\",\n      as: \"scheduledWorkouts\",\n    });\n  }\n}\n\nWorkout.init(\n  {\n    id: {\n      type: DataTypes.UUID,\n      defaultValue: DataTypes.UUIDV4,\n      primaryKey: true,\n    },\n    name: {\n      type: DataTypes.STRING(255),\n      allowNull: false,\n    },\n    description: {\n      type: DataTypes.TEXT,\n      allowNull: false,\n    },\n\n    duration: {\n      type: DataTypes.INTEGER,\n      allowNull: true,\n    },\n    userId: {\n      type: DataTypes.UUID,\n      allowNull: false,\n      references: {\n        model: \"users\",\n        key: \"id\",\n      },\n    },\n    createdBy: {\n      type: DataTypes.JSONB,\n      allowNull: false,\n    },\n    createdAt: {\n      type: DataTypes.DATE,\n      defaultValue: DataTypes.NOW,\n    },\n    updatedAt: {\n      type: DataTypes.DATE,\n      defaultValue: DataTypes.NOW,\n    },\n  },\n  {\n    sequelize,\n    tableName: \"workouts\",\n    timestamps: true,\n  }\n);\n\nexport default Workout;\n"]},"_coverageSchema":"1a1c01bbd47fc00a2c39e90264f33305004495a9","hash":"82a1fbb492baf50eec744e95611395c9eebb3211"},"/Users/solomon/Desktop/Projects/Projects/home_workout_app/server/src/models/index.ts":{"path":"/Users/solomon/Desktop/Projects/Projects/home_workout_app/server/src/models/index.ts","statementMap":{"0":{"start":{"line":2,"column":22},"end":{"line":4,"column":1}},"1":{"start":{"line":3,"column":4},"end":{"line":3,"column":62}},"2":{"start":{"line":5,"column":0},"end":{"line":5,"column":62}},"3":{"start":{"line":6,"column":0},"end":{"line":6,"column":134}},"4":{"start":{"line":7,"column":15},"end":{"line":7,"column":49}},"5":{"start":{"line":8,"column":0},"end":{"line":8,"column":30}},"6":{"start":{"line":9,"column":18},"end":{"line":9,"column":55}},"7":{"start":{"line":10,"column":0},"end":{"line":10,"column":36}},"8":{"start":{"line":11,"column":19},"end":{"line":11,"column":57}},"9":{"start":{"line":12,"column":0},"end":{"line":12,"column":38}},"10":{"start":{"line":13,"column":19},"end":{"line":13,"column":65}},"11":{"start":{"line":14,"column":0},"end":{"line":14,"column":39}},"12":{"start":{"line":15,"column":28},"end":{"line":15,"column":75}},"13":{"start":{"line":16,"column":0},"end":{"line":16,"column":56}},"14":{"start":{"line":17,"column":27},"end":{"line":17,"column":73}},"15":{"start":{"line":18,"column":0},"end":{"line":18,"column":54}},"16":{"start":{"line":19,"column":0},"end":{"line":23,"column":3}},"17":{"start":{"line":24,"column":0},"end":{"line":29,"column":3}},"18":{"start":{"line":30,"column":0},"end":{"line":34,"column":3}},"19":{"start":{"line":35,"column":0},"end":{"line":38,"column":3}}},"fnMap":{"0":{"name":"(anonymous_0)","decl":{"start":{"line":2,"column":56},"end":{"line":2,"column":57}},"loc":{"start":{"line":2,"column":71},"end":{"line":4,"column":1}},"line":2}},"branchMap":{"0":{"loc":{"start":{"line":2,"column":22},"end":{"line":4,"column":1}},"type":"binary-expr","locations":[{"start":{"line":2,"column":23},"end":{"line":2,"column":27}},{"start":{"line":2,"column":31},"end":{"line":2,"column":51}},{"start":{"line":2,"column":56},"end":{"line":4,"column":1}}],"line":2},"1":{"loc":{"start":{"line":3,"column":11},"end":{"line":3,"column":61}},"type":"cond-expr","locations":[{"start":{"line":3,"column":37},"end":{"line":3,"column":40}},{"start":{"line":3,"column":43},"end":{"line":3,"column":61}}],"line":3},"2":{"loc":{"start":{"line":3,"column":12},"end":{"line":3,"column":33}},"type":"binary-expr","locations":[{"start":{"line":3,"column":12},"end":{"line":3,"column":15}},{"start":{"line":3,"column":19},"end":{"line":3,"column":33}}],"line":3}},"s":{"0":1,"1":6,"2":1,"3":1,"4":1,"5":1,"6":1,"7":1,"8":1,"9":1,"10":1,"11":1,"12":1,"13":1,"14":1,"15":1,"16":1,"17":1,"18":1,"19":1},"f":{"0":6},"b":{"0":[1,1,1],"1":[6,0],"2":[6,6]},"inputSourceMap":{"version":3,"file":"/Users/solomon/Desktop/Projects/Projects/home_workout_app/server/src/models/index.ts","sources":["/Users/solomon/Desktop/Projects/Projects/home_workout_app/server/src/models/index.ts"],"names":[],"mappings":";;;;;;AAAA,kDAA0B;AAiCxB,eAjCK,cAAI,CAiCL;AAhCN,wDAAgC;AAiC9B,kBAjCK,iBAAO,CAiCL;AAhCT,0DAAkC;AAiChC,mBAjCK,kBAAQ,CAiCL;AAhCV,kEAA2C;AA6BzC,oBA7BK,kBAAS,CA6BL;AA5BX,4EAAoD;AAgClD,4BAhCK,2BAAiB,CAgCL;AA/BnB,0EAAkD;AAgChD,2BAhCK,0BAAgB,CAgCL;AA9BlB,cAAI,CAAC,SAAS,CAAC;IACb,OAAO,EAAP,iBAAO;IACP,QAAQ,EAAR,kBAAQ;IACR,gBAAgB,EAAhB,0BAAgB;CACjB,CAAC,CAAC;AAEH,iBAAO,CAAC,SAAS,CAAC;IAChB,IAAI,EAAJ,cAAI;IACJ,QAAQ,EAAR,kBAAQ;IACR,iBAAiB,EAAjB,2BAAiB;IACjB,gBAAgB,EAAhB,0BAAgB;CACjB,CAAC,CAAC;AAEH,kBAAQ,CAAC,SAAS,CAAC;IACjB,IAAI,EAAJ,cAAI;IACJ,OAAO,EAAP,iBAAO;IACP,iBAAiB,EAAjB,2BAAiB;CAClB,CAAC,CAAC;AAEH,0BAAgB,CAAC,SAAS,CAAC;IACzB,IAAI,EAAJ,cAAI;IACJ,OAAO,EAAP,iBAAO;CACR,CAAC,CAAC","sourcesContent":["import User from \"./User\";\nimport Workout from \"./Workout\";\nimport Exercise from \"./Exercise\";\nimport sequelize from \"../config/database\";\nimport Workout_exercises from \"./Workout_exercises\";\nimport ScheduledWorkout from \"./ScheduledWorkout\";\n\nUser.associate({\n  Workout,\n  Exercise,\n  ScheduledWorkout,\n});\n\nWorkout.associate({\n  User,\n  Exercise,\n  Workout_exercises,\n  ScheduledWorkout,\n});\n\nExercise.associate({\n  User,\n  Workout,\n  Workout_exercises,\n});\n\nScheduledWorkout.associate({\n  User,\n  Workout,\n});\n\nexport {\n  sequelize,\n  User,\n  Workout,\n  Exercise,\n  Workout_exercises,\n  ScheduledWorkout,\n};\n"]},"_coverageSchema":"1a1c01bbd47fc00a2c39e90264f33305004495a9","hash":"b7695911af455d6570277c41d4b97b4edaaf847f"},"/Users/solomon/Desktop/Projects/Projects/home_workout_app/server/src/models/Exercise.ts":{"path":"/Users/solomon/Desktop/Projects/Projects/home_workout_app/server/src/models/Exercise.ts","statementMap":{"0":{"start":{"line":2,"column":22},"end":{"line":4,"column":1}},"1":{"start":{"line":3,"column":4},"end":{"line":3,"column":62}},"2":{"start":{"line":5,"column":0},"end":{"line":5,"column":62}},"3":{"start":{"line":6,"column":20},"end":{"line":6,"column":40}},"4":{"start":{"line":7,"column":19},"end":{"line":7,"column":65}},"5":{"start":{"line":10,"column":8},"end":{"line":13,"column":11}},"6":{"start":{"line":14,"column":8},"end":{"line":19,"column":11}},"7":{"start":{"line":22,"column":0},"end":{"line":76,"column":3}},"8":{"start":{"line":77,"column":0},"end":{"line":77,"column":27}}},"fnMap":{"0":{"name":"(anonymous_0)","decl":{"start":{"line":2,"column":56},"end":{"line":2,"column":57}},"loc":{"start":{"line":2,"column":71},"end":{"line":4,"column":1}},"line":2},"1":{"name":"(anonymous_1)","decl":{"start":{"line":9,"column":4},"end":{"line":9,"column":5}},"loc":{"start":{"line":9,"column":29},"end":{"line":20,"column":5}},"line":9}},"branchMap":{"0":{"loc":{"start":{"line":2,"column":22},"end":{"line":4,"column":1}},"type":"binary-expr","locations":[{"start":{"line":2,"column":23},"end":{"line":2,"column":27}},{"start":{"line":2,"column":31},"end":{"line":2,"column":51}},{"start":{"line":2,"column":56},"end":{"line":4,"column":1}}],"line":2},"1":{"loc":{"start":{"line":3,"column":11},"end":{"line":3,"column":61}},"type":"cond-expr","locations":[{"start":{"line":3,"column":37},"end":{"line":3,"column":40}},{"start":{"line":3,"column":43},"end":{"line":3,"column":61}}],"line":3},"2":{"loc":{"start":{"line":3,"column":12},"end":{"line":3,"column":33}},"type":"binary-expr","locations":[{"start":{"line":3,"column":12},"end":{"line":3,"column":15}},{"start":{"line":3,"column":19},"end":{"line":3,"column":33}}],"line":3}},"s":{"0":1,"1":1,"2":1,"3":1,"4":1,"5":1,"6":1,"7":1,"8":1},"f":{"0":1,"1":1},"b":{"0":[1,1,1],"1":[1,0],"2":[1,1]},"inputSourceMap":{"version":3,"file":"/Users/solomon/Desktop/Projects/Projects/home_workout_app/server/src/models/Exercise.ts","sources":["/Users/solomon/Desktop/Projects/Projects/home_workout_app/server/src/models/Exercise.ts"],"names":[],"mappings":";;;;;AAAA,yCAAuD;AACvD,kEAA2C;AAO3C,MAAM,QACJ,SAAQ,iBAAqD;IAoB7D,MAAM,CAAC,SAAS,CAAC,MAAyB;QACxC,QAAQ,CAAC,SAAS,CAAC,MAAM,CAAC,IAAI,EAAE;YAC9B,UAAU,EAAE,QAAQ;YACpB,EAAE,EAAE,MAAM;SACX,CAAC,CAAC;QACH,QAAQ,CAAC,aAAa,CAAC,MAAM,CAAC,OAAO,EAAE;YACrC,OAAO,EAAE,MAAM,CAAC,iBAAiB;YACjC,UAAU,EAAE,YAAY;YACxB,QAAQ,EAAE,WAAW;YACrB,EAAE,EAAE,UAAU;SACf,CAAC,CAAC;IACL,CAAC;CACF;AAED,QAAQ,CAAC,IAAI,CACX;IACE,EAAE,EAAE;QACF,IAAI,EAAE,qBAAS,CAAC,IAAI;QACpB,YAAY,EAAE,qBAAS,CAAC,MAAM;QAC9B,UAAU,EAAE,IAAI;KACjB;IACD,IAAI,EAAE;QACJ,IAAI,EAAE,qBAAS,CAAC,MAAM,CAAC,GAAG,CAAC;QAC3B,SAAS,EAAE,KAAK;KACjB;IACD,WAAW,EAAE;QACX,IAAI,EAAE,qBAAS,CAAC,IAAI;QACpB,SAAS,EAAE,KAAK;KACjB;IACD,QAAQ,EAAE;QACR,IAAI,EAAE,qBAAS,CAAC,OAAO;QACvB,SAAS,EAAE,IAAI;KAChB;IACD,IAAI,EAAE;QACJ,IAAI,EAAE,qBAAS,CAAC,OAAO;QACvB,SAAS,EAAE,IAAI;KAChB;IACD,IAAI,EAAE;QACJ,IAAI,EAAE,qBAAS,CAAC,OAAO;QACvB,SAAS,EAAE,IAAI;KAChB;IACD,KAAK,EAAE;QACL,IAAI,EAAE,qBAAS,CAAC,IAAI;QACpB,SAAS,EAAE,IAAI;KAChB;IACD,MAAM,EAAE;QACN,IAAI,EAAE,qBAAS,CAAC,IAAI;QACpB,SAAS,EAAE,KAAK;QAChB,UAAU,EAAE;YACV,KAAK,EAAE,OAAO;YACd,GAAG,EAAE,IAAI;SACV;KACF;IACD,SAAS,EAAE;QACT,IAAI,EAAE,qBAAS,CAAC,KAAK;QACrB,SAAS,EAAE,KAAK;KACjB;IACD,SAAS,EAAE;QACT,IAAI,EAAE,qBAAS,CAAC,IAAI;QACpB,YAAY,EAAE,qBAAS,CAAC,GAAG;KAC5B;IACD,SAAS,EAAE;QACT,IAAI,EAAE,qBAAS,CAAC,IAAI;QACpB,YAAY,EAAE,qBAAS,CAAC,GAAG;KAC5B;CACF,EACD;IACE,SAAS,EAAT,kBAAS;IACT,SAAS,EAAE,WAAW;IACtB,UAAU,EAAE,IAAI;CACjB,CACF,CAAC;AAEF,kBAAe,QAAQ,CAAC","sourcesContent":["import { DataTypes, Model, Optional } from \"sequelize\";\nimport sequelize from \"../config/database\";\nimport { Workout, Workout_exercises, User } from \".\";\nimport { ExerciseAssociate, ExerciseAttributes } from \"../types/models\";\n\nexport interface ExerciseCreationAttributes\n  extends Optional<ExerciseAttributes, \"id\"> {}\n\nclass Exercise\n  extends Model<ExerciseAttributes, ExerciseCreationAttributes>\n  implements ExerciseAttributes\n{\n  public id!: string;\n  public name!: string;\n  public description!: string;\n  public duration?: number;\n  public sets?: number;\n  public reps?: number;\n  public media?: string;\n  public userId!: string;\n  public createdBy?: {\n    creatorId: string;\n    creatorName: string;\n    originalExerciseId?: string;\n  }[];\n  public createdAt!: Date;\n  public updatedAt!: Date;\n  public workoutId?: string;\n\n  static associate(models: ExerciseAssociate) {\n    Exercise.belongsTo(models.User, {\n      foreignKey: \"userId\",\n      as: \"user\",\n    });\n    Exercise.belongsToMany(models.Workout, {\n      through: models.Workout_exercises,\n      foreignKey: \"exerciseId\",\n      otherKey: \"workoutId\",\n      as: \"workouts\",\n    });\n  }\n}\n\nExercise.init(\n  {\n    id: {\n      type: DataTypes.UUID,\n      defaultValue: DataTypes.UUIDV4,\n      primaryKey: true,\n    },\n    name: {\n      type: DataTypes.STRING(255),\n      allowNull: false,\n    },\n    description: {\n      type: DataTypes.TEXT,\n      allowNull: false,\n    },\n    duration: {\n      type: DataTypes.INTEGER,\n      allowNull: true,\n    },\n    sets: {\n      type: DataTypes.INTEGER,\n      allowNull: true,\n    },\n    reps: {\n      type: DataTypes.INTEGER,\n      allowNull: true,\n    },\n    media: {\n      type: DataTypes.TEXT,\n      allowNull: true,\n    },\n    userId: {\n      type: DataTypes.UUID,\n      allowNull: false,\n      references: {\n        model: \"users\",\n        key: \"id\",\n      },\n    },\n    createdBy: {\n      type: DataTypes.JSONB,\n      allowNull: false,\n    },\n    createdAt: {\n      type: DataTypes.DATE,\n      defaultValue: DataTypes.NOW,\n    },\n    updatedAt: {\n      type: DataTypes.DATE,\n      defaultValue: DataTypes.NOW,\n    },\n  },\n  {\n    sequelize,\n    tableName: \"exercises\",\n    timestamps: true,\n  }\n);\n\nexport default Exercise;\n"]},"_coverageSchema":"1a1c01bbd47fc00a2c39e90264f33305004495a9","hash":"b5799c0134fcb86b4a00eee1050a8e0472b34b2a"},"/Users/solomon/Desktop/Projects/Projects/home_workout_app/server/src/models/Workout_exercises.ts":{"path":"/Users/solomon/Desktop/Projects/Projects/home_workout_app/server/src/models/Workout_exercises.ts","statementMap":{"0":{"start":{"line":2,"column":22},"end":{"line":4,"column":1}},"1":{"start":{"line":3,"column":4},"end":{"line":3,"column":62}},"2":{"start":{"line":5,"column":0},"end":{"line":5,"column":62}},"3":{"start":{"line":6,"column":20},"end":{"line":6,"column":40}},"4":{"start":{"line":7,"column":19},"end":{"line":7,"column":65}},"5":{"start":{"line":10,"column":0},"end":{"line":35,"column":3}},"6":{"start":{"line":36,"column":0},"end":{"line":36,"column":36}}},"fnMap":{"0":{"name":"(anonymous_0)","decl":{"start":{"line":2,"column":56},"end":{"line":2,"column":57}},"loc":{"start":{"line":2,"column":71},"end":{"line":4,"column":1}},"line":2}},"branchMap":{"0":{"loc":{"start":{"line":2,"column":22},"end":{"line":4,"column":1}},"type":"binary-expr","locations":[{"start":{"line":2,"column":23},"end":{"line":2,"column":27}},{"start":{"line":2,"column":31},"end":{"line":2,"column":51}},{"start":{"line":2,"column":56},"end":{"line":4,"column":1}}],"line":2},"1":{"loc":{"start":{"line":3,"column":11},"end":{"line":3,"column":61}},"type":"cond-expr","locations":[{"start":{"line":3,"column":37},"end":{"line":3,"column":40}},{"start":{"line":3,"column":43},"end":{"line":3,"column":61}}],"line":3},"2":{"loc":{"start":{"line":3,"column":12},"end":{"line":3,"column":33}},"type":"binary-expr","locations":[{"start":{"line":3,"column":12},"end":{"line":3,"column":15}},{"start":{"line":3,"column":19},"end":{"line":3,"column":33}}],"line":3}},"s":{"0":1,"1":1,"2":1,"3":1,"4":1,"5":1,"6":1},"f":{"0":1},"b":{"0":[1,1,1],"1":[1,0],"2":[1,1]},"inputSourceMap":{"version":3,"file":"/Users/solomon/Desktop/Projects/Projects/home_workout_app/server/src/models/Workout_exercises.ts","sources":["/Users/solomon/Desktop/Projects/Projects/home_workout_app/server/src/models/Workout_exercises.ts"],"names":[],"mappings":";;;;;AAAA,yCAA6C;AAC7C,kEAA2C;AAE3C,MAAM,iBAAkB,SAAQ,iBAAK;CAGpC;AAED,iBAAiB,CAAC,IAAI,CACpB;IACE,SAAS,EAAE;QACT,IAAI,EAAE,qBAAS,CAAC,IAAI;QACpB,SAAS,EAAE,KAAK;QAChB,UAAU,EAAE;YACV,KAAK,EAAE,UAAU;YACjB,GAAG,EAAE,IAAI;SACV;QACD,QAAQ,EAAE,SAAS;QACnB,UAAU,EAAE,IAAI;KACjB;IACD,UAAU,EAAE;QACV,IAAI,EAAE,qBAAS,CAAC,IAAI;QACpB,SAAS,EAAE,KAAK;QAChB,UAAU,EAAE;YACV,KAAK,EAAE,WAAW;YAClB,GAAG,EAAE,IAAI;SACV;QACD,QAAQ,EAAE,SAAS;QACnB,UAAU,EAAE,IAAI;KACjB;CACF,EACD;IACE,SAAS,EAAT,kBAAS;IACT,SAAS,EAAE,mBAAmB;IAC9B,UAAU,EAAE,KAAK;CAClB,CACF,CAAC;AAEF,kBAAe,iBAAiB,CAAC","sourcesContent":["import { Model, DataTypes } from \"sequelize\";\nimport sequelize from \"../config/database\";\n\nclass Workout_exercises extends Model {\n  public workoutId!: string;\n  public exerciseId!: string;\n}\n\nWorkout_exercises.init(\n  {\n    workoutId: {\n      type: DataTypes.UUID,\n      allowNull: false,\n      references: {\n        model: \"workouts\",\n        key: \"id\",\n      },\n      onDelete: \"CASCADE\",\n      primaryKey: true,\n    },\n    exerciseId: {\n      type: DataTypes.UUID,\n      allowNull: false,\n      references: {\n        model: \"exercises\",\n        key: \"id\",\n      },\n      onDelete: \"CASCADE\",\n      primaryKey: true,\n    },\n  },\n  {\n    sequelize,\n    tableName: \"workout_exercises\",\n    timestamps: false,\n  }\n);\n\nexport default Workout_exercises;\n"]},"_coverageSchema":"1a1c01bbd47fc00a2c39e90264f33305004495a9","hash":"acb19b9212fe91ca58f29b7793b18582753b7315"},"/Users/solomon/Desktop/Projects/Projects/home_workout_app/server/src/models/ScheduledWorkout.ts":{"path":"/Users/solomon/Desktop/Projects/Projects/home_workout_app/server/src/models/ScheduledWorkout.ts","statementMap":{"0":{"start":{"line":2,"column":22},"end":{"line":4,"column":1}},"1":{"start":{"line":3,"column":4},"end":{"line":3,"column":62}},"2":{"start":{"line":5,"column":0},"end":{"line":5,"column":62}},"3":{"start":{"line":6,"column":20},"end":{"line":6,"column":40}},"4":{"start":{"line":7,"column":19},"end":{"line":7,"column":65}},"5":{"start":{"line":8,"column":11},"end":{"line":8,"column":23}},"6":{"start":{"line":11,"column":8},"end":{"line":14,"column":11}},"7":{"start":{"line":15,"column":8},"end":{"line":18,"column":11}},"8":{"start":{"line":21,"column":0},"end":{"line":63,"column":3}},"9":{"start":{"line":64,"column":0},"end":{"line":64,"column":35}}},"fnMap":{"0":{"name":"(anonymous_0)","decl":{"start":{"line":2,"column":56},"end":{"line":2,"column":57}},"loc":{"start":{"line":2,"column":71},"end":{"line":4,"column":1}},"line":2},"1":{"name":"(anonymous_1)","decl":{"start":{"line":10,"column":4},"end":{"line":10,"column":5}},"loc":{"start":{"line":10,"column":29},"end":{"line":19,"column":5}},"line":10}},"branchMap":{"0":{"loc":{"start":{"line":2,"column":22},"end":{"line":4,"column":1}},"type":"binary-expr","locations":[{"start":{"line":2,"column":23},"end":{"line":2,"column":27}},{"start":{"line":2,"column":31},"end":{"line":2,"column":51}},{"start":{"line":2,"column":56},"end":{"line":4,"column":1}}],"line":2},"1":{"loc":{"start":{"line":3,"column":11},"end":{"line":3,"column":61}},"type":"cond-expr","locations":[{"start":{"line":3,"column":37},"end":{"line":3,"column":40}},{"start":{"line":3,"column":43},"end":{"line":3,"column":61}}],"line":3},"2":{"loc":{"start":{"line":3,"column":12},"end":{"line":3,"column":33}},"type":"binary-expr","locations":[{"start":{"line":3,"column":12},"end":{"line":3,"column":15}},{"start":{"line":3,"column":19},"end":{"line":3,"column":33}}],"line":3}},"s":{"0":1,"1":1,"2":1,"3":1,"4":1,"5":1,"6":1,"7":1,"8":1,"9":1},"f":{"0":1,"1":1},"b":{"0":[1,1,1],"1":[1,0],"2":[1,1]},"inputSourceMap":{"version":3,"file":"/Users/solomon/Desktop/Projects/Projects/home_workout_app/server/src/models/ScheduledWorkout.ts","sources":["/Users/solomon/Desktop/Projects/Projects/home_workout_app/server/src/models/ScheduledWorkout.ts"],"names":[],"mappings":";;;;;AAAA,yCAAuD;AACvD,kEAA2C;AAC3C,wBAAkC;AAQlC,MAAM,gBACJ,SAAQ,iBAAqE;IAW7E,MAAM,CAAC,SAAS,CAAC,MAAiC;QAChD,gBAAgB,CAAC,SAAS,CAAC,MAAM,CAAC,IAAI,EAAE;YACtC,UAAU,EAAE,QAAQ;YACpB,EAAE,EAAE,MAAM;SACX,CAAC,CAAC;QACH,gBAAgB,CAAC,SAAS,CAAC,MAAM,CAAC,OAAO,EAAE;YACzC,UAAU,EAAE,WAAW;YACvB,EAAE,EAAE,SAAS;SACd,CAAC,CAAC;IACL,CAAC;CACF;AAED,gBAAgB,CAAC,IAAI,CACnB;IACE,EAAE,EAAE;QACF,IAAI,EAAE,qBAAS,CAAC,IAAI;QACpB,YAAY,EAAE,qBAAS,CAAC,MAAM;QAC9B,UAAU,EAAE,IAAI;KACjB;IACD,MAAM,EAAE;QACN,IAAI,EAAE,qBAAS,CAAC,IAAI;QACpB,SAAS,EAAE,KAAK;QAChB,UAAU,EAAE;YACV,KAAK,EAAE,OAAI;YACX,GAAG,EAAE,IAAI;SACV;KACF;IACD,SAAS,EAAE;QACT,IAAI,EAAE,qBAAS,CAAC,IAAI;QACpB,SAAS,EAAE,KAAK;QAChB,UAAU,EAAE;YACV,KAAK,EAAE,UAAO;YACd,GAAG,EAAE,IAAI;SACV;KACF;IACD,aAAa,EAAE;QACb,IAAI,EAAE,qBAAS,CAAC,IAAI;QACpB,SAAS,EAAE,KAAK;KACjB;IACD,MAAM,EAAE;QACN,IAAI,EAAE,qBAAS,CAAC,OAAO;QACvB,YAAY,EAAE,KAAK;KACpB;IACD,SAAS,EAAE;QACT,IAAI,EAAE,qBAAS,CAAC,IAAI;QACpB,YAAY,EAAE,qBAAS,CAAC,GAAG;KAC5B;IACD,SAAS,EAAE;QACT,IAAI,EAAE,qBAAS,CAAC,IAAI;QACpB,YAAY,EAAE,qBAAS,CAAC,GAAG;KAC5B;CACF,EACD;IACE,SAAS,EAAT,kBAAS;IACT,SAAS,EAAE,oBAAoB;IAC/B,UAAU,EAAE,IAAI;CACjB,CACF,CAAC;AAEF,kBAAe,gBAAgB,CAAC","sourcesContent":["import { DataTypes, Model, Optional } from \"sequelize\";\nimport sequelize from \"../config/database\";\nimport { User, Workout } from \".\";\nimport { ScheduledWorkoutAssociate, ScheduledWorkoutAttributes } from \"../types/models\";\n\n\n\nexport interface ScheduledWorkoutCreationAttributes\n  extends Optional<ScheduledWorkoutAttributes, \"id\"> {}\n\nclass ScheduledWorkout\n  extends Model<ScheduledWorkoutAttributes, ScheduledWorkoutCreationAttributes>\n  implements ScheduledWorkoutAttributes\n{\n  public id!: string;\n  public userId!: string;\n  public workoutId!: string;\n  public scheduledDate!: Date;\n  public isDone!: boolean;\n  public createdAt!: Date;\n  public updatedAt!: Date;\n \n  static associate(models: ScheduledWorkoutAssociate) {\n    ScheduledWorkout.belongsTo(models.User, {\n      foreignKey: \"userId\",\n      as: \"user\",\n    });\n    ScheduledWorkout.belongsTo(models.Workout, {\n      foreignKey: \"workoutId\",\n      as: \"workout\",\n    });\n  }\n}\n\nScheduledWorkout.init(\n  {\n    id: {\n      type: DataTypes.UUID,\n      defaultValue: DataTypes.UUIDV4,\n      primaryKey: true,\n    },\n    userId: {\n      type: DataTypes.UUID,\n      allowNull: false,\n      references: {\n        model: User,\n        key: \"id\",\n      },\n    },\n    workoutId: {\n      type: DataTypes.UUID,\n      allowNull: false,\n      references: {\n        model: Workout,\n        key: \"id\",\n      },\n    },\n    scheduledDate: {\n      type: DataTypes.DATE,\n      allowNull: false,\n    },\n    isDone: {\n      type: DataTypes.BOOLEAN,\n      defaultValue: false,\n    },\n    createdAt: {\n      type: DataTypes.DATE,\n      defaultValue: DataTypes.NOW,\n    },\n    updatedAt: {\n      type: DataTypes.DATE,\n      defaultValue: DataTypes.NOW,\n    },\n  },\n  {\n    sequelize,\n    tableName: \"scheduled_workouts\",\n    timestamps: true,\n  }\n);\n\nexport default ScheduledWorkout;\n"]},"_coverageSchema":"1a1c01bbd47fc00a2c39e90264f33305004495a9","hash":"e2e82cb2f71b9f5b9dc88ef01c7b57be5fa4a321"},"/Users/solomon/Desktop/Projects/Projects/home_workout_app/server/src/index.ts":{"path":"/Users/solomon/Desktop/Projects/Projects/home_workout_app/server/src/index.ts","statementMap":{"0":{"start":{"line":2,"column":16},"end":{"line":10,"column":1}},"1":{"start":{"line":3,"column":28},"end":{"line":3,"column":110}},"2":{"start":{"line":3,"column":91},"end":{"line":3,"column":106}},"3":{"start":{"line":4,"column":4},"end":{"line":9,"column":7}},"4":{"start":{"line":5,"column":36},"end":{"line":5,"column":97}},"5":{"start":{"line":5,"column":42},"end":{"line":5,"column":70}},"6":{"start":{"line":5,"column":85},"end":{"line":5,"column":95}},"7":{"start":{"line":6,"column":35},"end":{"line":6,"column":100}},"8":{"start":{"line":6,"column":41},"end":{"line":6,"column":73}},"9":{"start":{"line":6,"column":88},"end":{"line":6,"column":98}},"10":{"start":{"line":7,"column":32},"end":{"line":7,"column":116}},"11":{"start":{"line":8,"column":8},"end":{"line":8,"column":78}},"12":{"start":{"line":11,"column":22},"end":{"line":13,"column":1}},"13":{"start":{"line":12,"column":4},"end":{"line":12,"column":62}},"14":{"start":{"line":14,"column":0},"end":{"line":14,"column":62}},"15":{"start":{"line":15,"column":18},"end":{"line":15,"column":53}},"16":{"start":{"line":16,"column":19},"end":{"line":16,"column":64}},"17":{"start":{"line":17,"column":22},"end":{"line":17,"column":61}},"18":{"start":{"line":18,"column":26},"end":{"line":18,"column":82}},"19":{"start":{"line":19,"column":16},"end":{"line":19,"column":41}},"20":{"start":{"line":20,"column":0},"end":{"line":20,"column":31}},"21":{"start":{"line":21,"column":15},"end":{"line":21,"column":47}},"22":{"start":{"line":22,"column":21},"end":{"line":22,"column":68}},"23":{"start":{"line":23,"column":24},"end":{"line":23,"column":65}},"24":{"start":{"line":24,"column":12},"end":{"line":24,"column":36}},"25":{"start":{"line":25,"column":13},"end":{"line":25,"column":37}},"26":{"start":{"line":26,"column":23},"end":{"line":26,"column":48}},"27":{"start":{"line":27,"column":0},"end":{"line":39,"column":4}},"28":{"start":{"line":30,"column":8},"end":{"line":31,"column":40}},"29":{"start":{"line":31,"column":12},"end":{"line":31,"column":40}},"30":{"start":{"line":32,"column":8},"end":{"line":35,"column":9}},"31":{"start":{"line":33,"column":24},"end":{"line":33,"column":104}},"32":{"start":{"line":34,"column":12},"end":{"line":34,"column":51}},"33":{"start":{"line":36,"column":8},"end":{"line":36,"column":36}},"34":{"start":{"line":40,"column":0},"end":{"line":40,"column":34}},"35":{"start":{"line":41,"column":0},"end":{"line":41,"column":38}},"36":{"start":{"line":42,"column":0},"end":{"line":42,"column":40}},"37":{"start":{"line":43,"column":0},"end":{"line":43,"column":41}},"38":{"start":{"line":44,"column":0},"end":{"line":44,"column":43}},"39":{"start":{"line":45,"column":0},"end":{"line":45,"column":35}},"40":{"start":{"line":46,"column":0},"end":{"line":46,"column":47}},"41":{"start":{"line":47,"column":0},"end":{"line":47,"column":50}},"42":{"start":{"line":48,"column":0},"end":{"line":50,"column":3}},"43":{"start":{"line":49,"column":4},"end":{"line":49,"column":30}},"44":{"start":{"line":51,"column":20},"end":{"line":64,"column":2}},"45":{"start":{"line":51,"column":26},"end":{"line":64,"column":2}},"46":{"start":{"line":52,"column":4},"end":{"line":63,"column":5}},"47":{"start":{"line":53,"column":8},"end":{"line":53,"column":48}},"48":{"start":{"line":54,"column":8},"end":{"line":54,"column":56}},"49":{"start":{"line":55,"column":8},"end":{"line":55,"column":40}},"50":{"start":{"line":56,"column":8},"end":{"line":56,"column":46}},"51":{"start":{"line":57,"column":8},"end":{"line":59,"column":11}},"52":{"start":{"line":58,"column":12},"end":{"line":58,"column":61}},"53":{"start":{"line":62,"column":8},"end":{"line":62,"column":67}},"54":{"start":{"line":65,"column":0},"end":{"line":65,"column":14}},"55":{"start":{"line":66,"column":0},"end":{"line":66,"column":22}}},"fnMap":{"0":{"name":"(anonymous_0)","decl":{"start":{"line":2,"column":44},"end":{"line":2,"column":45}},"loc":{"start":{"line":2,"column":89},"end":{"line":10,"column":1}},"line":2},"1":{"name":"adopt","decl":{"start":{"line":3,"column":13},"end":{"line":3,"column":18}},"loc":{"start":{"line":3,"column":26},"end":{"line":3,"column":112}},"line":3},"2":{"name":"(anonymous_2)","decl":{"start":{"line":3,"column":70},"end":{"line":3,"column":71}},"loc":{"start":{"line":3,"column":89},"end":{"line":3,"column":108}},"line":3},"3":{"name":"(anonymous_3)","decl":{"start":{"line":4,"column":36},"end":{"line":4,"column":37}},"loc":{"start":{"line":4,"column":63},"end":{"line":9,"column":5}},"line":4},"4":{"name":"fulfilled","decl":{"start":{"line":5,"column":17},"end":{"line":5,"column":26}},"loc":{"start":{"line":5,"column":34},"end":{"line":5,"column":99}},"line":5},"5":{"name":"rejected","decl":{"start":{"line":6,"column":17},"end":{"line":6,"column":25}},"loc":{"start":{"line":6,"column":33},"end":{"line":6,"column":102}},"line":6},"6":{"name":"step","decl":{"start":{"line":7,"column":17},"end":{"line":7,"column":21}},"loc":{"start":{"line":7,"column":30},"end":{"line":7,"column":118}},"line":7},"7":{"name":"(anonymous_7)","decl":{"start":{"line":11,"column":56},"end":{"line":11,"column":57}},"loc":{"start":{"line":11,"column":71},"end":{"line":13,"column":1}},"line":11},"8":{"name":"(anonymous_8)","decl":{"start":{"line":28,"column":12},"end":{"line":28,"column":13}},"loc":{"start":{"line":28,"column":40},"end":{"line":37,"column":5}},"line":28},"9":{"name":"(anonymous_9)","decl":{"start":{"line":48,"column":13},"end":{"line":48,"column":14}},"loc":{"start":{"line":48,"column":27},"end":{"line":50,"column":1}},"line":48},"10":{"name":"(anonymous_10)","decl":{"start":{"line":51,"column":20},"end":{"line":51,"column":21}},"loc":{"start":{"line":51,"column":26},"end":{"line":64,"column":2}},"line":51},"11":{"name":"(anonymous_11)","decl":{"start":{"line":51,"column":60},"end":{"line":51,"column":61}},"loc":{"start":{"line":51,"column":73},"end":{"line":64,"column":1}},"line":51},"12":{"name":"(anonymous_12)","decl":{"start":{"line":57,"column":25},"end":{"line":57,"column":26}},"loc":{"start":{"line":57,"column":31},"end":{"line":59,"column":9}},"line":57}},"branchMap":{"0":{"loc":{"start":{"line":2,"column":16},"end":{"line":10,"column":1}},"type":"binary-expr","locations":[{"start":{"line":2,"column":17},"end":{"line":2,"column":21}},{"start":{"line":2,"column":25},"end":{"line":2,"column":39}},{"start":{"line":2,"column":44},"end":{"line":10,"column":1}}],"line":2},"1":{"loc":{"start":{"line":3,"column":35},"end":{"line":3,"column":109}},"type":"cond-expr","locations":[{"start":{"line":3,"column":56},"end":{"line":3,"column":61}},{"start":{"line":3,"column":64},"end":{"line":3,"column":109}}],"line":3},"2":{"loc":{"start":{"line":4,"column":16},"end":{"line":4,"column":34}},"type":"binary-expr","locations":[{"start":{"line":4,"column":16},"end":{"line":4,"column":17}},{"start":{"line":4,"column":22},"end":{"line":4,"column":33}}],"line":4},"3":{"loc":{"start":{"line":7,"column":32},"end":{"line":7,"column":115}},"type":"cond-expr","locations":[{"start":{"line":7,"column":46},"end":{"line":7,"column":67}},{"start":{"line":7,"column":70},"end":{"line":7,"column":115}}],"line":7},"4":{"loc":{"start":{"line":8,"column":51},"end":{"line":8,"column":67}},"type":"binary-expr","locations":[{"start":{"line":8,"column":51},"end":{"line":8,"column":61}},{"start":{"line":8,"column":65},"end":{"line":8,"column":67}}],"line":8},"5":{"loc":{"start":{"line":11,"column":22},"end":{"line":13,"column":1}},"type":"binary-expr","locations":[{"start":{"line":11,"column":23},"end":{"line":11,"column":27}},{"start":{"line":11,"column":31},"end":{"line":11,"column":51}},{"start":{"line":11,"column":56},"end":{"line":13,"column":1}}],"line":11},"6":{"loc":{"start":{"line":12,"column":11},"end":{"line":12,"column":61}},"type":"cond-expr","locations":[{"start":{"line":12,"column":37},"end":{"line":12,"column":40}},{"start":{"line":12,"column":43},"end":{"line":12,"column":61}}],"line":12},"7":{"loc":{"start":{"line":12,"column":12},"end":{"line":12,"column":33}},"type":"binary-expr","locations":[{"start":{"line":12,"column":12},"end":{"line":12,"column":15}},{"start":{"line":12,"column":19},"end":{"line":12,"column":33}}],"line":12},"8":{"loc":{"start":{"line":25,"column":13},"end":{"line":25,"column":37}},"type":"binary-expr","locations":[{"start":{"line":25,"column":13},"end":{"line":25,"column":29}},{"start":{"line":25,"column":33},"end":{"line":25,"column":37}}],"line":25},"9":{"loc":{"start":{"line":30,"column":8},"end":{"line":31,"column":40}},"type":"if","locations":[{"start":{"line":30,"column":8},"end":{"line":31,"column":40}},{"start":{},"end":{}}],"line":30},"10":{"loc":{"start":{"line":32,"column":8},"end":{"line":35,"column":9}},"type":"if","locations":[{"start":{"line":32,"column":8},"end":{"line":35,"column":9}},{"start":{},"end":{}}],"line":32}},"s":{"0":1,"1":2,"2":0,"3":1,"4":1,"5":1,"6":0,"7":1,"8":1,"9":0,"10":3,"11":1,"12":1,"13":7,"14":1,"15":1,"16":1,"17":1,"18":1,"19":1,"20":1,"21":1,"22":1,"23":1,"24":1,"25":1,"26":1,"27":1,"28":48,"29":48,"30":0,"31":0,"32":0,"33":0,"34":1,"35":1,"36":1,"37":1,"38":1,"39":1,"40":1,"41":1,"42":1,"43":1,"44":1,"45":1,"46":1,"47":1,"48":1,"49":1,"50":0,"51":0,"52":0,"53":1,"54":1,"55":1},"f":{"0":1,"1":2,"2":0,"3":1,"4":1,"5":1,"6":3,"7":7,"8":48,"9":1,"10":1,"11":1,"12":0},"b":{"0":[1,1,1],"1":[2,0],"2":[1,1],"3":[1,2],"4":[1,1],"5":[1,1,1],"6":[3,4],"7":[7,7],"8":[1,0],"9":[48,0],"10":[0,0]},"inputSourceMap":{"version":3,"file":"/Users/solomon/Desktop/Projects/Projects/home_workout_app/server/src/index.ts","sources":["/Users/solomon/Desktop/Projects/Projects/home_workout_app/server/src/index.ts"],"names":[],"mappings":";;;;;;;;;;;;;;AAAA,sDAAkE;AAClE,iEAA0C;AAC1C,8DAAqC;AACrC,mFAA2D;AAC3D,0CAAyE;AACzE,+BAA6B;AAC7B,gDAAwB;AACxB,qEAA6C;AAC7C,kEAAyC;AAEzC,MAAM,GAAG,GAAgB,IAAA,iBAAO,GAAE,CAAC;AACnC,MAAM,IAAI,GAAG,OAAO,CAAC,GAAG,CAAC,IAAI,IAAI,IAAI,CAAC;AAEtC,MAAM,cAAc,GAAG,CAAC,uBAAuB,CAAC,CAAC;AAEjD,GAAG,CAAC,GAAG,CACL,IAAA,cAAI,EAAC;IACH,MAAM,EAAE,UAAU,MAAM,EAAE,QAAQ;QAChC,oEAAoE;QACpE,IAAI,CAAC,MAAM;YAAE,OAAO,QAAQ,CAAC,IAAI,EAAE,IAAI,CAAC,CAAC;QACzC,IAAI,cAAc,CAAC,OAAO,CAAC,MAAM,CAAC,KAAK,CAAC,CAAC,EAAE,CAAC;YAC1C,MAAM,GAAG,GACP,gFAAgF,CAAC;YACnF,OAAO,QAAQ,CAAC,IAAI,KAAK,CAAC,GAAG,CAAC,EAAE,KAAK,CAAC,CAAC;QACzC,CAAC;QACD,OAAO,QAAQ,CAAC,IAAI,EAAE,IAAI,CAAC,CAAC;IAC9B,CAAC;IACD,WAAW,EAAE,IAAI;CAClB,CAAC,CACH,CAAC;AAEF,GAAG,CAAC,GAAG,CAAC,iBAAO,CAAC,IAAI,EAAE,CAAC,CAAC;AACxB,GAAG,CAAC,GAAG,CAAC,qBAAU,CAAC,IAAI,EAAE,CAAC,CAAC;AAC3B,GAAG,CAAC,GAAG,CAAC,IAAA,uBAAY,GAAE,CAAC,CAAC;AAExB,GAAG,CAAC,GAAG,CAAC,YAAY,EAAE,iBAAS,CAAC,CAAC;AAEjC,GAAG,CAAC,GAAG,CAAC,WAAW,EAAE,oBAAU,CAAC,CAAC;AACjC,GAAG,CAAC,GAAG,CAAC,yBAAe,CAAC,CAAC;AAEzB,GAAG,CAAC,GAAG,CAAC,eAAe,EAAE,oBAAY,CAAC,CAAC;AACvC,GAAG,CAAC,GAAG,CAAC,gBAAgB,EAAE,sBAAc,CAAC,CAAC;AAE1C,GAAG,CAAC,GAAG,CAAC,GAAG,EAAE,CAAC,GAAY,EAAE,GAAa,EAAE,EAAE;IAC3C,GAAG,CAAC,IAAI,CAAC,eAAe,CAAC,CAAC;AAC5B,CAAC,CAAC,CAAC;AAEH,MAAM,WAAW,GAAG,GAAS,EAAE;IAC7B,IAAI,CAAC;QACH,MAAM,kBAAS,CAAC,YAAY,EAAE,CAAC;QAC/B,OAAO,CAAC,GAAG,CAAC,kCAAkC,CAAC,CAAC;QAEhD,MAAM,kBAAS,CAAC,IAAI,EAAE,CAAC;QACvB,OAAO,CAAC,GAAG,CAAC,wBAAwB,CAAC,CAAC;QAEtC,GAAG,CAAC,MAAM,CAAC,IAAI,EAAE,GAAG,EAAE;YACpB,OAAO,CAAC,GAAG,CAAC,6BAA6B,IAAI,EAAE,CAAC,CAAC;QACnD,CAAC,CAAC,CAAC;IACL,CAAC;IAAC,OAAO,KAAK,EAAE,CAAC;QACf,OAAO,CAAC,KAAK,CAAC,oCAAoC,EAAE,KAAK,CAAC,CAAC;IAC7D,CAAC;AACH,CAAC,CAAA,CAAC;AAEF,WAAW,EAAE,CAAC;AAEd,kBAAe,GAAG,CAAC","sourcesContent":["import express, { Application, Request, Response } from \"express\";\nimport sequelize from \"./config/database\";\nimport bodyParser from \"body-parser\";\nimport errorMiddleware from \"./middleware/errorMiddleware\";\nimport { userRoute, workoutRoute, exerciseRoutes } from \"./routes/index\";\nimport \"../src/models/index\";\nimport cors from \"cors\";\nimport testRoutes from \"./routes/testRoutes\";\nimport cookieParser from \"cookie-parser\";\n\nconst app: Application = express();\nconst PORT = process.env.PORT || 9000;\n\nconst allowedOrigins = [\"http://localhost:3000\"];\n\napp.use(\n  cors({\n    origin: function (origin, callback) {\n      // Allow requests with no origin (like mobile apps or curl requests)\n      if (!origin) return callback(null, true);\n      if (allowedOrigins.indexOf(origin) === -1) {\n        const msg =\n          \"The CORS policy for this site does not allow access from the specified Origin.\";\n        return callback(new Error(msg), false);\n      }\n      return callback(null, true);\n    },\n    credentials: true,\n  })\n);\n\napp.use(express.json());\napp.use(bodyParser.json());\napp.use(cookieParser());\n\napp.use(\"/api/users\", userRoute);\n\napp.use(\"/api/test\", testRoutes);\napp.use(errorMiddleware);\n\napp.use(\"/api/workouts\", workoutRoute);\napp.use(\"/api/exercises\", exerciseRoutes);\n\napp.get(\"/\", (req: Request, res: Response) => {\n  res.send(\"Hello, world!\");\n});\n\nconst startServer = async () => {\n  try {\n    await sequelize.authenticate();\n    console.log(\"Database connected successfully.\");\n\n    await sequelize.sync();\n    console.log(\"Database synchronized.\");\n\n    app.listen(PORT, () => {\n      console.log(`Server is running on port ${PORT}`);\n    });\n  } catch (error) {\n    console.error(\"Unable to connect to the database:\", error);\n  }\n};\n\nstartServer();\n\nexport default app;\n"]},"_coverageSchema":"1a1c01bbd47fc00a2c39e90264f33305004495a9","hash":"d1d256ab728029fa8b226c709351e53fbab5f2ff"},"/Users/solomon/Desktop/Projects/Projects/home_workout_app/server/src/middleware/errorMiddleware.ts":{"path":"/Users/solomon/Desktop/Projects/Projects/home_workout_app/server/src/middleware/errorMiddleware.ts","statementMap":{"0":{"start":{"line":2,"column":0},"end":{"line":2,"column":62}},"1":{"start":{"line":3,"column":24},"end":{"line":8,"column":1}},"2":{"start":{"line":4,"column":23},"end":{"line":4,"column":40}},"3":{"start":{"line":5,"column":4},"end":{"line":7,"column":65}},"4":{"start":{"line":9,"column":0},"end":{"line":9,"column":34}}},"fnMap":{"0":{"name":"(anonymous_0)","decl":{"start":{"line":3,"column":24},"end":{"line":3,"column":25}},"loc":{"start":{"line":3,"column":49},"end":{"line":8,"column":1}},"line":3}},"branchMap":{"0":{"loc":{"start":{"line":4,"column":23},"end":{"line":4,"column":40}},"type":"binary-expr","locations":[{"start":{"line":4,"column":23},"end":{"line":4,"column":33}},{"start":{"line":4,"column":37},"end":{"line":4,"column":40}}],"line":4},"1":{"loc":{"start":{"line":7,"column":23},"end":{"line":7,"column":61}},"type":"binary-expr","locations":[{"start":{"line":7,"column":23},"end":{"line":7,"column":34}},{"start":{"line":7,"column":38},"end":{"line":7,"column":61}}],"line":7}},"s":{"0":1,"1":1,"2":1,"3":1,"4":1},"f":{"0":1},"b":{"0":[1,1],"1":[1,0]},"inputSourceMap":{"version":3,"file":"/Users/solomon/Desktop/Projects/Projects/home_workout_app/server/src/middleware/errorMiddleware.ts","sources":["/Users/solomon/Desktop/Projects/Projects/home_workout_app/server/src/middleware/errorMiddleware.ts"],"names":[],"mappings":";;AAEA,MAAM,eAAe,GAAG,CACtB,GAAQ,EACR,GAAY,EACZ,GAAa,EACb,IAAkB,EAClB,EAAE;IACF,MAAM,UAAU,GAAG,GAAG,CAAC,MAAM,IAAI,GAAG,CAAC;IACrC,GAAG;SACA,MAAM,CAAC,UAAU,CAAC;SAClB,IAAI,CAAC,EAAE,KAAK,EAAE,GAAG,CAAC,OAAO,IAAI,uBAAuB,EAAE,CAAC,CAAC;AAC7D,CAAC,CAAC;AAEF,kBAAe,eAAe,CAAC","sourcesContent":["import { Request, Response, NextFunction } from \"express\";\n\nconst errorMiddleware = (\n  err: any,\n  req: Request,\n  res: Response,\n  next: NextFunction\n) => {\n  const statusCode = err.status || 500;\n  res\n    .status(statusCode)\n    .json({ error: err.message || \"Internal Server Error\" });\n};\n\nexport default errorMiddleware;\n"]},"_coverageSchema":"1a1c01bbd47fc00a2c39e90264f33305004495a9","hash":"92d00532ae5a80b782d3776ed7b7c4b857045a36"},"/Users/solomon/Desktop/Projects/Projects/home_workout_app/server/src/routes/index.ts":{"path":"/Users/solomon/Desktop/Projects/Projects/home_workout_app/server/src/routes/index.ts","statementMap":{"0":{"start":{"line":2,"column":22},"end":{"line":4,"column":1}},"1":{"start":{"line":3,"column":4},"end":{"line":3,"column":62}},"2":{"start":{"line":5,"column":0},"end":{"line":5,"column":62}},"3":{"start":{"line":6,"column":0},"end":{"line":6,"column":95}},"4":{"start":{"line":7,"column":21},"end":{"line":7,"column":61}},"5":{"start":{"line":8,"column":0},"end":{"line":8,"column":41}},"6":{"start":{"line":9,"column":24},"end":{"line":9,"column":67}},"7":{"start":{"line":10,"column":0},"end":{"line":10,"column":47}},"8":{"start":{"line":11,"column":25},"end":{"line":11,"column":69}},"9":{"start":{"line":12,"column":0},"end":{"line":12,"column":50}},"10":{"start":{"line":13,"column":21},"end":{"line":13,"column":61}},"11":{"start":{"line":14,"column":0},"end":{"line":14,"column":41}}},"fnMap":{"0":{"name":"(anonymous_0)","decl":{"start":{"line":2,"column":56},"end":{"line":2,"column":57}},"loc":{"start":{"line":2,"column":71},"end":{"line":4,"column":1}},"line":2}},"branchMap":{"0":{"loc":{"start":{"line":2,"column":22},"end":{"line":4,"column":1}},"type":"binary-expr","locations":[{"start":{"line":2,"column":23},"end":{"line":2,"column":27}},{"start":{"line":2,"column":31},"end":{"line":2,"column":51}},{"start":{"line":2,"column":56},"end":{"line":4,"column":1}}],"line":2},"1":{"loc":{"start":{"line":3,"column":11},"end":{"line":3,"column":61}},"type":"cond-expr","locations":[{"start":{"line":3,"column":37},"end":{"line":3,"column":40}},{"start":{"line":3,"column":43},"end":{"line":3,"column":61}}],"line":3},"2":{"loc":{"start":{"line":3,"column":12},"end":{"line":3,"column":33}},"type":"binary-expr","locations":[{"start":{"line":3,"column":12},"end":{"line":3,"column":15}},{"start":{"line":3,"column":19},"end":{"line":3,"column":33}}],"line":3}},"s":{"0":1,"1":4,"2":1,"3":1,"4":1,"5":1,"6":1,"7":1,"8":1,"9":1,"10":1,"11":1},"f":{"0":4},"b":{"0":[1,1,1],"1":[4,0],"2":[4,4]},"inputSourceMap":{"version":3,"file":"/Users/solomon/Desktop/Projects/Projects/home_workout_app/server/src/routes/index.ts","sources":["/Users/solomon/Desktop/Projects/Projects/home_workout_app/server/src/routes/index.ts"],"names":[],"mappings":";;;;;;AAAA,8DAAqC;AAK5B,oBALF,oBAAS,CAKE;AAJlB,oEAA2C;AAIvB,uBAJb,uBAAY,CAIa;AAHhC,sEAA8C;AAGZ,yBAH3B,wBAAc,CAG2B;AAFhD,8DAAqC;AAEa,oBAF3C,oBAAS,CAE2C","sourcesContent":["import userRoute from \"./userRoutes\";\nimport workoutRoute from \"./workoutRoutes\";\nimport exerciseRoutes from \"./exerciseRoutes\";\nimport testRoute from \"./testRoutes\";\n\nexport { userRoute, workoutRoute, exerciseRoutes, testRoute };\n"]},"_coverageSchema":"1a1c01bbd47fc00a2c39e90264f33305004495a9","hash":"10081b0cbbfd5e6c28a891eada8f520fec71f554"},"/Users/solomon/Desktop/Projects/Projects/home_workout_app/server/src/routes/userRoutes.ts":{"path":"/Users/solomon/Desktop/Projects/Projects/home_workout_app/server/src/routes/userRoutes.ts","statementMap":{"0":{"start":{"line":2,"column":22},"end":{"line":4,"column":1}},"1":{"start":{"line":3,"column":4},"end":{"line":3,"column":62}},"2":{"start":{"line":5,"column":0},"end":{"line":5,"column":62}},"3":{"start":{"line":6,"column":18},"end":{"line":6,"column":36}},"4":{"start":{"line":7,"column":25},"end":{"line":7,"column":82}},"5":{"start":{"line":8,"column":25},"end":{"line":8,"column":81}},"6":{"start":{"line":9,"column":15},"end":{"line":9,"column":38}},"7":{"start":{"line":10,"column":0},"end":{"line":10,"column":62}},"8":{"start":{"line":11,"column":0},"end":{"line":11,"column":54}},"9":{"start":{"line":12,"column":0},"end":{"line":12,"column":55}},"10":{"start":{"line":13,"column":0},"end":{"line":13,"column":83}},"11":{"start":{"line":14,"column":0},"end":{"line":14,"column":95}},"12":{"start":{"line":15,"column":0},"end":{"line":15,"column":93}},"13":{"start":{"line":16,"column":0},"end":{"line":16,"column":96}},"14":{"start":{"line":17,"column":0},"end":{"line":17,"column":25}}},"fnMap":{"0":{"name":"(anonymous_0)","decl":{"start":{"line":2,"column":56},"end":{"line":2,"column":57}},"loc":{"start":{"line":2,"column":71},"end":{"line":4,"column":1}},"line":2}},"branchMap":{"0":{"loc":{"start":{"line":2,"column":22},"end":{"line":4,"column":1}},"type":"binary-expr","locations":[{"start":{"line":2,"column":23},"end":{"line":2,"column":27}},{"start":{"line":2,"column":31},"end":{"line":2,"column":51}},{"start":{"line":2,"column":56},"end":{"line":4,"column":1}}],"line":2},"1":{"loc":{"start":{"line":3,"column":11},"end":{"line":3,"column":61}},"type":"cond-expr","locations":[{"start":{"line":3,"column":37},"end":{"line":3,"column":40}},{"start":{"line":3,"column":43},"end":{"line":3,"column":61}}],"line":3},"2":{"loc":{"start":{"line":3,"column":12},"end":{"line":3,"column":33}},"type":"binary-expr","locations":[{"start":{"line":3,"column":12},"end":{"line":3,"column":15}},{"start":{"line":3,"column":19},"end":{"line":3,"column":33}}],"line":3}},"s":{"0":1,"1":2,"2":1,"3":1,"4":1,"5":1,"6":1,"7":1,"8":1,"9":1,"10":1,"11":1,"12":1,"13":1,"14":1},"f":{"0":2},"b":{"0":[1,1,1],"1":[2,0],"2":[2,2]},"inputSourceMap":{"version":3,"file":"/Users/solomon/Desktop/Projects/Projects/home_workout_app/server/src/routes/userRoutes.ts","sources":["/Users/solomon/Desktop/Projects/Projects/home_workout_app/server/src/routes/userRoutes.ts"],"names":[],"mappings":";;;;;AAAA,qCAAiC;AACjC,mFAA2D;AAC3D,kFAA0D;AAE1D,MAAM,MAAM,GAAG,IAAA,gBAAM,GAAE,CAAC;AAExB,MAAM,CAAC,IAAI,CAAC,WAAW,EAAE,wBAAc,CAAC,UAAU,CAAC,CAAC;AACpD,MAAM,CAAC,IAAI,CAAC,QAAQ,EAAE,wBAAc,CAAC,KAAK,CAAC,CAAC;AAC5C,MAAM,CAAC,GAAG,CAAC,SAAS,EAAE,wBAAc,CAAC,MAAM,CAAC,CAAC;AAC7C,MAAM,CAAC,GAAG,CAAC,MAAM,EAAE,wBAAc,EAAE,wBAAc,CAAC,WAAW,CAAC,CAAC;AAC/D,MAAM,CAAC,GAAG,CAAC,kBAAkB,EAAE,wBAAc,EAAE,wBAAc,CAAC,WAAW,CAAC,CAAC;AAC3E,MAAM,CAAC,GAAG,CAAC,iBAAiB,EAAE,wBAAc,EAAE,wBAAc,CAAC,UAAU,CAAC,CAAC;AACzE,MAAM,CAAC,MAAM,CAAC,iBAAiB,EAAE,wBAAc,EAAE,wBAAc,CAAC,UAAU,CAAC,CAAC;AAE5E,kBAAe,MAAM,CAAC","sourcesContent":["import { Router } from \"express\";\nimport UserController from \"../controllers/userController\";\nimport authMiddleware from \"../middleware/authMiddleware\";\n\nconst router = Router();\n\nrouter.post(\"/register\", UserController.createUser);\nrouter.post(\"/login\", UserController.login);\nrouter.get(\"/logout\", UserController.logout);\nrouter.get(\"/all\", authMiddleware, UserController.getAllUsers);\nrouter.get(\"/getUserById/:id\", authMiddleware, UserController.getUserById);\nrouter.put(\"/updateUser/:id\", authMiddleware, UserController.updateUser);\nrouter.delete(\"/deleteUser/:id\", authMiddleware, UserController.deleteUser);\n\nexport default router;\n"]},"_coverageSchema":"1a1c01bbd47fc00a2c39e90264f33305004495a9","hash":"001ccb138bf34b52b4afe49890fa0be1ab241780"},"/Users/solomon/Desktop/Projects/Projects/home_workout_app/server/src/controllers/userController.ts":{"path":"/Users/solomon/Desktop/Projects/Projects/home_workout_app/server/src/controllers/userController.ts","statementMap":{"0":{"start":{"line":2,"column":16},"end":{"line":10,"column":1}},"1":{"start":{"line":3,"column":28},"end":{"line":3,"column":110}},"2":{"start":{"line":3,"column":91},"end":{"line":3,"column":106}},"3":{"start":{"line":4,"column":4},"end":{"line":9,"column":7}},"4":{"start":{"line":5,"column":36},"end":{"line":5,"column":97}},"5":{"start":{"line":5,"column":42},"end":{"line":5,"column":70}},"6":{"start":{"line":5,"column":85},"end":{"line":5,"column":95}},"7":{"start":{"line":6,"column":35},"end":{"line":6,"column":100}},"8":{"start":{"line":6,"column":41},"end":{"line":6,"column":73}},"9":{"start":{"line":6,"column":88},"end":{"line":6,"column":98}},"10":{"start":{"line":7,"column":32},"end":{"line":7,"column":116}},"11":{"start":{"line":8,"column":8},"end":{"line":8,"column":78}},"12":{"start":{"line":11,"column":13},"end":{"line":21,"column":1}},"13":{"start":{"line":12,"column":12},"end":{"line":12,"column":14}},"14":{"start":{"line":13,"column":4},"end":{"line":14,"column":20}},"15":{"start":{"line":13,"column":21},"end":{"line":14,"column":20}},"16":{"start":{"line":14,"column":8},"end":{"line":14,"column":20}},"17":{"start":{"line":15,"column":4},"end":{"line":19,"column":9}},"18":{"start":{"line":16,"column":8},"end":{"line":19,"column":9}},"19":{"start":{"line":16,"column":21},"end":{"line":16,"column":22}},"20":{"start":{"line":16,"column":28},"end":{"line":16,"column":59}},"21":{"start":{"line":17,"column":12},"end":{"line":18,"column":34}},"22":{"start":{"line":18,"column":16},"end":{"line":18,"column":34}},"23":{"start":{"line":20,"column":4},"end":{"line":20,"column":13}},"24":{"start":{"line":22,"column":22},"end":{"line":24,"column":1}},"25":{"start":{"line":23,"column":4},"end":{"line":23,"column":62}},"26":{"start":{"line":25,"column":0},"end":{"line":25,"column":62}},"27":{"start":{"line":26,"column":22},"end":{"line":26,"column":73}},"28":{"start":{"line":27,"column":15},"end":{"line":27,"column":30}},"29":{"start":{"line":30,"column":8},"end":{"line":50,"column":11}},"30":{"start":{"line":31,"column":12},"end":{"line":49,"column":13}},"31":{"start":{"line":32,"column":16},"end":{"line":34,"column":17}},"32":{"start":{"line":33,"column":20},"end":{"line":33,"column":81}},"33":{"start":{"line":35,"column":29},"end":{"line":35,"column":77}},"34":{"start":{"line":36,"column":16},"end":{"line":40,"column":19}},"35":{"start":{"line":41,"column":34},"end":{"line":41,"column":38}},"36":{"start":{"line":41,"column":51},"end":{"line":41,"column":74}},"37":{"start":{"line":42,"column":16},"end":{"line":42,"column":47}},"38":{"start":{"line":45,"column":16},"end":{"line":47,"column":17}},"39":{"start":{"line":46,"column":20},"end":{"line":46,"column":69}},"40":{"start":{"line":48,"column":16},"end":{"line":48,"column":37}},"41":{"start":{"line":53,"column":8},"end":{"line":70,"column":11}},"42":{"start":{"line":54,"column":12},"end":{"line":69,"column":13}},"43":{"start":{"line":55,"column":44},"end":{"line":55,"column":52}},"44":{"start":{"line":56,"column":50},"end":{"line":56,"column":111}},"45":{"start":{"line":57,"column":16},"end":{"line":61,"column":19}},"46":{"start":{"line":62,"column":16},"end":{"line":62,"column":57}},"47":{"start":{"line":65,"column":16},"end":{"line":67,"column":17}},"48":{"start":{"line":66,"column":20},"end":{"line":66,"column":69}},"49":{"start":{"line":68,"column":16},"end":{"line":68,"column":37}},"50":{"start":{"line":73,"column":8},"end":{"line":89,"column":11}},"51":{"start":{"line":74,"column":12},"end":{"line":88,"column":13}},"52":{"start":{"line":75,"column":16},"end":{"line":80,"column":19}},"53":{"start":{"line":81,"column":16},"end":{"line":81,"column":71}},"54":{"start":{"line":84,"column":16},"end":{"line":86,"column":17}},"55":{"start":{"line":85,"column":20},"end":{"line":85,"column":69}},"56":{"start":{"line":87,"column":16},"end":{"line":87,"column":37}},"57":{"start":{"line":92,"column":8},"end":{"line":110,"column":11}},"58":{"start":{"line":93,"column":27},"end":{"line":93,"column":40}},"59":{"start":{"line":94,"column":12},"end":{"line":96,"column":13}},"60":{"start":{"line":95,"column":16},"end":{"line":95,"column":73}},"61":{"start":{"line":97,"column":12},"end":{"line":109,"column":13}},"62":{"start":{"line":98,"column":29},"end":{"line":98,"column":76}},"63":{"start":{"line":99,"column":16},"end":{"line":101,"column":17}},"64":{"start":{"line":100,"column":20},"end":{"line":100,"column":72}},"65":{"start":{"line":102,"column":16},"end":{"line":102,"column":43}},"66":{"start":{"line":105,"column":16},"end":{"line":107,"column":17}},"67":{"start":{"line":106,"column":20},"end":{"line":106,"column":69}},"68":{"start":{"line":108,"column":16},"end":{"line":108,"column":37}},"69":{"start":{"line":113,"column":8},"end":{"line":124,"column":11}},"70":{"start":{"line":114,"column":12},"end":{"line":123,"column":13}},"71":{"start":{"line":115,"column":30},"end":{"line":115,"column":71}},"72":{"start":{"line":116,"column":16},"end":{"line":116,"column":44}},"73":{"start":{"line":119,"column":16},"end":{"line":121,"column":17}},"74":{"start":{"line":120,"column":20},"end":{"line":120,"column":69}},"75":{"start":{"line":122,"column":16},"end":{"line":122,"column":37}},"76":{"start":{"line":127,"column":8},"end":{"line":143,"column":11}},"77":{"start":{"line":128,"column":25},"end":{"line":128,"column":33}},"78":{"start":{"line":129,"column":12},"end":{"line":132,"column":13}},"79":{"start":{"line":130,"column":16},"end":{"line":130,"column":73}},"80":{"start":{"line":131,"column":16},"end":{"line":131,"column":23}},"81":{"start":{"line":133,"column":12},"end":{"line":142,"column":13}},"82":{"start":{"line":134,"column":36},"end":{"line":134,"column":89}},"83":{"start":{"line":135,"column":16},"end":{"line":135,"column":38}},"84":{"start":{"line":138,"column":16},"end":{"line":140,"column":17}},"85":{"start":{"line":139,"column":20},"end":{"line":139,"column":69}},"86":{"start":{"line":141,"column":16},"end":{"line":141,"column":37}},"87":{"start":{"line":146,"column":8},"end":{"line":170,"column":11}},"88":{"start":{"line":147,"column":27},"end":{"line":147,"column":37}},"89":{"start":{"line":148,"column":12},"end":{"line":151,"column":13}},"90":{"start":{"line":149,"column":16},"end":{"line":149,"column":73}},"91":{"start":{"line":150,"column":16},"end":{"line":150,"column":23}},"92":{"start":{"line":152,"column":12},"end":{"line":169,"column":13}},"93":{"start":{"line":153,"column":32},"end":{"line":153,"column":74}},"94":{"start":{"line":154,"column":16},"end":{"line":157,"column":17}},"95":{"start":{"line":155,"column":20},"end":{"line":155,"column":72}},"96":{"start":{"line":156,"column":20},"end":{"line":156,"column":27}},"97":{"start":{"line":158,"column":16},"end":{"line":160,"column":17}},"98":{"start":{"line":159,"column":20},"end":{"line":159,"column":45}},"99":{"start":{"line":161,"column":16},"end":{"line":161,"column":39}},"100":{"start":{"line":164,"column":16},"end":{"line":167,"column":17}},"101":{"start":{"line":165,"column":20},"end":{"line":165,"column":84}},"102":{"start":{"line":166,"column":20},"end":{"line":166,"column":69}},"103":{"start":{"line":168,"column":16},"end":{"line":168,"column":37}},"104":{"start":{"line":173,"column":0},"end":{"line":173,"column":39}}},"fnMap":{"0":{"name":"(anonymous_0)","decl":{"start":{"line":2,"column":44},"end":{"line":2,"column":45}},"loc":{"start":{"line":2,"column":89},"end":{"line":10,"column":1}},"line":2},"1":{"name":"adopt","decl":{"start":{"line":3,"column":13},"end":{"line":3,"column":18}},"loc":{"start":{"line":3,"column":26},"end":{"line":3,"column":112}},"line":3},"2":{"name":"(anonymous_2)","decl":{"start":{"line":3,"column":70},"end":{"line":3,"column":71}},"loc":{"start":{"line":3,"column":89},"end":{"line":3,"column":108}},"line":3},"3":{"name":"(anonymous_3)","decl":{"start":{"line":4,"column":36},"end":{"line":4,"column":37}},"loc":{"start":{"line":4,"column":63},"end":{"line":9,"column":5}},"line":4},"4":{"name":"fulfilled","decl":{"start":{"line":5,"column":17},"end":{"line":5,"column":26}},"loc":{"start":{"line":5,"column":34},"end":{"line":5,"column":99}},"line":5},"5":{"name":"rejected","decl":{"start":{"line":6,"column":17},"end":{"line":6,"column":25}},"loc":{"start":{"line":6,"column":33},"end":{"line":6,"column":102}},"line":6},"6":{"name":"step","decl":{"start":{"line":7,"column":17},"end":{"line":7,"column":21}},"loc":{"start":{"line":7,"column":30},"end":{"line":7,"column":118}},"line":7},"7":{"name":"(anonymous_7)","decl":{"start":{"line":11,"column":38},"end":{"line":11,"column":39}},"loc":{"start":{"line":11,"column":54},"end":{"line":21,"column":1}},"line":11},"8":{"name":"(anonymous_8)","decl":{"start":{"line":22,"column":56},"end":{"line":22,"column":57}},"loc":{"start":{"line":22,"column":71},"end":{"line":24,"column":1}},"line":22},"9":{"name":"(anonymous_9)","decl":{"start":{"line":29,"column":4},"end":{"line":29,"column":5}},"loc":{"start":{"line":29,"column":25},"end":{"line":51,"column":5}},"line":29},"10":{"name":"(anonymous_10)","decl":{"start":{"line":30,"column":47},"end":{"line":30,"column":48}},"loc":{"start":{"line":30,"column":60},"end":{"line":50,"column":9}},"line":30},"11":{"name":"(anonymous_11)","decl":{"start":{"line":52,"column":4},"end":{"line":52,"column":5}},"loc":{"start":{"line":52,"column":20},"end":{"line":71,"column":5}},"line":52},"12":{"name":"(anonymous_12)","decl":{"start":{"line":53,"column":47},"end":{"line":53,"column":48}},"loc":{"start":{"line":53,"column":60},"end":{"line":70,"column":9}},"line":53},"13":{"name":"(anonymous_13)","decl":{"start":{"line":72,"column":4},"end":{"line":72,"column":5}},"loc":{"start":{"line":72,"column":21},"end":{"line":90,"column":5}},"line":72},"14":{"name":"(anonymous_14)","decl":{"start":{"line":73,"column":47},"end":{"line":73,"column":48}},"loc":{"start":{"line":73,"column":60},"end":{"line":89,"column":9}},"line":73},"15":{"name":"(anonymous_15)","decl":{"start":{"line":91,"column":4},"end":{"line":91,"column":5}},"loc":{"start":{"line":91,"column":26},"end":{"line":111,"column":5}},"line":91},"16":{"name":"(anonymous_16)","decl":{"start":{"line":92,"column":47},"end":{"line":92,"column":48}},"loc":{"start":{"line":92,"column":60},"end":{"line":110,"column":9}},"line":92},"17":{"name":"(anonymous_17)","decl":{"start":{"line":112,"column":4},"end":{"line":112,"column":5}},"loc":{"start":{"line":112,"column":26},"end":{"line":125,"column":5}},"line":112},"18":{"name":"(anonymous_18)","decl":{"start":{"line":113,"column":47},"end":{"line":113,"column":48}},"loc":{"start":{"line":113,"column":60},"end":{"line":124,"column":9}},"line":113},"19":{"name":"(anonymous_19)","decl":{"start":{"line":126,"column":4},"end":{"line":126,"column":5}},"loc":{"start":{"line":126,"column":25},"end":{"line":144,"column":5}},"line":126},"20":{"name":"(anonymous_20)","decl":{"start":{"line":127,"column":47},"end":{"line":127,"column":48}},"loc":{"start":{"line":127,"column":60},"end":{"line":143,"column":9}},"line":127},"21":{"name":"(anonymous_21)","decl":{"start":{"line":145,"column":4},"end":{"line":145,"column":5}},"loc":{"start":{"line":145,"column":25},"end":{"line":171,"column":5}},"line":145},"22":{"name":"(anonymous_22)","decl":{"start":{"line":146,"column":47},"end":{"line":146,"column":48}},"loc":{"start":{"line":146,"column":60},"end":{"line":170,"column":9}},"line":146}},"branchMap":{"0":{"loc":{"start":{"line":2,"column":16},"end":{"line":10,"column":1}},"type":"binary-expr","locations":[{"start":{"line":2,"column":17},"end":{"line":2,"column":21}},{"start":{"line":2,"column":25},"end":{"line":2,"column":39}},{"start":{"line":2,"column":44},"end":{"line":10,"column":1}}],"line":2},"1":{"loc":{"start":{"line":3,"column":35},"end":{"line":3,"column":109}},"type":"cond-expr","locations":[{"start":{"line":3,"column":56},"end":{"line":3,"column":61}},{"start":{"line":3,"column":64},"end":{"line":3,"column":109}}],"line":3},"2":{"loc":{"start":{"line":4,"column":16},"end":{"line":4,"column":34}},"type":"binary-expr","locations":[{"start":{"line":4,"column":16},"end":{"line":4,"column":17}},{"start":{"line":4,"column":22},"end":{"line":4,"column":33}}],"line":4},"3":{"loc":{"start":{"line":7,"column":32},"end":{"line":7,"column":115}},"type":"cond-expr","locations":[{"start":{"line":7,"column":46},"end":{"line":7,"column":67}},{"start":{"line":7,"column":70},"end":{"line":7,"column":115}}],"line":7},"4":{"loc":{"start":{"line":8,"column":51},"end":{"line":8,"column":67}},"type":"binary-expr","locations":[{"start":{"line":8,"column":51},"end":{"line":8,"column":61}},{"start":{"line":8,"column":65},"end":{"line":8,"column":67}}],"line":8},"5":{"loc":{"start":{"line":11,"column":13},"end":{"line":21,"column":1}},"type":"binary-expr","locations":[{"start":{"line":11,"column":14},"end":{"line":11,"column":18}},{"start":{"line":11,"column":22},"end":{"line":11,"column":33}},{"start":{"line":11,"column":38},"end":{"line":21,"column":1}}],"line":11},"6":{"loc":{"start":{"line":13,"column":21},"end":{"line":14,"column":20}},"type":"if","locations":[{"start":{"line":13,"column":21},"end":{"line":14,"column":20}},{"start":{},"end":{}}],"line":13},"7":{"loc":{"start":{"line":13,"column":25},"end":{"line":13,"column":87}},"type":"binary-expr","locations":[{"start":{"line":13,"column":25},"end":{"line":13,"column":67}},{"start":{"line":13,"column":71},"end":{"line":13,"column":87}}],"line":13},"8":{"loc":{"start":{"line":15,"column":4},"end":{"line":19,"column":9}},"type":"if","locations":[{"start":{"line":15,"column":4},"end":{"line":19,"column":9}},{"start":{},"end":{}}],"line":15},"9":{"loc":{"start":{"line":15,"column":8},"end":{"line":15,"column":71}},"type":"binary-expr","locations":[{"start":{"line":15,"column":8},"end":{"line":15,"column":17}},{"start":{"line":15,"column":21},"end":{"line":15,"column":71}}],"line":15},"10":{"loc":{"start":{"line":17,"column":12},"end":{"line":18,"column":34}},"type":"if","locations":[{"start":{"line":17,"column":12},"end":{"line":18,"column":34}},{"start":{},"end":{}}],"line":17},"11":{"loc":{"start":{"line":17,"column":16},"end":{"line":17,"column":90}},"type":"binary-expr","locations":[{"start":{"line":17,"column":16},"end":{"line":17,"column":35}},{"start":{"line":17,"column":39},"end":{"line":17,"column":90}}],"line":17},"12":{"loc":{"start":{"line":22,"column":22},"end":{"line":24,"column":1}},"type":"binary-expr","locations":[{"start":{"line":22,"column":23},"end":{"line":22,"column":27}},{"start":{"line":22,"column":31},"end":{"line":22,"column":51}},{"start":{"line":22,"column":56},"end":{"line":24,"column":1}}],"line":22},"13":{"loc":{"start":{"line":23,"column":11},"end":{"line":23,"column":61}},"type":"cond-expr","locations":[{"start":{"line":23,"column":37},"end":{"line":23,"column":40}},{"start":{"line":23,"column":43},"end":{"line":23,"column":61}}],"line":23},"14":{"loc":{"start":{"line":23,"column":12},"end":{"line":23,"column":33}},"type":"binary-expr","locations":[{"start":{"line":23,"column":12},"end":{"line":23,"column":15}},{"start":{"line":23,"column":19},"end":{"line":23,"column":33}}],"line":23},"15":{"loc":{"start":{"line":32,"column":16},"end":{"line":34,"column":17}},"type":"if","locations":[{"start":{"line":32,"column":16},"end":{"line":34,"column":17}},{"start":{},"end":{}}],"line":32},"16":{"loc":{"start":{"line":32,"column":20},"end":{"line":32,"column":75}},"type":"binary-expr","locations":[{"start":{"line":32,"column":20},"end":{"line":32,"column":35}},{"start":{"line":32,"column":39},"end":{"line":32,"column":57}},{"start":{"line":32,"column":61},"end":{"line":32,"column":75}}],"line":32},"17":{"loc":{"start":{"line":45,"column":16},"end":{"line":47,"column":17}},"type":"if","locations":[{"start":{"line":45,"column":16},"end":{"line":47,"column":17}},{"start":{},"end":{}}],"line":45},"18":{"loc":{"start":{"line":65,"column":16},"end":{"line":67,"column":17}},"type":"if","locations":[{"start":{"line":65,"column":16},"end":{"line":67,"column":17}},{"start":{},"end":{}}],"line":65},"19":{"loc":{"start":{"line":84,"column":16},"end":{"line":86,"column":17}},"type":"if","locations":[{"start":{"line":84,"column":16},"end":{"line":86,"column":17}},{"start":{},"end":{}}],"line":84},"20":{"loc":{"start":{"line":94,"column":12},"end":{"line":96,"column":13}},"type":"if","locations":[{"start":{"line":94,"column":12},"end":{"line":96,"column":13}},{"start":{},"end":{}}],"line":94},"21":{"loc":{"start":{"line":99,"column":16},"end":{"line":101,"column":17}},"type":"if","locations":[{"start":{"line":99,"column":16},"end":{"line":101,"column":17}},{"start":{},"end":{}}],"line":99},"22":{"loc":{"start":{"line":105,"column":16},"end":{"line":107,"column":17}},"type":"if","locations":[{"start":{"line":105,"column":16},"end":{"line":107,"column":17}},{"start":{},"end":{}}],"line":105},"23":{"loc":{"start":{"line":119,"column":16},"end":{"line":121,"column":17}},"type":"if","locations":[{"start":{"line":119,"column":16},"end":{"line":121,"column":17}},{"start":{},"end":{}}],"line":119},"24":{"loc":{"start":{"line":129,"column":12},"end":{"line":132,"column":13}},"type":"if","locations":[{"start":{"line":129,"column":12},"end":{"line":132,"column":13}},{"start":{},"end":{}}],"line":129},"25":{"loc":{"start":{"line":138,"column":16},"end":{"line":140,"column":17}},"type":"if","locations":[{"start":{"line":138,"column":16},"end":{"line":140,"column":17}},{"start":{},"end":{}}],"line":138},"26":{"loc":{"start":{"line":148,"column":12},"end":{"line":151,"column":13}},"type":"if","locations":[{"start":{"line":148,"column":12},"end":{"line":151,"column":13}},{"start":{},"end":{}}],"line":148},"27":{"loc":{"start":{"line":154,"column":16},"end":{"line":157,"column":17}},"type":"if","locations":[{"start":{"line":154,"column":16},"end":{"line":157,"column":17}},{"start":{},"end":{}}],"line":154},"28":{"loc":{"start":{"line":158,"column":16},"end":{"line":160,"column":17}},"type":"if","locations":[{"start":{"line":158,"column":16},"end":{"line":160,"column":17}},{"start":{},"end":{}}],"line":158},"29":{"loc":{"start":{"line":164,"column":16},"end":{"line":167,"column":17}},"type":"if","locations":[{"start":{"line":164,"column":16},"end":{"line":167,"column":17}},{"start":{},"end":{}}],"line":164}},"s":{"0":1,"1":9,"2":0,"3":12,"4":4,"5":4,"6":0,"7":5,"8":5,"9":4,"10":17,"11":12,"12":1,"13":1,"14":1,"15":5,"16":4,"17":1,"18":1,"19":1,"20":1,"21":0,"22":0,"23":1,"24":1,"25":1,"26":1,"27":1,"28":1,"29":3,"30":3,"31":3,"32":2,"33":3,"34":1,"35":1,"36":1,"37":1,"38":2,"39":2,"40":0,"41":0,"42":0,"43":0,"44":0,"45":0,"46":0,"47":0,"48":0,"49":0,"50":0,"51":0,"52":0,"53":0,"54":0,"55":0,"56":0,"57":4,"58":4,"59":4,"60":2,"61":4,"62":4,"63":1,"64":0,"65":1,"66":3,"67":3,"68":1,"69":0,"70":0,"71":0,"72":0,"73":0,"74":0,"75":0,"76":1,"77":1,"78":1,"79":1,"80":1,"81":0,"82":0,"83":0,"84":0,"85":0,"86":0,"87":4,"88":4,"89":4,"90":2,"91":2,"92":2,"93":2,"94":2,"95":1,"96":1,"97":1,"98":1,"99":1,"100":0,"101":0,"102":0,"103":0,"104":1},"f":{"0":12,"1":9,"2":0,"3":12,"4":4,"5":5,"6":17,"7":1,"8":1,"9":3,"10":3,"11":0,"12":0,"13":0,"14":0,"15":4,"16":4,"17":0,"18":0,"19":1,"20":1,"21":4,"22":4},"b":{"0":[1,1,1],"1":[9,0],"2":[12,12],"3":[8,9],"4":[12,12],"5":[1,1,1],"6":[4,1],"7":[5,5],"8":[1,0],"9":[1,1],"10":[0,0],"11":[0,0],"12":[1,1,1],"13":[1,0],"14":[1,1],"15":[2,1],"16":[3,3,1],"17":[2,0],"18":[0,0],"19":[0,0],"20":[2,2],"21":[0,1],"22":[3,0],"23":[0,0],"24":[1,0],"25":[0,0],"26":[2,2],"27":[1,1],"28":[1,0],"29":[0,0]},"inputSourceMap":{"version":3,"file":"/Users/solomon/Desktop/Projects/Projects/home_workout_app/server/src/controllers/userController.ts","sources":["/Users/solomon/Desktop/Projects/Projects/home_workout_app/server/src/controllers/userController.ts"],"names":[],"mappings":";;;;;;;;;;;;;;;;;;;;;;;;;AACA,0EAAkD;AAClD,+BAAgD;AAEhD,MAAM,cAAc;IACL,UAAU,CAAC,GAAY,EAAE,GAAa;;YACjD,IAAI,CAAC;gBACH,IAAI,CAAC,GAAG,CAAC,IAAI,CAAC,KAAK,IAAI,CAAC,GAAG,CAAC,IAAI,CAAC,QAAQ,IAAI,CAAC,GAAG,CAAC,IAAI,CAAC,IAAI,EAAE,CAAC;oBAC5D,GAAG,CAAC,MAAM,CAAC,GAAG,CAAC,CAAC,IAAI,CAAC,EAAE,OAAO,EAAE,yBAAyB,EAAE,CAAC,CAAC;gBAC/D,CAAC;gBAED,MAAM,IAAI,GAAG,MAAM,qBAAW,CAAC,UAAU,CAAC,GAAG,CAAC,IAAI,CAAC,CAAC;gBAEpD,GAAG,CAAC,MAAM,CAAC,OAAO,EAAE,IAAI,CAAC,KAAK,EAAE;oBAC9B,QAAQ,EAAE,IAAI;oBACd,MAAM,EAAE,OAAO,CAAC,GAAG,CAAC,QAAQ,KAAK,YAAY;oBAC7C,QAAQ,EAAE,QAAQ;iBACnB,CAAC,CAAC;gBAEH,MAAM,EAAE,KAAK,KAAkB,IAAI,EAAjB,QAAQ,UAAK,IAAI,EAA7B,SAAsB,CAAO,CAAC;gBAEpC,GAAG,CAAC,MAAM,CAAC,GAAG,CAAC,CAAC,IAAI,CAAC,QAAQ,CAAC,CAAC;YACjC,CAAC;YAAC,OAAO,KAAU,EAAE,CAAC;gBACpB,IAAI,KAAK,YAAY,KAAK,EAAE,CAAC;oBAC3B,GAAG,CAAC,MAAM,CAAC,GAAG,CAAC,CAAC,IAAI,CAAC,EAAE,OAAO,EAAE,KAAK,CAAC,OAAO,EAAE,CAAC,CAAC;gBACnD,CAAC;gBACD,OAAO,CAAC,KAAK,CAAC,KAAK,CAAC,CAAC;YACvB,CAAC;QACH,CAAC;KAAA;IAEY,KAAK,CAAC,GAAY,EAAE,GAAa;;YAC5C,IAAI,CAAC;gBACH,MAAM,EAAE,KAAK,EAAE,QAAQ,EAAE,GAAG,GAAG,CAAC,IAAI,CAAC;gBAErC,MAAM,EAAE,EAAE,EAAE,IAAI,EAAE,IAAI,EAAE,KAAK,EAAE,GAAG,MAAM,qBAAW,CAAC,gBAAgB,CAClE,KAAK,EACL,QAAQ,CACT,CAAC;gBAEF,GAAG,CAAC,MAAM,CAAC,OAAO,EAAE,KAAK,EAAE;oBACzB,QAAQ,EAAE,IAAI;oBACd,MAAM,EAAE,OAAO,CAAC,GAAG,CAAC,QAAQ,KAAK,YAAY;oBAC7C,QAAQ,EAAE,QAAQ;iBACnB,CAAC,CAAC;gBAEH,GAAG,CAAC,MAAM,CAAC,GAAG,CAAC,CAAC,IAAI,CAAC,EAAE,EAAE,EAAE,IAAI,EAAE,IAAI,EAAE,CAAC,CAAC;YAC3C,CAAC;YAAC,OAAO,KAAU,EAAE,CAAC;gBACpB,IAAI,KAAK,YAAY,KAAK,EAAE,CAAC;oBAC3B,GAAG,CAAC,MAAM,CAAC,GAAG,CAAC,CAAC,IAAI,CAAC,EAAE,OAAO,EAAE,KAAK,CAAC,OAAO,EAAE,CAAC,CAAC;gBACnD,CAAC;gBACD,OAAO,CAAC,KAAK,CAAC,KAAK,CAAC,CAAC;YACvB,CAAC;QACH,CAAC;KAAA;IAEY,MAAM,CAAC,GAAY,EAAE,GAAa;;YAC7C,IAAI,CAAC;gBACH,GAAG,CAAC,MAAM,CAAC,OAAO,EAAE,EAAE,EAAE;oBACtB,QAAQ,
[...]
ACL,EAAE,EAAE,YAAY,CAAC,EAAE;wBACnB,IAAI,EAAE,YAAY,CAAC,IAAI;wBACvB,WAAW,EAAE,YAAY,CAAC,WAAW;wBACrC,QAAQ,EAAE,YAAY,CAAC,QAAQ;wBAC/B,IAAI,EAAE,YAAY,CAAC,IAAI;wBACvB,IAAI,EAAE,YAAY,CAAC,IAAI;wBACvB,KAAK,EAAE,YAAY,CAAC,KAAK;wBACzB,MAAM,EAAE,YAAY,CAAC,MAAM;wBAC3B,SAAS,EAAE,MAAA,YAAY,CAAC,SAAS,0CAAE,GAAG,CAAC,CAAC,IAAmB,EAAE,EAAE,CAAC,CAAC;4BAC/D,SAAS,EAAE,IAAI,CAAC,SAAS;4BACzB,WAAW,EAAE,IAAI,CAAC,WAAW;4BAC7B,kBAAkB,EAAE,IAAI,CAAC,kBAAkB;yBAC5C,CAAC,CAAC;wBACH,SAAS,EAAE,YAAY,CAAC,SAAS;wBACjC,SAAS,EAAE,YAAY,CAAC,SAAS;qBAClC,CAAC;gBACJ,CAAC,CAAC,CAAC;gBAEH,OAAO;oBACL,KAAK,EAAE,KAAK;oBACZ,IAAI;oBACJ,KAAK;oBACL,SAAS,EAAE,kBAAkB;iBAC9B,CAAC;YACJ,CAAC;YAAC,OAAO,KAAK,EAAE,CAAC;gBACf,OAAO,CAAC,KAAK,CAAC,kCAAkC,EAAE,KAAK,CAAC,CAAC;gBACzD,MAAM,IAAI,KAAK,CAAC,2BAA2B,CAAC,CAAC;YAC/C,CAAC;QACH,CAAC;KAAA;IAEK,oBAAoB;6DACxB,MAAc,EACd,OAAe,CAAC,EAChB,QAAgB,EAAE;YAElB,IAAI,CAAC;gBACH,MAAM,MAAM,GAAG,CAAC,IAAI,GAAG,CAAC,CAAC,GAAG,KAAK,CAAC;gBAElC,MAAM,EAAE,IAAI,EAAE,SAAS,EAAE,KAAK,EAAE,GAAG,MAAM,gBAAQ,CAAC,eAAe,CAAC;oBAChE,KAAK,EAAE,EAAE,MAAM,EAAE;oBACjB,OAAO,EAAE;wBACP;4BACE,KAAK,EAAE,YAAI;4BACX,EAAE,EAAE,MAAM;4BACV,UAAU,EAAE,CAAC,IAAI,EAAE,MAAM,CAAC;yBAC3B;qBACF;oBACD,KAAK,EAAE,CAAC,CAAC,WAAW,EAAE,MAAM,CAAC,CAAC;oBAC9B,KAAK;oBACL,MAAM;iBACP,CAAC,CAAC;gBAEH,MAAM,kBAAkB,GAAG,SAAS,CAAC,GAAG,CAAC,CAAC,QAAQ,EAAE,EAAE;;oBACpD,MAAM,YAAY,GAAG,QAAQ,CAAC,MAAM,EAAwB,CAAC;oBAE7D,MAAM,aAAa,GAAG,YAAY,CAAC,QAAQ;wBACzC,CAAC,CAAC,IAAA,8BAAoB,EAAC,YAAY,CAAC,QAAQ,CAAC;wBAC7C,CAAC,CAAC,IAAI,CAAC;oBAET,OAAO;wBACL,EAAE,EAAE,YAAY,CAAC,EAAE;wBACnB,IAAI,EAAE,YAAY,CAAC,IAAI;wBACvB,WAAW,EAAE,YAAY,CAAC,WAAW;wBACrC,QAAQ,EAAE,aAAa;wBACvB,IAAI,EAAE,YAAY,CAAC,IAAI;wBACvB,IAAI,EAAE,YAAY,CAAC,IAAI;wBACvB,KAAK,EAAE,YAAY,CAAC,KAAK;wBACzB,MAAM,EAAE,YAAY,CAAC,MAAM;wBAC3B,SAAS,EAAE,MAAA,YAAY,CAAC,SAAS,0CAAE,GAAG,CAAC,CAAC,OAAO,EAAE,EAAE,CAAC,CAAC;4BACnD,SAAS,EAAE,OAAO,CAAC,SAAS;4BAC5B,WAAW,EAAE,OAAO,CAAC,WAAW;4BAChC,kBAAkB,EAAE,OAAO,CAAC,kBAAkB;yBAC/C,CAAC,CAAC;wBACH,SAAS,EAAE,YAAY,CAAC,SAAS;wBACjC,SAAS,EAAE,YAAY,CAAC,SAAS;qBAClC,CAAC;gBACJ,CAAC,CAAC,CAAC;gBAEH,OAAO;oBACL,KAAK,EAAE,KAAK;oBACZ,IAAI;oBACJ,KAAK;oBACL,SAAS,EAAE,kBAAkB;iBAC9B,CAAC;YACJ,CAAC;YAAC,OAAO,KAAK,EAAE,CAAC;gBACf,OAAO,CAAC,KAAK,CAAC,yCAAyC,EAAE,KAAK,CAAC,CAAC;gBAChE,MAAM,IAAI,KAAK,CAAC,2BAA2B,CAAC,CAAC;YAC/C,CAAC;QACH,CAAC;KAAA;IAEK,eAAe,CAAC,EAAU;;YAC9B,OAAO,CAAC,GAAG,CAAC,8CAA8C,EAAE,EAAE,CAAC,CAAC;YAEhE,IAAI,CAAC;gBACH,IAAI,CAAC,IAAA,eAAW,EAAC,EAAE,CAAC,EAAE,CAAC;oBACrB,MAAM,IAAI,KAAK,CAAC,qBAAqB,CAAC,CAAC;gBACzC,CAAC;gBAED,MAAM,QAAQ,GAAG,MAAM,gBAAQ,CAAC,QAAQ,CAAC,EAAE,CAAC,CAAC;gBAE7C,IAAI,CAAC,QAAQ,EAAE,CAAC;oBACd,MAAM,IAAI,KAAK,CAAC,oBAAoB,CAAC,CAAC;gBACxC,CAAC;gBAED,OAAO,QAAQ,CAAC;YAClB,CAAC;YAAC,OAAO,KAAK,EAAE,CAAC;gBACf,OAAO,CAAC,KAAK,CAAC,mCAAmC,EAAE,KAAK,CAAC,CAAC;gBAC1D,MAAM,KAAK,CAAC;YACd,CAAC;QACH,CAAC;KAAA;IAEK,cAAc,CAAC,EAAU,EAAE,IAAS;;YACxC,IAAI,CAAC;gBACH,IAAI,CAAC,IAAA,eAAW,EAAC,EAAE,CAAC,EAAE,CAAC;oBACrB,MAAM,IAAI,KAAK,CAAC,qBAAqB,CAAC,CAAC;gBACzC,CAAC;gBACD,MAAM,QAAQ,GAAG,MAAM,gBAAQ,CAAC,QAAQ,CAAC,EAAE,CAAC,CAAC;gBAC7C,IAAI,CAAC,QAAQ,EAAE,CAAC;oBACd,MAAM,IAAI,KAAK,CAAC,oBAAoB,CAAC,CAAC;gBACxC,CAAC;gBACD,MAAM,eAAe,GAAG,MAAM,QAAQ,CAAC,MAAM,CAAC,IAAI,CAAC,CAAC;gBACpD,OAAO,eAAe,CAAC;YACzB,CAAC;YAAC,OAAO,KAAK,EAAE,CAAC;gBACf,OAAO,CAAC,KAAK,CAAC,gCAAgC,EAAE,KAAK,CAAC,CAAC;gBACvD,MAAM,KAAK,CAAC;YACd,CAAC;QACH,CAAC;KAAA;IAEK,cAAc,CAAC,EAAU;;YAC7B,IAAI,CAAC;gBACH,IAAI,CAAC,IAAA,eAAW,EAAC,EAAE,CAAC,EAAE,CAAC;oBACrB,MAAM,IAAI,KAAK,CAAC,qBAAqB,CAAC,CAAC;gBACzC,CAAC;gBAED,MAAM,QAAQ,GAAG,MAAM,gBAAQ,CAAC,QAAQ,CAAC,EAAE,CAAC,CAAC;gBAE7C,IAAI,CAAC,QAAQ,EAAE,CAAC;oBACd,MAAM,IAAI,KAAK,CAAC,oBAAoB,CAAC,CAAC;gBACxC,CAAC;gBAED,MAAM,eAAe,GAAG,MAAM,yBAAiB,CAAC,OAAO,CAAC;oBACtD,KAAK,EAAE,EAAE,UAAU,EAAE,EAAE,EAAE;iBAC1B,CAAC,CAAC;gBAEH,MAAM,QAAQ,CAAC,OAAO,EAAE,CAAC;gBAEzB,MAAM,CAAC,GAAG,MAAM,yBAAiB,CAAC,OAAO,CAAC;oBACxC,KAAK,EAAE,EAAE,UAAU,EAAE,EAAE,EAAE;iBAC1B,CAAC,CAAC;gBAEH,OAAO,QAAQ,CAAC;YAClB,CAAC;YAAC,OAAO,KAAK,EAAE,CAAC;gBACf,OAAO,CAAC,KAAK,CAAC,gCAAgC,EAAE,KAAK,CAAC,CAAC;gBACvD,MAAM,KAAK,CAAC;YACd,CAAC;QACH,CAAC;KAAA;CACF;AAED,kBAAe,IAAI,eAAe,EAAE,CAAC","sourcesContent":["import { validate as isValidUUID } from \"uuid\";\nimport { Exercise, User, Workout, Workout_exercises } from \"../models/index\";\nimport { ExerciseAttributes } from \"../types/models\";\nimport { v4 as uuidv4 } from \"uuid\";\nimport formatMinutesToHours from \"../utils/formatMinutesToHours\";\nimport { Op } from \"sequelize\";\nimport { CreatedByType } from \"../types/services\";\n\nclass ExerciseService {\n  async isExerciseExist(data: {\n    exerciseId: string;\n    userId: string;\n  }): Promise<boolean> {\n    try {\n      const { exerciseId, userId } = data;\n\n      const exercise = await Exercise.findByPk(exerciseId);\n\n      if (!exercise) {\n        throw new Error(\"Exercise not found\");\n      }\n\n      const originalExerciseId =\n        exercise.createdBy?.[0]?.originalExerciseId || exerciseId;\n\n      const userHasExercise = await Exercise.findOne({\n        where: {\n          userId,\n          createdBy: {\n            [Op.contains]: [{ originalExerciseId }],\n          },\n        },\n      });\n\n      if (!userHasExercise) {\n        return false;\n      }\n      return true;\n    } catch (error) {\n      console.error(\"Check Exercise Existence Error:\", error);\n      throw error;\n    }\n  }\n\n  async addExercise(data: { exerciseId: string; userId: string }) {\n    try {\n      const { exerciseId, userId } = data;\n\n      const exercise = await Exercise.findByPk(exerciseId);\n\n      if (!exercise) {\n        throw new Error(\"Exercise not found\");\n      }\n\n      const originalExerciseId =\n        exercise.createdBy?.[0]?.originalExerciseId || exerciseId;\n\n      const userHasExercise = await Exercise.findOne({\n        where: {\n          userId,\n          [Op.or]: [\n            {\n              createdBy: {\n                [Op.contains]: [{ originalExerciseId }],\n              },\n            },\n          ],\n        },\n      });\n\n      if (userHasExercise) {\n        throw new Error(\"Exercise already added for this user\");\n      }\n\n      const newExercise = await Exercise.create({\n        ...exercise.toJSON(),\n        id: uuidv4(),\n        userId,\n        createdBy: [\n          {\n            creatorName: exercise.createdBy?.[0]?.creatorName,\n            creatorId: exercise.createdBy?.[0]?.creatorId,\n            originalExerciseId,\n          },\n        ],\n      });\n\n      if (!newExercise) {\n        throw new Error(\"Failed to create exercise\");\n      }\n\n      return newExercise;\n    } catch (error: any) {\n      console.error(\"Add Exercise to Workout Service Error:\", error);\n      throw new Error(error.message);\n    }\n  }\n\n  async isExerciseInWorkout(data: {\n    exerciseId: string;\n    userId: string;\n  }): Promise<\n    | {\n        id: string;\n        name: string;\n      }[]\n    | false\n  > {\n    try {\n      const { exerciseId, userId } = data;\n\n      const exercise = await Exercise.findByPk(exerciseId);\n\n      if (!exercise) {\n        throw new Error(\"Exercise not found\");\n      }\n\n      const workouts = await Workout.findAll({\n        where: {\n          userId,\n        },\n        include: [\n          {\n            model: Exercise,\n            as: \"exercises\",\n            through: { attributes: [] },\n            attributes: [\"id\", \"name\"],\n          },\n        ],\n      });\n\n      if (!workouts) {\n        throw new Error(\"Workouts not found\");\n      }\n\n      const excludedWorkouts = workouts\n        .filter(\n          (workout) =>\n            !workout.exercises?.some((ex: Exercise) => ex.id === exerciseId)\n        )\n        .map((workout) => {\n          return {\n            id: workout.id,\n            name: workout.name,\n          };\n        });\n\n      if (!excludedWorkouts[0]) {\n        return false;\n      }\n\n      return excludedWorkouts;\n    } catch (error: any) {\n      console.error(\"Check Exercise Existence Error:\", error);\n      if (error.message === \"Exercise not found\") {\n        throw new Error(\"Exercise not found\");\n      }\n      throw new Error(\"Failed to check exercise existence\");\n    }\n  }\n\n  async addExerciseToWorkout(data: { exerciseId: string; workoutId: string }) {\n    const { exerciseId, workoutId } = data;\n\n    try {\n      const exercise = await Exercise.findByPk(exerciseId);\n\n      if (!exercise) {\n        throw new Error(\"Exercise not found\");\n      }\n\n      const workout = await Workout.findByPk(workoutId);\n\n      if (!workout) {\n        throw new Error(\"Workout not found\");\n      }\n\n      const existingEntry = await Workout_exercises.findOne({\n        where: {\n          exerciseId,\n          workoutId,\n        },\n      });\n\n      if (existingEntry) {\n        throw new Error(\"Exercise already added to this workout\");\n      }\n\n      const addExercise = await Workout_exercises.create({\n        workoutId,\n        exerciseId: exercise.id,\n      });\n\n      return addExercise;\n    } catch (error: any) {\n      console.error(\"Add Exercise to Workout Service Error:\", error);\n      throw new Error(error.message);\n    }\n  }\n\n  async createExercise(exercise: ExerciseAttributes) {\n    try {\n      if (!exercise.name || !exercise.description) {\n        throw new Error(\"All fields are required\");\n      }\n\n      const id = uuidv4();\n\n      if (!isValidUUID(id)) {\n        throw new Error(\"Invalid UUID format\");\n      }\n\n      const getYoutubeEmbedUrl = (url: string | undefined) => {\n        if (!url) return null;\n        const regExp =\n          /^.*(youtu.be\\/|v\\/|u\\/\\w\\/|embed\\/|watch\\?v=|\\&v=)([^#\\&\\?]*).*/;\n        const match = url.match(regExp);\n        return match && match[2].length === 11\n          ? `https://www.youtube.com/embed/${match[2]}`\n          : null;\n      };\n\n      if (exercise.media && !getYoutubeEmbedUrl(exercise.media)) {\n        throw new Error(\"Invalid YouTube URL\");\n      }\n\n      const newExercise = await Exercise.create({\n        ...exercise,\n        media: getYoutubeEmbedUrl(exercise.media as string) as string,\n        id,\n        createdBy: [\n          {\n            creatorName: exercise.createdBy?.[0].creatorName as string,\n            creatorId: exercise.userId,\n            originalExerciseId: id,\n          },\n        ],\n      });\n\n      if (!newExercise) {\n        throw new Error(\"Failed to create exercise\");\n      }\n\n      if (exercise.workoutId) {\n        await Workout_exercises.create({\n          workoutId: exercise.workoutId,\n          exerciseId: newExercise.id,\n        });\n      }\n\n      return newExercise;\n    } catch (error: any) {\n      console.error(\"Create Exercise Service Error:\", error);\n      if (error.parent && error.parent.code === \"22P02\") {\n        throw new Error(\"Invalid UUID format\");\n      }\n      throw new Error(error.message as string);\n    }\n  }\n\n  async getAllExercises(page: number = 1, limit: number = 10) {\n    try {\n      const offset = (page - 1) * limit;\n\n      const { rows: exercises, count } = await Exercise.findAndCountAll({\n        limit,\n        offset,\n        order: [[\"createdAt\", \"DESC\"]],\n      });\n\n      const exerciseMap = new Map<string, boolean>();\n      const uniqueExercises: Exercise[] = [];\n\n      exercises.forEach((exercise: Exercise) => {\n        const exerciseJSON = exercise.toJSON() as ExerciseAttributes;\n        const key =\n          exerciseJSON.createdBy?.[0].originalExerciseId || exerciseJSON.id;\n\n        if (!exerciseMap.has(key)) {\n          exerciseMap.set(key, true);\n          uniqueExercises.push(exercise);\n        }\n      });\n\n      const formattedExercises = uniqueExercises.map((exercise: Exercise) => {\n        const exerciseJSON = exercise.toJSON() as ExerciseAttributes;\n        return {\n          id: exerciseJSON.id,\n          name: exerciseJSON.name,\n          description: exerciseJSON.description,\n          duration: exerciseJSON.duration,\n          sets: exerciseJSON.sets,\n          reps: exerciseJSON.reps,\n          media: exerciseJSON.media,\n          userId: exerciseJSON.userId,\n          createdBy: exerciseJSON.createdBy?.map((user: CreatedByType) => ({\n            creatorId: user.creatorId,\n            creatorName: user.creatorName,\n            originalExerciseId: user.originalExerciseId,\n          })),\n          createdAt: exerciseJSON.createdAt,\n          updatedAt: exerciseJSON.updatedAt,\n        };\n      });\n\n      return {\n        total: count,\n        page,\n        limit,\n        exercises: formattedExercises,\n      };\n    } catch (error) {\n      console.error(\"Get All Exercises Service Error:\", error);\n      throw new Error(\"Failed to fetch exercises\");\n    }\n  }\n\n  async getExercisesByUserId(\n    userId: string,\n    page: number = 1,\n    limit: number = 10\n  ) {\n    try {\n      const offset = (page - 1) * limit;\n\n      const { rows: exercises, count } = await Exercise.findAndCountAll({\n        where: { userId },\n        include: [\n          {\n            model: User,\n            as: \"user\",\n            attributes: [\"id\", \"name\"],\n          },\n        ],\n        order: [[\"createdAt\", \"DESC\"]],\n        limit,\n        offset,\n      });\n\n      const formattedExercises = exercises.map((exercise) => {\n        const exerciseJSON = exercise.toJSON() as ExerciseAttributes;\n\n        const formattedTime = exerciseJSON.duration\n          ? formatMinutesToHours(exerciseJSON.duration)\n          : null;\n\n        return {\n          id: exerciseJSON.id,\n          name: exerciseJSON.name,\n          description: exerciseJSON.description,\n          duration: formattedTime,\n          sets: exerciseJSON.sets,\n          reps: exerciseJSON.reps,\n          media: exerciseJSON.media,\n          userId: exerciseJSON.userId,\n          createdBy: exerciseJSON.createdBy?.map((creator) => ({\n            creatorId: creator.creatorId,\n            creatorName: creator.creatorName,\n            originalExerciseId: creator.originalExerciseId,\n          })),\n          createdAt: exerciseJSON.createdAt,\n          updatedAt: exerciseJSON.updatedAt,\n        };\n      });\n\n      return {\n        total: count,\n        page,\n        limit,\n        exercises: formattedExercises,\n      };\n    } catch (error) {\n      console.error(\"Get Exercises By User ID Service Error:\", error);\n      throw new Error(\"Failed to fetch exercises\");\n    }\n  }\n\n  async getExerciseById(id: string) {\n    console.log(\"🚀 ~ ExerciseService ~ getExerciseById ~ id:\", id);\n\n    try {\n      if (!isValidUUID(id)) {\n        throw new Error(\"Invalid UUID format\");\n      }\n\n      const exercise = await Exercise.findByPk(id);\n\n      if (!exercise) {\n        throw new Error(\"Exercise not found\");\n      }\n\n      return exercise;\n    } catch (error) {\n      console.error(\"Get Exercise By ID Service Error:\", error);\n      throw error;\n    }\n  }\n\n  async updateExercise(id: string, data: any) {\n    try {\n      if (!isValidUUID(id)) {\n        throw new Error(\"Invalid UUID format\");\n      }\n      const exercise = await Exercise.findByPk(id);\n      if (!exercise) {\n        throw new Error(\"Exercise not found\");\n      }\n      const updatedExercise = await exercise.update(data);\n      return updatedExercise;\n    } catch (error) {\n      console.error(\"Update Exercise Service Error:\", error);\n      throw error;\n    }\n  }\n\n  async deleteExercise(id: string) {\n    try {\n      if (!isValidUUID(id)) {\n        throw new Error(\"Invalid UUID format\");\n      }\n\n      const exercise = await Exercise.findByPk(id);\n\n      if (!exercise) {\n        throw new Error(\"Exercise not found\");\n      }\n\n      const WorkoutExercise = await Workout_exercises.destroy({\n        where: { exerciseId: id },\n      });\n\n      await exercise.destroy();\n\n      const a = await Workout_exercises.findAll({\n        where: { exerciseId: id },\n      });\n\n      return exercise;\n    } catch (error) {\n      console.error(\"Delete Exercise Service Error:\", error);\n      throw error;\n    }\n  }\n}\n\nexport default new ExerciseService();\n"]},"_coverageSchema":"1a1c01bbd47fc00a2c39e90264f33305004495a9","hash":"24b45fbe0839ee40855c741f8bbb04e637a69b4a"},"/Users/solomon/Desktop/Projects/Projects/home_workout_app/server/src/routes/testRoutes.ts":{"path":"/Users/solomon/Desktop/Projects/Projects/home_workout_app/server/src/routes/testRoutes.ts","statementMap":{"0":{"start":{"line":2,"column":22},"end":{"line":4,"column":1}},"1":{"start":{"line":3,"column":4},"end":{"line":3,"column":62}},"2":{"start":{"line":5,"column":0},"end":{"line":5,"column":62}},"3":{"start":{"line":6,"column":18},"end":{"line":6,"column":36}},"4":{"start":{"line":7,"column":25},"end":{"line":7,"column":81}},"5":{"start":{"line":8,"column":15},"end":{"line":8,"column":38}},"6":{"start":{"line":9,"column":0},"end":{"line":11,"column":3}},"7":{"start":{"line":10,"column":4},"end":{"line":10,"column":56}},"8":{"start":{"line":12,"column":0},"end":{"line":14,"column":3}},"9":{"start":{"line":13,"column":4},"end":{"line":13,"column":34}},"10":{"start":{"line":15,"column":0},"end":{"line":15,"column":25}}},"fnMap":{"0":{"name":"(anonymous_0)","decl":{"start":{"line":2,"column":56},"end":{"line":2,"column":57}},"loc":{"start":{"line":2,"column":71},"end":{"line":4,"column":1}},"line":2},"1":{"name":"(anonymous_1)","decl":{"start":{"line":9,"column":51},"end":{"line":9,"column":52}},"loc":{"start":{"line":9,"column":65},"end":{"line":11,"column":1}},"line":9},"2":{"name":"(anonymous_2)","decl":{"start":{"line":12,"column":21},"end":{"line":12,"column":22}},"loc":{"start":{"line":12,"column":35},"end":{"line":14,"column":1}},"line":12}},"branchMap":{"0":{"loc":{"start":{"line":2,"column":22},"end":{"line":4,"column":1}},"type":"binary-expr","locations":[{"start":{"line":2,"column":23},"end":{"line":2,"column":27}},{"start":{"line":2,"column":31},"end":{"line":2,"column":51}},{"start":{"line":2,"column":56},"end":{"line":4,"column":1}}],"line":2},"1":{"loc":{"start":{"line":3,"column":11},"end":{"line":3,"column":61}},"type":"cond-expr","locations":[{"start":{"line":3,"column":37},"end":{"line":3,"column":40}},{"start":{"line":3,"column":43},"end":{"line":3,"column":61}}],"line":3},"2":{"loc":{"start":{"line":3,"column":12},"end":{"line":3,"column":33}},"type":"binary-expr","locations":[{"start":{"line":3,"column":12},"end":{"line":3,"column":15}},{"start":{"line":3,"column":19},"end":{"line":3,"column":33}}],"line":3}},"s":{"0":1,"1":1,"2":1,"3":1,"4":1,"5":1,"6":1,"7":1,"8":1,"9":1,"10":1},"f":{"0":1,"1":1,"2":1},"b":{"0":[1,1,1],"1":[1,0],"2":[1,1]},"inputSourceMap":{"version":3,"file":"/Users/solomon/Desktop/Projects/Projects/home_workout_app/server/src/routes/testRoutes.ts","sources":["/Users/solomon/Desktop/Projects/Projects/home_workout_app/server/src/routes/testRoutes.ts"],"names":[],"mappings":";;;;;AAAA,qCAAiC;AACjC,kFAA0D;AAE1D,MAAM,MAAM,GAAG,IAAA,gBAAM,GAAE,CAAC;AAExB,MAAM,CAAC,GAAG,CAAC,YAAY,EAAE,wBAAc,EAAE,CAAC,GAAG,EAAE,GAAG,EAAE,EAAE;IACpD,GAAG,CAAC,MAAM,CAAC,GAAG,CAAC,CAAC,IAAI,CAAC,EAAE,OAAO,EAAE,gBAAgB,EAAE,CAAC,CAAC;AACtD,CAAC,CAAC,CAAC;AAEH,MAAM,CAAC,GAAG,CAAC,QAAQ,EAAE,CAAC,GAAG,EAAE,GAAG,EAAE,EAAE;IAChC,MAAM,IAAI,KAAK,CAAC,YAAY,CAAC,CAAC;AAChC,CAAC,CAAC,CAAC;AAEH,kBAAe,MAAM,CAAC","sourcesContent":["import { Router } from \"express\";\nimport authMiddleware from \"../middleware/authMiddleware\";\n\nconst router = Router();\n\nrouter.get(\"/protected\", authMiddleware, (req, res) => {\n  res.status(200).json({ message: \"Access granted\" });\n});\n\nrouter.get(\"/error\", (req, res) => {\n  throw new Error(\"Test error\");\n});\n\nexport default router;\n"]},"_coverageSchema":"1a1c01bbd47fc00a2c39e90264f33305004495a9","hash":"56cbcee9233899c067a61f72aa184ae638500bd0"}}